    OpenRGB v0.91
    Commit:  from 
    Launched: 20250122_125917
====================================================================================================

1011  |Info:    Initializing HID interfaces: Success
1011  |Info:    ------------------------------------------------------
1011  |Info:    |               Start device detection               |
1011  |Info:    ------------------------------------------------------
1018  |Info:    ------------------------------------------------------
1018  |Info:    |             Detecting I2C interfaces               |
1018  |Info:    ------------------------------------------------------
1019  |Info:    Registering I2C interface: /dev/i2c-3 Device 1002:73DF Subsystem: 1EAE:6710
1019  |Info:    Registering I2C interface: /dev/i2c-1 Device 1002:73DF Subsystem: 1EAE:6710
1019  |Warning: [i2c_smbus_linux] Failed to read i2c device PCI device ID
1019  |Info:    Registering I2C interface: /dev/i2c-8 Device 0000:0000 Subsystem: 0000:0000
1020  |Warning: [i2c_smbus_linux] Failed to read i2c device PCI device ID
1020  |Info:    Registering I2C interface: /dev/i2c-6 Device 0000:0000 Subsystem: 0000:0000
1020  |Info:    Registering I2C interface: /dev/i2c-4 Device 1002:73DF Subsystem: 1EAE:6710
1020  |Info:    Registering I2C interface: /dev/i2c-2 Device 1002:73DF Subsystem: 1EAE:6710
1020  |Info:    Registering I2C interface: /dev/i2c-0 Device 1002:73DF Subsystem: 1EAE:6710
1020  |Warning: [i2c_smbus_linux] Failed to read i2c device PCI device ID
1020  |Info:    Registering I2C interface: /dev/i2c-7 Device 0000:0000 Subsystem: 0000:0000
1020  |Info:    Registering I2C interface: /dev/i2c-5 Device 1002:73DF Subsystem: 1EAE:6710
1020  |Info:    ------------------------------------------------------
1020  |Info:    |               Detecting I2C devices                |
1020  |Info:    ------------------------------------------------------
1060  |Info:    ------------------------------------------------------
1060  |Info:    |               Detecting I2C PCI devices            |
1060  |Info:    ------------------------------------------------------
1061  |Info:    ------------------------------------------------------
1061  |Info:    |               Detecting HID devices                |
1061  |Info:    ------------------------------------------------------
1232  |Info:    [B550 GAMING X V2] Registering RGB controller
2293  |Info:    [Corsair Harpoon RGB PRO] Registering RGB controller
2293  |Info:    ------------------------------------------------------
2293  |Info:    |            Detecting libusb HID devices            |
2293  |Info:    ------------------------------------------------------
2293  |Info:    ------------------------------------------------------
2293  |Info:    |              Detecting other devices               |
2293  |Info:    ------------------------------------------------------
2333  |Info:    ------------------------------------------------------
2333  |Info:    |                Detection completed                 |
2333  |Info:    ------------------------------------------------------
