    OpenRGB v0.9
    Commit:  from 
    Launched: 20241006_200648
====================================================================================================

5     |Info:    Found file: white.orp attempting to validate header
5     |Info:    Valid v4 profile found for white
1022  |Info:    ------------------------------------------------------
1022  |Info:    |               Start device detection               |
1022  |Info:    ------------------------------------------------------
1022  |Info:    Initializing HID interfaces: Success
1027  |Info:    ------------------------------------------------------
1027  |Info:    |             Detecting I2C interfaces               |
1027  |Info:    ------------------------------------------------------
1027  |Info:    Registering I2C interface: /dev/i2c-3 Device 1002:73DF Subsystem: 1EAE:6710
1027  |Info:    Registering I2C interface: /dev/i2c-1 Device 1002:73DF Subsystem: 1EAE:6710
1027  |Warning: [i2c_smbus_linux] Failed to read i2c device PCI device ID
1027  |Info:    Registering I2C interface: /dev/i2c-8 Device 0000:0000 Subsystem: 0000:0000
1027  |Warning: [i2c_smbus_linux] Failed to read i2c device PCI device ID
1027  |Info:    Registering I2C interface: /dev/i2c-6 Device 0000:0000 Subsystem: 0000:0000
1027  |Info:    Registering I2C interface: /dev/i2c-4 Device 1002:73DF Subsystem: 1EAE:6710
1027  |Info:    Registering I2C interface: /dev/i2c-2 Device 1002:73DF Subsystem: 1EAE:6710
1027  |Info:    Registering I2C interface: /dev/i2c-0 Device 1002:73DF Subsystem: 1EAE:6710
1027  |Warning: [i2c_smbus_linux] Failed to read i2c device PCI device ID
1027  |Info:    Registering I2C interface: /dev/i2c-7 Device 0000:0000 Subsystem: 0000:0000
1027  |Info:    Registering I2C interface: /dev/i2c-5 Device 1002:73DF Subsystem: 1EAE:6710
1027  |Info:    ------------------------------------------------------
1027  |Info:    |               Detecting I2C devices                |
1027  |Info:    ------------------------------------------------------
1067  |Info:    ------------------------------------------------------
1067  |Info:    |               Detecting I2C PCI devices            |
1067  |Info:    ------------------------------------------------------
1067  |Info:    ------------------------------------------------------
1067  |Info:    |               Detecting HID devices                |
1067  |Info:    ------------------------------------------------------
1242  |Info:    [B550 GAMING X V2] Registering RGB controller
1269  |Info:    [Glorious Model O / O-] Registering RGB controller
1269  |Info:    ------------------------------------------------------
1269  |Info:    |            Detecting libusb HID devices            |
1269  |Info:    ------------------------------------------------------
1269  |Info:    ------------------------------------------------------
1269  |Info:    |              Detecting other devices               |
1269  |Info:    ------------------------------------------------------
1279  |Info:    ------------------------------------------------------
1279  |Info:    |                Detection completed                 |
1279  |Info:    ------------------------------------------------------
1279  |Info:    Profile loading: Succeeded for B550 GAMING X V2 @ HID: /dev/hidraw1
1279  |Info:    Profile loading: Succeeded for Glorious Model O / O- @ HID: /dev/hidraw6
