    OpenRGB v0.9
    Commit:  from 
    Launched: 20240917_184123
====================================================================================================

0     |Info:    Found file: white.orp attempting to validate header
1     |Info:    Valid v4 profile found for white
1011  |Info:    ------------------------------------------------------
1011  |Info:    |               Start device detection               |
1011  |Info:    ------------------------------------------------------
1011  |Info:    Initializing HID interfaces: Success
1016  |Info:    ------------------------------------------------------
1016  |Info:    |             Detecting I2C interfaces               |
1016  |Info:    ------------------------------------------------------
1016  |Info:    Registering I2C interface: /dev/i2c-3 Device 1002:73DF Subsystem: 1EAE:6710
1017  |Info:    Registering I2C interface: /dev/i2c-1 Device 1002:73DF Subsystem: 1EAE:6710
1017  |Warning: [i2c_smbus_linux] Failed to read i2c device PCI device ID
1017  |Info:    Registering I2C interface: /dev/i2c-8 Device 0000:0000 Subsystem: 0000:0000
1017  |Warning: [i2c_smbus_linux] Failed to read i2c device PCI device ID
1017  |Info:    Registering I2C interface: /dev/i2c-6 Device 0000:0000 Subsystem: 0000:0000
1017  |Info:    Registering I2C interface: /dev/i2c-4 Device 1002:73DF Subsystem: 1EAE:6710
1017  |Info:    Registering I2C interface: /dev/i2c-2 Device 1002:73DF Subsystem: 1EAE:6710
1017  |Info:    Registering I2C interface: /dev/i2c-0 Device 1002:73DF Subsystem: 1EAE:6710
1017  |Warning: [i2c_smbus_linux] Failed to read i2c device PCI device ID
1017  |Info:    Registering I2C interface: /dev/i2c-7 Device 0000:0000 Subsystem: 0000:0000
1017  |Info:    Registering I2C interface: /dev/i2c-5 Device 1002:73DF Subsystem: 1EAE:6710
1017  |Info:    ------------------------------------------------------
1017  |Info:    |               Detecting I2C devices                |
1017  |Info:    ------------------------------------------------------
1058  |Info:    ------------------------------------------------------
1058  |Info:    |               Detecting I2C PCI devices            |
1058  |Info:    ------------------------------------------------------
1058  |Info:    ------------------------------------------------------
1058  |Info:    |               Detecting HID devices                |
1058  |Info:    ------------------------------------------------------
1242  |Info:    [B550 GAMING X V2] Registering RGB controller
1253  |Info:    [Glorious Model O / O-] Registering RGB controller
1253  |Info:    ------------------------------------------------------
1253  |Info:    |            Detecting libusb HID devices            |
1253  |Info:    ------------------------------------------------------
1253  |Info:    ------------------------------------------------------
1253  |Info:    |              Detecting other devices               |
1253  |Info:    ------------------------------------------------------
1269  |Info:    ------------------------------------------------------
1269  |Info:    |                Detection completed                 |
1269  |Info:    ------------------------------------------------------
1269  |Info:    Profile loading: Succeeded for B550 GAMING X V2 @ HID: /dev/hidraw2
1269  |Info:    Profile loading: Succeeded for Glorious Model O / O- @ HID: /dev/hidraw1
