    OpenRGB v0.91
    Commit:  from 
    Launched: 20241105_144337
====================================================================================================

1010  |Info:    Initializing HID interfaces: Success
1010  |Info:    ------------------------------------------------------
1010  |Info:    |               Start device detection               |
1010  |Info:    ------------------------------------------------------
1017  |Info:    ------------------------------------------------------
1017  |Info:    |             Detecting I2C interfaces               |
1017  |Info:    ------------------------------------------------------
1017  |Info:    Registering I2C interface: /dev/i2c-3 Device 1002:73DF Subsystem: 1EAE:6710
1017  |Info:    Registering I2C interface: /dev/i2c-1 Device 1002:73DF Subsystem: 1EAE:6710
1017  |Warning: [i2c_smbus_linux] Failed to read i2c device PCI device ID
1017  |Info:    Registering I2C interface: /dev/i2c-8 Device 0000:0000 Subsystem: 0000:0000
1017  |Warning: [i2c_smbus_linux] Failed to read i2c device PCI device ID
1017  |Info:    Registering I2C interface: /dev/i2c-6 Device 0000:0000 Subsystem: 0000:0000
1017  |Info:    Registering I2C interface: /dev/i2c-4 Device 1002:73DF Subsystem: 1EAE:6710
1017  |Info:    Registering I2C interface: /dev/i2c-2 Device 1002:73DF Subsystem: 1EAE:6710
1017  |Info:    Registering I2C interface: /dev/i2c-0 Device 1002:73DF Subsystem: 1EAE:6710
1017  |Warning: [i2c_smbus_linux] Failed to read i2c device PCI device ID
1017  |Info:    Registering I2C interface: /dev/i2c-7 Device 0000:0000 Subsystem: 0000:0000
1018  |Info:    Registering I2C interface: /dev/i2c-5 Device 1002:73DF Subsystem: 1EAE:6710
1018  |Info:    ------------------------------------------------------
1018  |Info:    |               Detecting I2C devices                |
1018  |Info:    ------------------------------------------------------
1057  |Info:    ------------------------------------------------------
1057  |Info:    |               Detecting I2C PCI devices            |
1057  |Info:    ------------------------------------------------------
1058  |Info:    ------------------------------------------------------
1058  |Info:    |               Detecting HID devices                |
1058  |Info:    ------------------------------------------------------
1230  |Info:    [B550 GAMING X V2] Registering RGB controller
1257  |Info:    [Glorious Model O / O-] Registering RGB controller
1257  |Info:    ------------------------------------------------------
1257  |Info:    |            Detecting libusb HID devices            |
1257  |Info:    ------------------------------------------------------
1257  |Info:    ------------------------------------------------------
1257  |Info:    |              Detecting other devices               |
1257  |Info:    ------------------------------------------------------
1267  |Info:    ------------------------------------------------------
1267  |Info:    |                Detection completed                 |
1267  |Info:    ------------------------------------------------------
1267  |Info:    Profile loading: FAILED! for B550 GAMING X V2 @ HID: /dev/hidraw3
1267  |Info:    Profile loading: FAILED! for Glorious Model O / O- @ HID: /dev/hidraw8
