    OpenRGB v0.9
    Commit:  from 
    Launched: 20240915_201419
====================================================================================================

3     |Info:    Found file: white.orp attempting to validate header
3     |Info:    Valid v4 profile found for white
1485  |Info:    ------------------------------------------------------
1485  |Info:    |               Start device detection               |
1485  |Info:    ------------------------------------------------------
1485  |Info:    Initializing HID interfaces: Success
1491  |Info:    ------------------------------------------------------
1491  |Info:    |             Detecting I2C interfaces               |
1491  |Info:    ------------------------------------------------------
1491  |Info:    Registering I2C interface: /dev/i2c-3 Device 1002:73DF Subsystem: 1EAE:6710
1491  |Info:    Registering I2C interface: /dev/i2c-1 Device 1002:73DF Subsystem: 1EAE:6710
1491  |Warning: [i2c_smbus_linux] Failed to read i2c device PCI device ID
1491  |Info:    Registering I2C interface: /dev/i2c-8 Device 0000:0000 Subsystem: 0000:0000
1491  |Warning: [i2c_smbus_linux] Failed to read i2c device PCI device ID
1491  |Info:    Registering I2C interface: /dev/i2c-6 Device 0000:0000 Subsystem: 0000:0000
1491  |Info:    Registering I2C interface: /dev/i2c-4 Device 1002:73DF Subsystem: 1EAE:6710
1491  |Info:    Registering I2C interface: /dev/i2c-2 Device 1002:73DF Subsystem: 1EAE:6710
1491  |Info:    Registering I2C interface: /dev/i2c-0 Device 1002:73DF Subsystem: 1EAE:6710
1491  |Warning: [i2c_smbus_linux] Failed to read i2c device PCI device ID
1491  |Info:    Registering I2C interface: /dev/i2c-7 Device 0000:0000 Subsystem: 0000:0000
1492  |Info:    Registering I2C interface: /dev/i2c-5 Device 1002:73DF Subsystem: 1EAE:6710
1492  |Info:    ------------------------------------------------------
1492  |Info:    |               Detecting I2C devices                |
1492  |Info:    ------------------------------------------------------
1531  |Info:    ------------------------------------------------------
1531  |Info:    |               Detecting I2C PCI devices            |
1531  |Info:    ------------------------------------------------------
1532  |Info:    ------------------------------------------------------
1532  |Info:    |               Detecting HID devices                |
1532  |Info:    ------------------------------------------------------
1706  |Info:    [B550 GAMING X V2] Registering RGB controller
1716  |Info:    [Glorious Model O / O-] Registering RGB controller
1716  |Info:    ------------------------------------------------------
1716  |Info:    |            Detecting libusb HID devices            |
1716  |Info:    ------------------------------------------------------
1717  |Info:    ------------------------------------------------------
1717  |Info:    |              Detecting other devices               |
1717  |Info:    ------------------------------------------------------
1734  |Info:    ------------------------------------------------------
1734  |Info:    |                Detection completed                 |
1734  |Info:    ------------------------------------------------------
1734  |Info:    Profile loading: Succeeded for B550 GAMING X V2 @ HID: /dev/hidraw2
1734  |Info:    Profile loading: Succeeded for Glorious Model O / O- @ HID: /dev/hidraw1
