    OpenRGB v0.9
    Commit:  from 
    Launched: 20241024_192503
====================================================================================================

2     |Info:    Found file: white.orp attempting to validate header
3     |Info:    Valid v4 profile found for white
1143  |Info:    ------------------------------------------------------
1143  |Info:    |               Start device detection               |
1143  |Info:    ------------------------------------------------------
1143  |Info:    Initializing HID interfaces: Success
1149  |Info:    ------------------------------------------------------
1149  |Info:    |             Detecting I2C interfaces               |
1149  |Info:    ------------------------------------------------------
1149  |Info:    Registering I2C interface: /dev/i2c-3 Device 1002:73DF Subsystem: 1EAE:6710
1149  |Info:    Registering I2C interface: /dev/i2c-1 Device 1002:73DF Subsystem: 1EAE:6710
1149  |Warning: [i2c_smbus_linux] Failed to read i2c device PCI device ID
1149  |Info:    Registering I2C interface: /dev/i2c-8 Device 0000:0000 Subsystem: 0000:0000
1149  |Warning: [i2c_smbus_linux] Failed to read i2c device PCI device ID
1150  |Info:    Registering I2C interface: /dev/i2c-6 Device 0000:0000 Subsystem: 0000:0000
1150  |Info:    Registering I2C interface: /dev/i2c-4 Device 1002:73DF Subsystem: 1EAE:6710
1150  |Info:    Registering I2C interface: /dev/i2c-2 Device 1002:73DF Subsystem: 1EAE:6710
1150  |Info:    Registering I2C interface: /dev/i2c-0 Device 1002:73DF Subsystem: 1EAE:6710
1150  |Warning: [i2c_smbus_linux] Failed to read i2c device PCI device ID
1150  |Info:    Registering I2C interface: /dev/i2c-7 Device 0000:0000 Subsystem: 0000:0000
1150  |Info:    Registering I2C interface: /dev/i2c-5 Device 1002:73DF Subsystem: 1EAE:6710
1150  |Info:    ------------------------------------------------------
1150  |Info:    |               Detecting I2C devices                |
1150  |Info:    ------------------------------------------------------
1193  |Info:    ------------------------------------------------------
1193  |Info:    |               Detecting I2C PCI devices            |
1193  |Info:    ------------------------------------------------------
1193  |Info:    ------------------------------------------------------
1193  |Info:    |               Detecting HID devices                |
1193  |Info:    ------------------------------------------------------
1384  |Info:    [B550 GAMING X V2] Registering RGB controller
1420  |Info:    [Glorious Model O / O-] Registering RGB controller
1420  |Info:    ------------------------------------------------------
1420  |Info:    |            Detecting libusb HID devices            |
1420  |Info:    ------------------------------------------------------
1421  |Info:    ------------------------------------------------------
1421  |Info:    |              Detecting other devices               |
1421  |Info:    ------------------------------------------------------
1431  |Info:    ------------------------------------------------------
1431  |Info:    |                Detection completed                 |
1431  |Info:    ------------------------------------------------------
1431  |Info:    Profile loading: Succeeded for B550 GAMING X V2 @ HID: /dev/hidraw1
1431  |Info:    Profile loading: Succeeded for Glorious Model O / O- @ HID: /dev/hidraw8
