    OpenRGB v0.9
    Commit:  from 
    Launched: 20240724_222309
====================================================================================================

2     |Info:    Found file: white.orp attempting to validate header
3     |Info:    Valid v4 profile found for white
1161  |Info:    ------------------------------------------------------
1161  |Info:    |               Start device detection               |
1161  |Info:    ------------------------------------------------------
1161  |Info:    Initializing HID interfaces: Success
1166  |Info:    ------------------------------------------------------
1166  |Info:    |             Detecting I2C interfaces               |
1166  |Info:    ------------------------------------------------------
1166  |Info:    Registering I2C interface: /dev/i2c-3 Device 1002:73DF Subsystem: 1EAE:6710
1166  |Info:    Registering I2C interface: /dev/i2c-1 Device 1002:73DF Subsystem: 1EAE:6710
1166  |Warning: [i2c_smbus_linux] Failed to read i2c device PCI device ID
1166  |Info:    Registering I2C interface: /dev/i2c-8 Device 0000:0000 Subsystem: 0000:0000
1166  |Warning: [i2c_smbus_linux] Failed to read i2c device PCI device ID
1166  |Info:    Registering I2C interface: /dev/i2c-6 Device 0000:0000 Subsystem: 0000:0000
1166  |Info:    Registering I2C interface: /dev/i2c-4 Device 1002:73DF Subsystem: 1EAE:6710
1167  |Info:    Registering I2C interface: /dev/i2c-2 Device 1002:73DF Subsystem: 1EAE:6710
1167  |Info:    Registering I2C interface: /dev/i2c-0 Device 1002:73DF Subsystem: 1EAE:6710
1167  |Warning: [i2c_smbus_linux] Failed to read i2c device PCI device ID
1167  |Info:    Registering I2C interface: /dev/i2c-7 Device 0000:0000 Subsystem: 0000:0000
1167  |Info:    Registering I2C interface: /dev/i2c-5 Device 1002:73DF Subsystem: 1EAE:6710
1167  |Info:    ------------------------------------------------------
1167  |Info:    |               Detecting I2C devices                |
1167  |Info:    ------------------------------------------------------
1206  |Info:    ------------------------------------------------------
1206  |Info:    |               Detecting I2C PCI devices            |
1206  |Info:    ------------------------------------------------------
1207  |Info:    ------------------------------------------------------
1207  |Info:    |               Detecting HID devices                |
1207  |Info:    ------------------------------------------------------
1382  |Info:    [B550 GAMING X V2] Registering RGB controller
1394  |Info:    [Glorious Model O / O-] Registering RGB controller
1394  |Info:    ------------------------------------------------------
1394  |Info:    |            Detecting libusb HID devices            |
1394  |Info:    ------------------------------------------------------
1394  |Info:    ------------------------------------------------------
1394  |Info:    |              Detecting other devices               |
1394  |Info:    ------------------------------------------------------
1404  |Info:    ------------------------------------------------------
1404  |Info:    |                Detection completed                 |
1404  |Info:    ------------------------------------------------------
1404  |Info:    Profile loading: Succeeded for B550 GAMING X V2 @ HID: /dev/hidraw5
1404  |Info:    Profile loading: Succeeded for Glorious Model O / O- @ HID: /dev/hidraw3
