    OpenRGB v0.91
    Commit:  from 
    Launched: 20241118_124248
====================================================================================================

1011  |Info:    Initializing HID interfaces: Success
1011  |Info:    ------------------------------------------------------
1011  |Info:    |               Start device detection               |
1011  |Info:    ------------------------------------------------------
1018  |Info:    ------------------------------------------------------
1018  |Info:    |             Detecting I2C interfaces               |
1018  |Info:    ------------------------------------------------------
1018  |Info:    Registering I2C interface: /dev/i2c-3 Device 1002:73DF Subsystem: 1EAE:6710
1018  |Info:    Registering I2C interface: /dev/i2c-1 Device 1002:73DF Subsystem: 1EAE:6710
1018  |Warning: [i2c_smbus_linux] Failed to read i2c device PCI device ID
1018  |Info:    Registering I2C interface: /dev/i2c-8 Device 0000:0000 Subsystem: 0000:0000
1018  |Warning: [i2c_smbus_linux] Failed to read i2c device PCI device ID
1018  |Info:    Registering I2C interface: /dev/i2c-6 Device 0000:0000 Subsystem: 0000:0000
1018  |Info:    Registering I2C interface: /dev/i2c-4 Device 1002:73DF Subsystem: 1EAE:6710
1018  |Info:    Registering I2C interface: /dev/i2c-2 Device 1002:73DF Subsystem: 1EAE:6710
1018  |Info:    Registering I2C interface: /dev/i2c-0 Device 1002:73DF Subsystem: 1EAE:6710
1019  |Warning: [i2c_smbus_linux] Failed to read i2c device PCI device ID
1019  |Info:    Registering I2C interface: /dev/i2c-7 Device 0000:0000 Subsystem: 0000:0000
1019  |Info:    Registering I2C interface: /dev/i2c-5 Device 1002:73DF Subsystem: 1EAE:6710
1019  |Info:    ------------------------------------------------------
1019  |Info:    |               Detecting I2C devices                |
1019  |Info:    ------------------------------------------------------
1059  |Info:    ------------------------------------------------------
1059  |Info:    |               Detecting I2C PCI devices            |
1059  |Info:    ------------------------------------------------------
1060  |Info:    ------------------------------------------------------
1060  |Info:    |               Detecting HID devices                |
1060  |Info:    ------------------------------------------------------
1235  |Info:    [B550 GAMING X V2] Registering RGB controller
2311  |Info:    [Corsair Harpoon RGB PRO] Registering RGB controller
2346  |Info:    ------------------------------------------------------
2346  |Info:    |            Detecting libusb HID devices            |
2346  |Info:    ------------------------------------------------------
2346  |Info:    ------------------------------------------------------
2346  |Info:    |              Detecting other devices               |
2346  |Info:    ------------------------------------------------------
2374  |Info:    ------------------------------------------------------
2374  |Info:    |                Detection completed                 |
2374  |Info:    ------------------------------------------------------
