    OpenRGB v0.9
    Commit:  from 
    Launched: 20240929_141905
====================================================================================================

1     |Info:    Found file: white.orp attempting to validate header
1     |Info:    Valid v4 profile found for white
1177  |Info:    ------------------------------------------------------
1177  |Info:    |               Start device detection               |
1177  |Info:    ------------------------------------------------------
1177  |Info:    Initializing HID interfaces: Success
1182  |Info:    ------------------------------------------------------
1182  |Info:    |             Detecting I2C interfaces               |
1182  |Info:    ------------------------------------------------------
1183  |Info:    Registering I2C interface: /dev/i2c-3 Device 1002:73DF Subsystem: 1EAE:6710
1183  |Info:    Registering I2C interface: /dev/i2c-1 Device 1002:73DF Subsystem: 1EAE:6710
1183  |Warning: [i2c_smbus_linux] Failed to read i2c device PCI device ID
1183  |Info:    Registering I2C interface: /dev/i2c-8 Device 0000:0000 Subsystem: 0000:0000
1183  |Warning: [i2c_smbus_linux] Failed to read i2c device PCI device ID
1183  |Info:    Registering I2C interface: /dev/i2c-6 Device 0000:0000 Subsystem: 0000:0000
1183  |Info:    Registering I2C interface: /dev/i2c-4 Device 1002:73DF Subsystem: 1EAE:6710
1183  |Info:    Registering I2C interface: /dev/i2c-2 Device 1002:73DF Subsystem: 1EAE:6710
1183  |Info:    Registering I2C interface: /dev/i2c-0 Device 1002:73DF Subsystem: 1EAE:6710
1183  |Warning: [i2c_smbus_linux] Failed to read i2c device PCI device ID
1183  |Info:    Registering I2C interface: /dev/i2c-7 Device 0000:0000 Subsystem: 0000:0000
1183  |Info:    Registering I2C interface: /dev/i2c-5 Device 1002:73DF Subsystem: 1EAE:6710
1183  |Info:    ------------------------------------------------------
1183  |Info:    |               Detecting I2C devices                |
1183  |Info:    ------------------------------------------------------
1224  |Info:    ------------------------------------------------------
1224  |Info:    |               Detecting I2C PCI devices            |
1224  |Info:    ------------------------------------------------------
1224  |Info:    ------------------------------------------------------
1224  |Info:    |               Detecting HID devices                |
1224  |Info:    ------------------------------------------------------
1398  |Info:    [B550 GAMING X V2] Registering RGB controller
1409  |Info:    [Glorious Model O / O-] Registering RGB controller
1409  |Info:    ------------------------------------------------------
1409  |Info:    |            Detecting libusb HID devices            |
1409  |Info:    ------------------------------------------------------
1409  |Info:    ------------------------------------------------------
1409  |Info:    |              Detecting other devices               |
1409  |Info:    ------------------------------------------------------
1422  |Info:    ------------------------------------------------------
1422  |Info:    |                Detection completed                 |
1422  |Info:    ------------------------------------------------------
1422  |Info:    Profile loading: Succeeded for B550 GAMING X V2 @ HID: /dev/hidraw2
1422  |Info:    Profile loading: Succeeded for Glorious Model O / O- @ HID: /dev/hidraw1
