    OpenRGB v0.9
    Commit:  from 
    Launched: 20241004_171523
====================================================================================================

2     |Info:    Found file: white.orp attempting to validate header
2     |Info:    Valid v4 profile found for white
1164  |Info:    ------------------------------------------------------
1164  |Info:    |               Start device detection               |
1164  |Info:    ------------------------------------------------------
1165  |Info:    Initializing HID interfaces: Success
1169  |Info:    ------------------------------------------------------
1169  |Info:    |             Detecting I2C interfaces               |
1169  |Info:    ------------------------------------------------------
1169  |Info:    Registering I2C interface: /dev/i2c-3 Device 1002:73DF Subsystem: 1EAE:6710
1169  |Info:    Registering I2C interface: /dev/i2c-1 Device 1002:73DF Subsystem: 1EAE:6710
1169  |Warning: [i2c_smbus_linux] Failed to read i2c device PCI device ID
1169  |Info:    Registering I2C interface: /dev/i2c-8 Device 0000:0000 Subsystem: 0000:0000
1169  |Warning: [i2c_smbus_linux] Failed to read i2c device PCI device ID
1169  |Info:    Registering I2C interface: /dev/i2c-6 Device 0000:0000 Subsystem: 0000:0000
1169  |Info:    Registering I2C interface: /dev/i2c-4 Device 1002:73DF Subsystem: 1EAE:6710
1169  |Info:    Registering I2C interface: /dev/i2c-2 Device 1002:73DF Subsystem: 1EAE:6710
1169  |Info:    Registering I2C interface: /dev/i2c-0 Device 1002:73DF Subsystem: 1EAE:6710
1169  |Warning: [i2c_smbus_linux] Failed to read i2c device PCI device ID
1169  |Info:    Registering I2C interface: /dev/i2c-7 Device 0000:0000 Subsystem: 0000:0000
1170  |Info:    Registering I2C interface: /dev/i2c-5 Device 1002:73DF Subsystem: 1EAE:6710
1170  |Info:    ------------------------------------------------------
1170  |Info:    |               Detecting I2C devices                |
1170  |Info:    ------------------------------------------------------
1208  |Info:    ------------------------------------------------------
1208  |Info:    |               Detecting I2C PCI devices            |
1208  |Info:    ------------------------------------------------------
1209  |Info:    ------------------------------------------------------
1209  |Info:    |               Detecting HID devices                |
1209  |Info:    ------------------------------------------------------
1384  |Info:    [B550 GAMING X V2] Registering RGB controller
1394  |Info:    [Glorious Model O / O-] Registering RGB controller
1394  |Info:    ------------------------------------------------------
1394  |Info:    |            Detecting libusb HID devices            |
1394  |Info:    ------------------------------------------------------
1394  |Info:    ------------------------------------------------------
1394  |Info:    |              Detecting other devices               |
1394  |Info:    ------------------------------------------------------
1406  |Info:    ------------------------------------------------------
1406  |Info:    |                Detection completed                 |
1406  |Info:    ------------------------------------------------------
1406  |Info:    Profile loading: Succeeded for B550 GAMING X V2 @ HID: /dev/hidraw0
1406  |Info:    Profile loading: Succeeded for Glorious Model O / O- @ HID: /dev/hidraw6
