    OpenRGB v0.9
    Commit:  from 
    Launched: 20241014_212619
====================================================================================================

1     |Info:    Found file: white.orp attempting to validate header
2     |Info:    Valid v4 profile found for white
1289  |Info:    ------------------------------------------------------
1289  |Info:    |               Start device detection               |
1289  |Info:    ------------------------------------------------------
1290  |Info:    Initializing HID interfaces: Success
1294  |Info:    ------------------------------------------------------
1294  |Info:    |             Detecting I2C interfaces               |
1294  |Info:    ------------------------------------------------------
1294  |Info:    Registering I2C interface: /dev/i2c-3 Device 1002:73DF Subsystem: 1EAE:6710
1294  |Info:    Registering I2C interface: /dev/i2c-1 Device 1002:73DF Subsystem: 1EAE:6710
1295  |Warning: [i2c_smbus_linux] Failed to read i2c device PCI device ID
1295  |Info:    Registering I2C interface: /dev/i2c-8 Device 0000:0000 Subsystem: 0000:0000
1295  |Warning: [i2c_smbus_linux] Failed to read i2c device PCI device ID
1295  |Info:    Registering I2C interface: /dev/i2c-6 Device 0000:0000 Subsystem: 0000:0000
1295  |Info:    Registering I2C interface: /dev/i2c-4 Device 1002:73DF Subsystem: 1EAE:6710
1295  |Info:    Registering I2C interface: /dev/i2c-2 Device 1002:73DF Subsystem: 1EAE:6710
1295  |Info:    Registering I2C interface: /dev/i2c-0 Device 1002:73DF Subsystem: 1EAE:6710
1295  |Warning: [i2c_smbus_linux] Failed to read i2c device PCI device ID
1295  |Info:    Registering I2C interface: /dev/i2c-7 Device 0000:0000 Subsystem: 0000:0000
1295  |Info:    Registering I2C interface: /dev/i2c-5 Device 1002:73DF Subsystem: 1EAE:6710
1295  |Info:    ------------------------------------------------------
1295  |Info:    |               Detecting I2C devices                |
1295  |Info:    ------------------------------------------------------
1349  |Info:    ------------------------------------------------------
1349  |Info:    |               Detecting I2C PCI devices            |
1349  |Info:    ------------------------------------------------------
1350  |Info:    ------------------------------------------------------
1350  |Info:    |               Detecting HID devices                |
1350  |Info:    ------------------------------------------------------
1520  |Info:    [B550 GAMING X V2] Registering RGB controller
1547  |Info:    [Glorious Model O / O-] Registering RGB controller
1547  |Info:    ------------------------------------------------------
1547  |Info:    |            Detecting libusb HID devices            |
1547  |Info:    ------------------------------------------------------
1547  |Info:    ------------------------------------------------------
1547  |Info:    |              Detecting other devices               |
1547  |Info:    ------------------------------------------------------
1560  |Info:    ------------------------------------------------------
1560  |Info:    |                Detection completed                 |
1560  |Info:    ------------------------------------------------------
1560  |Info:    Profile loading: Succeeded for B550 GAMING X V2 @ HID: /dev/hidraw1
1560  |Info:    Profile loading: Succeeded for Glorious Model O / O- @ HID: /dev/hidraw6
