    OpenRGB v0.9
    Commit:  from 
    Launched: 20240723_192350
====================================================================================================

3     |Info:    Found file: white.orp attempting to validate header
4     |Info:    Valid v4 profile found for white
1031  |Info:    ------------------------------------------------------
1031  |Info:    |               Start device detection               |
1031  |Info:    ------------------------------------------------------
1031  |Info:    Initializing HID interfaces: Success
1037  |Info:    ------------------------------------------------------
1037  |Info:    |             Detecting I2C interfaces               |
1037  |Info:    ------------------------------------------------------
1037  |Info:    Registering I2C interface: /dev/i2c-3 Device 1002:73DF Subsystem: 1EAE:6710
1037  |Info:    Registering I2C interface: /dev/i2c-1 Device 1002:73DF Subsystem: 1EAE:6710
1037  |Warning: [i2c_smbus_linux] Failed to read i2c device PCI device ID
1037  |Info:    Registering I2C interface: /dev/i2c-8 Device 0000:0000 Subsystem: 0000:0000
1037  |Warning: [i2c_smbus_linux] Failed to read i2c device PCI device ID
1037  |Info:    Registering I2C interface: /dev/i2c-6 Device 0000:0000 Subsystem: 0000:0000
1037  |Info:    Registering I2C interface: /dev/i2c-4 Device 1002:73DF Subsystem: 1EAE:6710
1037  |Info:    Registering I2C interface: /dev/i2c-2 Device 1002:73DF Subsystem: 1EAE:6710
1037  |Info:    Registering I2C interface: /dev/i2c-0 Device 1002:73DF Subsystem: 1EAE:6710
1037  |Warning: [i2c_smbus_linux] Failed to read i2c device PCI device ID
1037  |Info:    Registering I2C interface: /dev/i2c-7 Device 0000:0000 Subsystem: 0000:0000
1037  |Info:    Registering I2C interface: /dev/i2c-5 Device 1002:73DF Subsystem: 1EAE:6710
1037  |Info:    ------------------------------------------------------
1037  |Info:    |               Detecting I2C devices                |
1037  |Info:    ------------------------------------------------------
1077  |Info:    ------------------------------------------------------
1077  |Info:    |               Detecting I2C PCI devices            |
1077  |Info:    ------------------------------------------------------
1077  |Info:    ------------------------------------------------------
1077  |Info:    |               Detecting HID devices                |
1077  |Info:    ------------------------------------------------------
1257  |Info:    [B550 GAMING X V2] Registering RGB controller
1268  |Info:    [Glorious Model O / O-] Registering RGB controller
1268  |Info:    ------------------------------------------------------
1268  |Info:    |            Detecting libusb HID devices            |
1268  |Info:    ------------------------------------------------------
1268  |Info:    ------------------------------------------------------
1268  |Info:    |              Detecting other devices               |
1268  |Info:    ------------------------------------------------------
1279  |Info:    ------------------------------------------------------
1279  |Info:    |                Detection completed                 |
1279  |Info:    ------------------------------------------------------
1279  |Info:    Profile loading: Succeeded for B550 GAMING X V2 @ HID: /dev/hidraw2
1279  |Info:    Profile loading: Succeeded for Glorious Model O / O- @ HID: /dev/hidraw7
