    OpenRGB v0.91
    Commit:  from 
    Launched: 20241212_201017
====================================================================================================

1016  |Info:    Initializing HID interfaces: Success
1016  |Info:    ------------------------------------------------------
1016  |Info:    |               Start device detection               |
1016  |Info:    ------------------------------------------------------
1022  |Info:    ------------------------------------------------------
1022  |Info:    |             Detecting I2C interfaces               |
1022  |Info:    ------------------------------------------------------
1022  |Info:    Registering I2C interface: /dev/i2c-3 Device 1002:73DF Subsystem: 1EAE:6710
1022  |Info:    Registering I2C interface: /dev/i2c-1 Device 1002:73DF Subsystem: 1EAE:6710
1022  |Warning: [i2c_smbus_linux] Failed to read i2c device PCI device ID
1022  |Info:    Registering I2C interface: /dev/i2c-8 Device 0000:0000 Subsystem: 0000:0000
1022  |Warning: [i2c_smbus_linux] Failed to read i2c device PCI device ID
1023  |Info:    Registering I2C interface: /dev/i2c-6 Device 0000:0000 Subsystem: 0000:0000
1023  |Info:    Registering I2C interface: /dev/i2c-4 Device 1002:73DF Subsystem: 1EAE:6710
1023  |Info:    Registering I2C interface: /dev/i2c-2 Device 1002:73DF Subsystem: 1EAE:6710
1023  |Info:    Registering I2C interface: /dev/i2c-0 Device 1002:73DF Subsystem: 1EAE:6710
1023  |Warning: [i2c_smbus_linux] Failed to read i2c device PCI device ID
1023  |Info:    Registering I2C interface: /dev/i2c-7 Device 0000:0000 Subsystem: 0000:0000
1023  |Info:    Registering I2C interface: /dev/i2c-5 Device 1002:73DF Subsystem: 1EAE:6710
1023  |Info:    ------------------------------------------------------
1023  |Info:    |               Detecting I2C devices                |
1023  |Info:    ------------------------------------------------------
1061  |Info:    ------------------------------------------------------
1062  |Info:    |               Detecting I2C PCI devices            |
1062  |Info:    ------------------------------------------------------
1062  |Info:    ------------------------------------------------------
1062  |Info:    |               Detecting HID devices                |
1062  |Info:    ------------------------------------------------------
1236  |Info:    [B550 GAMING X V2] Registering RGB controller
2297  |Info:    [Corsair Harpoon RGB PRO] Registering RGB controller
2297  |Info:    ------------------------------------------------------
2297  |Info:    |            Detecting libusb HID devices            |
2297  |Info:    ------------------------------------------------------
2297  |Info:    ------------------------------------------------------
2297  |Info:    |              Detecting other devices               |
2297  |Info:    ------------------------------------------------------
2306  |Info:    ------------------------------------------------------
2306  |Info:    |                Detection completed                 |
2306  |Info:    ------------------------------------------------------
