    OpenRGB v0.9
    Commit:  from 
    Launched: 20241029_194833
====================================================================================================

51    |Info:    Found file: white.orp attempting to validate header
52    |Info:    Valid v4 profile found for white
1155  |Info:    ------------------------------------------------------
1155  |Info:    |               Start device detection               |
1155  |Info:    ------------------------------------------------------
1155  |Info:    Initializing HID interfaces: Success
1161  |Info:    ------------------------------------------------------
1161  |Info:    |             Detecting I2C interfaces               |
1161  |Info:    ------------------------------------------------------
1161  |Info:    Registering I2C interface: /dev/i2c-3 Device 1002:73DF Subsystem: 1EAE:6710
1161  |Info:    Registering I2C interface: /dev/i2c-1 Device 1002:73DF Subsystem: 1EAE:6710
1161  |Warning: [i2c_smbus_linux] Failed to read i2c device PCI device ID
1161  |Info:    Registering I2C interface: /dev/i2c-8 Device 0000:0000 Subsystem: 0000:0000
1162  |Warning: [i2c_smbus_linux] Failed to read i2c device PCI device ID
1162  |Info:    Registering I2C interface: /dev/i2c-6 Device 0000:0000 Subsystem: 0000:0000
1162  |Info:    Registering I2C interface: /dev/i2c-4 Device 1002:73DF Subsystem: 1EAE:6710
1162  |Info:    Registering I2C interface: /dev/i2c-2 Device 1002:73DF Subsystem: 1EAE:6710
1162  |Info:    Registering I2C interface: /dev/i2c-0 Device 1002:73DF Subsystem: 1EAE:6710
1162  |Warning: [i2c_smbus_linux] Failed to read i2c device PCI device ID
1162  |Info:    Registering I2C interface: /dev/i2c-7 Device 0000:0000 Subsystem: 0000:0000
1162  |Info:    Registering I2C interface: /dev/i2c-5 Device 1002:73DF Subsystem: 1EAE:6710
1162  |Info:    ------------------------------------------------------
1162  |Info:    |               Detecting I2C devices                |
1162  |Info:    ------------------------------------------------------
1215  |Info:    ------------------------------------------------------
1215  |Info:    |               Detecting I2C PCI devices            |
1215  |Info:    ------------------------------------------------------
1216  |Info:    ------------------------------------------------------
1216  |Info:    |               Detecting HID devices                |
1216  |Info:    ------------------------------------------------------
1389  |Info:    [B550 GAMING X V2] Registering RGB controller
1416  |Info:    [Glorious Model O / O-] Registering RGB controller
1416  |Info:    ------------------------------------------------------
1416  |Info:    |            Detecting libusb HID devices            |
1416  |Info:    ------------------------------------------------------
1416  |Info:    ------------------------------------------------------
1416  |Info:    |              Detecting other devices               |
1416  |Info:    ------------------------------------------------------
1426  |Info:    ------------------------------------------------------
1426  |Info:    |                Detection completed                 |
1426  |Info:    ------------------------------------------------------
1426  |Info:    Profile loading: Succeeded for B550 GAMING X V2 @ HID: /dev/hidraw1
1426  |Info:    Profile loading: Succeeded for Glorious Model O / O- @ HID: /dev/hidraw8
