    OpenRGB v0.9
    Commit:  from 
    Launched: 20241004_215729
====================================================================================================

3     |Info:    Found file: white.orp attempting to validate header
12    |Info:    Valid v4 profile found for white
1343  |Info:    ------------------------------------------------------
1343  |Info:    |               Start device detection               |
1343  |Info:    ------------------------------------------------------
1344  |Info:    Initializing HID interfaces: Success
1348  |Info:    ------------------------------------------------------
1348  |Info:    |             Detecting I2C interfaces               |
1348  |Info:    ------------------------------------------------------
1348  |Info:    Registering I2C interface: /dev/i2c-3 Device 1002:73DF Subsystem: 1EAE:6710
1348  |Info:    Registering I2C interface: /dev/i2c-1 Device 1002:73DF Subsystem: 1EAE:6710
1348  |Warning: [i2c_smbus_linux] Failed to read i2c device PCI device ID
1348  |Info:    Registering I2C interface: /dev/i2c-8 Device 0000:0000 Subsystem: 0000:0000
1348  |Warning: [i2c_smbus_linux] Failed to read i2c device PCI device ID
1349  |Info:    Registering I2C interface: /dev/i2c-6 Device 0000:0000 Subsystem: 0000:0000
1349  |Info:    Registering I2C interface: /dev/i2c-4 Device 1002:73DF Subsystem: 1EAE:6710
1349  |Info:    Registering I2C interface: /dev/i2c-2 Device 1002:73DF Subsystem: 1EAE:6710
1349  |Info:    Registering I2C interface: /dev/i2c-0 Device 1002:73DF Subsystem: 1EAE:6710
1349  |Warning: [i2c_smbus_linux] Failed to read i2c device PCI device ID
1349  |Info:    Registering I2C interface: /dev/i2c-7 Device 0000:0000 Subsystem: 0000:0000
1349  |Info:    Registering I2C interface: /dev/i2c-5 Device 1002:73DF Subsystem: 1EAE:6710
1349  |Info:    ------------------------------------------------------
1349  |Info:    |               Detecting I2C devices                |
1349  |Info:    ------------------------------------------------------
1390  |Info:    ------------------------------------------------------
1390  |Info:    |               Detecting I2C PCI devices            |
1390  |Info:    ------------------------------------------------------
1391  |Info:    ------------------------------------------------------
1391  |Info:    |               Detecting HID devices                |
1391  |Info:    ------------------------------------------------------
1574  |Info:    [B550 GAMING X V2] Registering RGB controller
1601  |Info:    [Glorious Model O / O-] Registering RGB controller
1601  |Info:    ------------------------------------------------------
1601  |Info:    |            Detecting libusb HID devices            |
1601  |Info:    ------------------------------------------------------
1601  |Info:    ------------------------------------------------------
1601  |Info:    |              Detecting other devices               |
1601  |Info:    ------------------------------------------------------
1609  |Info:    ------------------------------------------------------
1609  |Info:    |                Detection completed                 |
1609  |Info:    ------------------------------------------------------
1609  |Info:    Profile loading: Succeeded for B550 GAMING X V2 @ HID: /dev/hidraw2
1609  |Info:    Profile loading: Succeeded for Glorious Model O / O- @ HID: /dev/hidraw0
