    OpenRGB v0.9
    Commit:  from 
    Launched: 20240911_120241
====================================================================================================

0     |Info:    Found file: white.orp attempting to validate header
0     |Info:    Valid v4 profile found for white
1161  |Info:    ------------------------------------------------------
1161  |Info:    |               Start device detection               |
1161  |Info:    ------------------------------------------------------
1161  |Info:    Initializing HID interfaces: Success
1167  |Info:    ------------------------------------------------------
1167  |Info:    |             Detecting I2C interfaces               |
1167  |Info:    ------------------------------------------------------
1168  |Info:    Registering I2C interface: /dev/i2c-3 Device 1002:73DF Subsystem: 1EAE:6710
1168  |Info:    Registering I2C interface: /dev/i2c-1 Device 1002:73DF Subsystem: 1EAE:6710
1168  |Warning: [i2c_smbus_linux] Failed to read i2c device PCI device ID
1168  |Info:    Registering I2C interface: /dev/i2c-8 Device 0000:0000 Subsystem: 0000:0000
1168  |Warning: [i2c_smbus_linux] Failed to read i2c device PCI device ID
1168  |Info:    Registering I2C interface: /dev/i2c-6 Device 0000:0000 Subsystem: 0000:0000
1168  |Info:    Registering I2C interface: /dev/i2c-4 Device 1002:73DF Subsystem: 1EAE:6710
1168  |Info:    Registering I2C interface: /dev/i2c-2 Device 1002:73DF Subsystem: 1EAE:6710
1168  |Info:    Registering I2C interface: /dev/i2c-0 Device 1002:73DF Subsystem: 1EAE:6710
1168  |Warning: [i2c_smbus_linux] Failed to read i2c device PCI device ID
1168  |Info:    Registering I2C interface: /dev/i2c-7 Device 0000:0000 Subsystem: 0000:0000
1169  |Info:    Registering I2C interface: /dev/i2c-5 Device 1002:73DF Subsystem: 1EAE:6710
1169  |Info:    ------------------------------------------------------
1169  |Info:    |               Detecting I2C devices                |
1169  |Info:    ------------------------------------------------------
1231  |Info:    ------------------------------------------------------
1231  |Info:    |               Detecting I2C PCI devices            |
1231  |Info:    ------------------------------------------------------
1231  |Info:    ------------------------------------------------------
1231  |Info:    |               Detecting HID devices                |
1231  |Info:    ------------------------------------------------------
1419  |Info:    [B550 GAMING X V2] Registering RGB controller
1429  |Info:    [Glorious Model O / O-] Registering RGB controller
1430  |Info:    ------------------------------------------------------
1430  |Info:    |            Detecting libusb HID devices            |
1430  |Info:    ------------------------------------------------------
1430  |Info:    ------------------------------------------------------
1430  |Info:    |              Detecting other devices               |
1430  |Info:    ------------------------------------------------------
1444  |Info:    ------------------------------------------------------
1444  |Info:    |                Detection completed                 |
1444  |Info:    ------------------------------------------------------
1444  |Info:    Profile loading: Succeeded for B550 GAMING X V2 @ HID: /dev/hidraw2
1444  |Info:    Profile loading: Succeeded for Glorious Model O / O- @ HID: /dev/hidraw1
