    OpenRGB v0.9
    Commit:  from 
    Launched: 20240815_091227
====================================================================================================

1     |Info:    Found file: white.orp attempting to validate header
2     |Info:    Valid v4 profile found for white
1087  |Info:    ------------------------------------------------------
1087  |Info:    |               Start device detection               |
1087  |Info:    ------------------------------------------------------
1087  |Info:    Initializing HID interfaces: Success
1093  |Info:    ------------------------------------------------------
1093  |Info:    |             Detecting I2C interfaces               |
1093  |Info:    ------------------------------------------------------
1093  |Info:    Registering I2C interface: /dev/i2c-3 Device 1002:73DF Subsystem: 1EAE:6710
1093  |Info:    Registering I2C interface: /dev/i2c-1 Device 1002:73DF Subsystem: 1EAE:6710
1093  |Warning: [i2c_smbus_linux] Failed to read i2c device PCI device ID
1093  |Info:    Registering I2C interface: /dev/i2c-8 Device 0000:0000 Subsystem: 0000:0000
1093  |Warning: [i2c_smbus_linux] Failed to read i2c device PCI device ID
1093  |Info:    Registering I2C interface: /dev/i2c-6 Device 0000:0000 Subsystem: 0000:0000
1093  |Info:    Registering I2C interface: /dev/i2c-4 Device 1002:73DF Subsystem: 1EAE:6710
1093  |Info:    Registering I2C interface: /dev/i2c-2 Device 1002:73DF Subsystem: 1EAE:6710
1093  |Info:    Registering I2C interface: /dev/i2c-0 Device 1002:73DF Subsystem: 1EAE:6710
1093  |Warning: [i2c_smbus_linux] Failed to read i2c device PCI device ID
1093  |Info:    Registering I2C interface: /dev/i2c-7 Device 0000:0000 Subsystem: 0000:0000
1094  |Info:    Registering I2C interface: /dev/i2c-5 Device 1002:73DF Subsystem: 1EAE:6710
1094  |Info:    ------------------------------------------------------
1094  |Info:    |               Detecting I2C devices                |
1094  |Info:    ------------------------------------------------------
1141  |Info:    ------------------------------------------------------
1141  |Info:    |               Detecting I2C PCI devices            |
1141  |Info:    ------------------------------------------------------
1141  |Info:    ------------------------------------------------------
1141  |Info:    |               Detecting HID devices                |
1141  |Info:    ------------------------------------------------------
1365  |Info:    [B550 GAMING X V2] Registering RGB controller
1377  |Info:    [Glorious Model O / O-] Registering RGB controller
1377  |Info:    ------------------------------------------------------
1377  |Info:    |            Detecting libusb HID devices            |
1377  |Info:    ------------------------------------------------------
1377  |Info:    ------------------------------------------------------
1377  |Info:    |              Detecting other devices               |
1377  |Info:    ------------------------------------------------------
1388  |Info:    ------------------------------------------------------
1436  |Info:    |                Detection completed                 |
1436  |Info:    ------------------------------------------------------
1436  |Info:    Profile loading: Succeeded for B550 GAMING X V2 @ HID: /dev/hidraw2
1436  |Info:    Profile loading: Succeeded for Glorious Model O / O- @ HID: /dev/hidraw7
