    OpenRGB v0.9
    Commit:  from 
    Launched: 20240922_220008
====================================================================================================

2     |Info:    Found file: white.orp attempting to validate header
2     |Info:    Valid v4 profile found for white
1190  |Info:    ------------------------------------------------------
1190  |Info:    |               Start device detection               |
1190  |Info:    ------------------------------------------------------
1190  |Info:    Initializing HID interfaces: Success
1196  |Info:    ------------------------------------------------------
1196  |Info:    |             Detecting I2C interfaces               |
1196  |Info:    ------------------------------------------------------
1196  |Info:    Registering I2C interface: /dev/i2c-3 Device 1002:73DF Subsystem: 1EAE:6710
1196  |Info:    Registering I2C interface: /dev/i2c-1 Device 1002:73DF Subsystem: 1EAE:6710
1196  |Warning: [i2c_smbus_linux] Failed to read i2c device PCI device ID
1196  |Info:    Registering I2C interface: /dev/i2c-8 Device 0000:0000 Subsystem: 0000:0000
1196  |Warning: [i2c_smbus_linux] Failed to read i2c device PCI device ID
1196  |Info:    Registering I2C interface: /dev/i2c-6 Device 0000:0000 Subsystem: 0000:0000
1196  |Info:    Registering I2C interface: /dev/i2c-4 Device 1002:73DF Subsystem: 1EAE:6710
1196  |Info:    Registering I2C interface: /dev/i2c-2 Device 1002:73DF Subsystem: 1EAE:6710
1196  |Info:    Registering I2C interface: /dev/i2c-0 Device 1002:73DF Subsystem: 1EAE:6710
1197  |Warning: [i2c_smbus_linux] Failed to read i2c device PCI device ID
1197  |Info:    Registering I2C interface: /dev/i2c-7 Device 0000:0000 Subsystem: 0000:0000
1197  |Info:    Registering I2C interface: /dev/i2c-5 Device 1002:73DF Subsystem: 1EAE:6710
1197  |Info:    ------------------------------------------------------
1197  |Info:    |               Detecting I2C devices                |
1197  |Info:    ------------------------------------------------------
1240  |Info:    ------------------------------------------------------
1240  |Info:    |               Detecting I2C PCI devices            |
1240  |Info:    ------------------------------------------------------
1240  |Info:    ------------------------------------------------------
1240  |Info:    |               Detecting HID devices                |
1240  |Info:    ------------------------------------------------------
1413  |Info:    [B550 GAMING X V2] Registering RGB controller
1424  |Info:    [Glorious Model O / O-] Registering RGB controller
1424  |Info:    ------------------------------------------------------
1424  |Info:    |            Detecting libusb HID devices            |
1424  |Info:    ------------------------------------------------------
1424  |Info:    ------------------------------------------------------
1424  |Info:    |              Detecting other devices               |
1424  |Info:    ------------------------------------------------------
1438  |Info:    ------------------------------------------------------
1438  |Info:    |                Detection completed                 |
1438  |Info:    ------------------------------------------------------
1438  |Info:    Profile loading: Succeeded for B550 GAMING X V2 @ HID: /dev/hidraw2
1438  |Info:    Profile loading: Succeeded for Glorious Model O / O- @ HID: /dev/hidraw1
