    OpenRGB v0.9
    Commit:  from 
    Launched: 20241006_174058
====================================================================================================

22    |Info:    Found file: white.orp attempting to validate header
23    |Info:    Valid v4 profile found for white
1106  |Info:    ------------------------------------------------------
1106  |Info:    |               Start device detection               |
1106  |Info:    ------------------------------------------------------
1106  |Info:    Initializing HID interfaces: Success
1111  |Info:    ------------------------------------------------------
1111  |Info:    |             Detecting I2C interfaces               |
1111  |Info:    ------------------------------------------------------
1111  |Info:    Registering I2C interface: /dev/i2c-3 Device 1002:73DF Subsystem: 1EAE:6710
1111  |Info:    Registering I2C interface: /dev/i2c-1 Device 1002:73DF Subsystem: 1EAE:6710
1111  |Warning: [i2c_smbus_linux] Failed to read i2c device PCI device ID
1111  |Info:    Registering I2C interface: /dev/i2c-8 Device 0000:0000 Subsystem: 0000:0000
1111  |Warning: [i2c_smbus_linux] Failed to read i2c device PCI device ID
1111  |Info:    Registering I2C interface: /dev/i2c-6 Device 0000:0000 Subsystem: 0000:0000
1111  |Info:    Registering I2C interface: /dev/i2c-4 Device 1002:73DF Subsystem: 1EAE:6710
1111  |Info:    Registering I2C interface: /dev/i2c-2 Device 1002:73DF Subsystem: 1EAE:6710
1111  |Info:    Registering I2C interface: /dev/i2c-0 Device 1002:73DF Subsystem: 1EAE:6710
1112  |Warning: [i2c_smbus_linux] Failed to read i2c device PCI device ID
1112  |Info:    Registering I2C interface: /dev/i2c-7 Device 0000:0000 Subsystem: 0000:0000
1112  |Info:    Registering I2C interface: /dev/i2c-5 Device 1002:73DF Subsystem: 1EAE:6710
1112  |Info:    ------------------------------------------------------
1112  |Info:    |               Detecting I2C devices                |
1112  |Info:    ------------------------------------------------------
1176  |Info:    ------------------------------------------------------
1176  |Info:    |               Detecting I2C PCI devices            |
1176  |Info:    ------------------------------------------------------
1176  |Info:    ------------------------------------------------------
1176  |Info:    |               Detecting HID devices                |
1176  |Info:    ------------------------------------------------------
1351  |Info:    [B550 GAMING X V2] Registering RGB controller
1378  |Info:    [Glorious Model O / O-] Registering RGB controller
1378  |Info:    ------------------------------------------------------
1378  |Info:    |            Detecting libusb HID devices            |
1378  |Info:    ------------------------------------------------------
1378  |Info:    ------------------------------------------------------
1378  |Info:    |              Detecting other devices               |
1378  |Info:    ------------------------------------------------------
1388  |Info:    ------------------------------------------------------
1388  |Info:    |                Detection completed                 |
1388  |Info:    ------------------------------------------------------
1388  |Info:    Profile loading: Succeeded for B550 GAMING X V2 @ HID: /dev/hidraw1
1388  |Info:    Profile loading: Succeeded for Glorious Model O / O- @ HID: /dev/hidraw3
