    OpenRGB v0.9
    Commit:  from 
    Launched: 20240723_192252
====================================================================================================

4     |Info:    Found file: white.orp attempting to validate header
4     |Info:    Valid v4 profile found for white
1120  |Info:    ------------------------------------------------------
1120  |Info:    |               Start device detection               |
1120  |Info:    ------------------------------------------------------
1121  |Info:    Initializing HID interfaces: Success
1126  |Info:    ------------------------------------------------------
1126  |Info:    |             Detecting I2C interfaces               |
1126  |Info:    ------------------------------------------------------
1126  |Info:    Registering I2C interface: /dev/i2c-3 Device 1002:73DF Subsystem: 1EAE:6710
1126  |Info:    Registering I2C interface: /dev/i2c-1 Device 1002:73DF Subsystem: 1EAE:6710
1126  |Warning: [i2c_smbus_linux] Failed to read i2c device PCI device ID
1126  |Info:    Registering I2C interface: /dev/i2c-8 Device 0000:0000 Subsystem: 0000:0000
1126  |Warning: [i2c_smbus_linux] Failed to read i2c device PCI device ID
1126  |Info:    Registering I2C interface: /dev/i2c-6 Device 0000:0000 Subsystem: 0000:0000
1126  |Info:    Registering I2C interface: /dev/i2c-4 Device 1002:73DF Subsystem: 1EAE:6710
1126  |Info:    Registering I2C interface: /dev/i2c-2 Device 1002:73DF Subsystem: 1EAE:6710
1127  |Info:    Registering I2C interface: /dev/i2c-0 Device 1002:73DF Subsystem: 1EAE:6710
1127  |Warning: [i2c_smbus_linux] Failed to read i2c device PCI device ID
1127  |Info:    Registering I2C interface: /dev/i2c-7 Device 0000:0000 Subsystem: 0000:0000
1127  |Info:    Registering I2C interface: /dev/i2c-5 Device 1002:73DF Subsystem: 1EAE:6710
1127  |Info:    ------------------------------------------------------
1127  |Info:    |               Detecting I2C devices                |
1127  |Info:    ------------------------------------------------------
1167  |Info:    ------------------------------------------------------
1167  |Info:    |               Detecting I2C PCI devices            |
1167  |Info:    ------------------------------------------------------
1168  |Info:    ------------------------------------------------------
1168  |Info:    |               Detecting HID devices                |
1168  |Info:    ------------------------------------------------------
1341  |Info:    [B550 GAMING X V2] Registering RGB controller
1352  |Info:    [Glorious Model O / O-] Registering RGB controller
1352  |Info:    ------------------------------------------------------
1352  |Info:    |            Detecting libusb HID devices            |
1352  |Info:    ------------------------------------------------------
1352  |Info:    ------------------------------------------------------
1352  |Info:    |              Detecting other devices               |
1352  |Info:    ------------------------------------------------------
1362  |Info:    ------------------------------------------------------
1362  |Info:    |                Detection completed                 |
1362  |Info:    ------------------------------------------------------
1362  |Info:    Profile loading: Succeeded for B550 GAMING X V2 @ HID: /dev/hidraw2
1362  |Info:    Profile loading: Succeeded for Glorious Model O / O- @ HID: /dev/hidraw1
