    OpenRGB v0.9
    Commit:  from 
    Launched: 20240706_172000
====================================================================================================

1     |Info:    Found file: white.orp attempting to validate header
1     |Info:    Valid v4 profile found for white
1089  |Info:    ------------------------------------------------------
1089  |Info:    |               Start device detection               |
1089  |Info:    ------------------------------------------------------
1089  |Info:    Initializing HID interfaces: Success
1094  |Info:    ------------------------------------------------------
1094  |Info:    |             Detecting I2C interfaces               |
1094  |Info:    ------------------------------------------------------
1094  |Info:    Registering I2C interface: /dev/i2c-3 Device 1002:73DF Subsystem: 1EAE:6710
1094  |Warning: [i2c_smbus_linux] Failed to read i2c device PCI device ID
1095  |Info:    Registering I2C interface: /dev/i2c-8 Device 0000:0000 Subsystem: 0000:0000
1095  |Info:    Registering I2C interface: /dev/i2c-4 Device 1002:73DF Subsystem: 1EAE:6710
1095  |Info:    Registering I2C interface: /dev/i2c-0 Device 1002:73DF Subsystem: 1EAE:6710
1095  |Info:    Registering I2C interface: /dev/i2c-5 Device 1002:73DF Subsystem: 1EAE:6710
1095  |Info:    ------------------------------------------------------
1095  |Info:    |               Detecting I2C devices                |
1095  |Info:    ------------------------------------------------------
1113  |Info:    ------------------------------------------------------
1113  |Info:    |               Detecting I2C PCI devices            |
1113  |Info:    ------------------------------------------------------
1113  |Info:    ------------------------------------------------------
1113  |Info:    |               Detecting HID devices                |
1113  |Info:    ------------------------------------------------------
1287  |Info:    [B550 GAMING X V2] Registering RGB controller
1298  |Info:    [Glorious Model O / O-] Registering RGB controller
1298  |Info:    ------------------------------------------------------
1298  |Info:    |            Detecting libusb HID devices            |
1298  |Info:    ------------------------------------------------------
1298  |Info:    ------------------------------------------------------
1298  |Info:    |              Detecting other devices               |
1298  |Info:    ------------------------------------------------------
1308  |Info:    ------------------------------------------------------
1308  |Info:    |                Detection completed                 |
1308  |Info:    ------------------------------------------------------
1308  |Dialog:  <h2>WARNING:</h2><p>One or more I2C/SMBus interfaces failed to initialize.</p><p>RGB DRAM modules and some motherboards' onboard RGB lighting will not be available without I2C/SMBus.</p><p>On Linux, this is usually because the i2c-dev module is not loaded.  You must load the i2c-dev module along with the correct i2c driver for your motherboard.  This is usually i2c-piix4 for AMD systems and i2c-i801 for Intel systems.</p><p>See <a href='https://help.openrgb.org/'>help.openrgb.org</a> for additional troubleshooting steps if you keep seeing this message.<br></p>
1309  |Info:    Profile loading: Succeeded for B550 GAMING X V2 @ HID: /dev/hidraw2
1309  |Info:    Profile loading: Succeeded for Glorious Model O / O- @ HID: /dev/hidraw1
