    OpenRGB v0.91
    Commit:  from 
    Launched: 20241114_124407
====================================================================================================

1009  |Info:    Initializing HID interfaces: Success
1010  |Info:    ------------------------------------------------------
1010  |Info:    |               Start device detection               |
1010  |Info:    ------------------------------------------------------
1015  |Info:    ------------------------------------------------------
1015  |Info:    |             Detecting I2C interfaces               |
1015  |Info:    ------------------------------------------------------
1015  |Info:    Registering I2C interface: /dev/i2c-3 Device 1002:73DF Subsystem: 1EAE:6710
1015  |Info:    Registering I2C interface: /dev/i2c-1 Device 1002:73DF Subsystem: 1EAE:6710
1015  |Warning: [i2c_smbus_linux] Failed to read i2c device PCI device ID
1015  |Info:    Registering I2C interface: /dev/i2c-8 Device 0000:0000 Subsystem: 0000:0000
1015  |Warning: [i2c_smbus_linux] Failed to read i2c device PCI device ID
1015  |Info:    Registering I2C interface: /dev/i2c-6 Device 0000:0000 Subsystem: 0000:0000
1015  |Info:    Registering I2C interface: /dev/i2c-4 Device 1002:73DF Subsystem: 1EAE:6710
1016  |Info:    Registering I2C interface: /dev/i2c-2 Device 1002:73DF Subsystem: 1EAE:6710
1016  |Info:    Registering I2C interface: /dev/i2c-0 Device 1002:73DF Subsystem: 1EAE:6710
1016  |Warning: [i2c_smbus_linux] Failed to read i2c device PCI device ID
1016  |Info:    Registering I2C interface: /dev/i2c-7 Device 0000:0000 Subsystem: 0000:0000
1016  |Info:    Registering I2C interface: /dev/i2c-5 Device 1002:73DF Subsystem: 1EAE:6710
1016  |Info:    ------------------------------------------------------
1016  |Info:    |               Detecting I2C devices                |
1016  |Info:    ------------------------------------------------------
1056  |Info:    ------------------------------------------------------
1056  |Info:    |               Detecting I2C PCI devices            |
1056  |Info:    ------------------------------------------------------
1056  |Info:    ------------------------------------------------------
1056  |Info:    |               Detecting HID devices                |
1056  |Info:    ------------------------------------------------------
1230  |Info:    [B550 GAMING X V2] Registering RGB controller
1230  |Info:    ------------------------------------------------------
1230  |Info:    |            Detecting libusb HID devices            |
1230  |Info:    ------------------------------------------------------
1230  |Info:    ------------------------------------------------------
1230  |Info:    |              Detecting other devices               |
1230  |Info:    ------------------------------------------------------
1239  |Info:    ------------------------------------------------------
1239  |Info:    |                Detection completed                 |
1239  |Info:    ------------------------------------------------------
