    OpenRGB v0.9
    Commit:  from 
    Launched: 20241014_180045
====================================================================================================

2     |Info:    Found file: white.orp attempting to validate header
2     |Info:    Valid v4 profile found for white
1415  |Info:    ------------------------------------------------------
1415  |Info:    |               Start device detection               |
1415  |Info:    ------------------------------------------------------
1415  |Info:    Initializing HID interfaces: Success
1420  |Info:    ------------------------------------------------------
1420  |Info:    |             Detecting I2C interfaces               |
1420  |Info:    ------------------------------------------------------
1420  |Info:    Registering I2C interface: /dev/i2c-3 Device 1002:73DF Subsystem: 1EAE:6710
1420  |Info:    Registering I2C interface: /dev/i2c-1 Device 1002:73DF Subsystem: 1EAE:6710
1420  |Warning: [i2c_smbus_linux] Failed to read i2c device PCI device ID
1420  |Info:    Registering I2C interface: /dev/i2c-8 Device 0000:0000 Subsystem: 0000:0000
1420  |Warning: [i2c_smbus_linux] Failed to read i2c device PCI device ID
1420  |Info:    Registering I2C interface: /dev/i2c-6 Device 0000:0000 Subsystem: 0000:0000
1420  |Info:    Registering I2C interface: /dev/i2c-4 Device 1002:73DF Subsystem: 1EAE:6710
1420  |Info:    Registering I2C interface: /dev/i2c-2 Device 1002:73DF Subsystem: 1EAE:6710
1420  |Info:    Registering I2C interface: /dev/i2c-0 Device 1002:73DF Subsystem: 1EAE:6710
1420  |Warning: [i2c_smbus_linux] Failed to read i2c device PCI device ID
1420  |Info:    Registering I2C interface: /dev/i2c-7 Device 0000:0000 Subsystem: 0000:0000
1420  |Info:    Registering I2C interface: /dev/i2c-5 Device 1002:73DF Subsystem: 1EAE:6710
1420  |Info:    ------------------------------------------------------
1420  |Info:    |               Detecting I2C devices                |
1420  |Info:    ------------------------------------------------------
1457  |Info:    ------------------------------------------------------
1457  |Info:    |               Detecting I2C PCI devices            |
1457  |Info:    ------------------------------------------------------
1458  |Info:    ------------------------------------------------------
1458  |Info:    |               Detecting HID devices                |
1458  |Info:    ------------------------------------------------------
1632  |Info:    [B550 GAMING X V2] Registering RGB controller
1659  |Info:    [Glorious Model O / O-] Registering RGB controller
1659  |Info:    ------------------------------------------------------
1659  |Info:    |            Detecting libusb HID devices            |
1659  |Info:    ------------------------------------------------------
1659  |Info:    ------------------------------------------------------
1659  |Info:    |              Detecting other devices               |
1659  |Info:    ------------------------------------------------------
1671  |Info:    ------------------------------------------------------
1671  |Info:    |                Detection completed                 |
1671  |Info:    ------------------------------------------------------
1671  |Info:    Profile loading: Succeeded for B550 GAMING X V2 @ HID: /dev/hidraw1
1671  |Info:    Profile loading: Succeeded for Glorious Model O / O- @ HID: /dev/hidraw6
