    OpenRGB v0.9
    Commit:  from 
    Launched: 20241006_185340
====================================================================================================

4     |Info:    Found file: white.orp attempting to validate header
4     |Info:    Valid v4 profile found for white
1176  |Info:    ------------------------------------------------------
1176  |Info:    |               Start device detection               |
1176  |Info:    ------------------------------------------------------
1176  |Info:    Initializing HID interfaces: Success
1181  |Info:    ------------------------------------------------------
1181  |Info:    |             Detecting I2C interfaces               |
1181  |Info:    ------------------------------------------------------
1181  |Info:    Registering I2C interface: /dev/i2c-3 Device 1002:73DF Subsystem: 1EAE:6710
1181  |Info:    Registering I2C interface: /dev/i2c-1 Device 1002:73DF Subsystem: 1EAE:6710
1181  |Warning: [i2c_smbus_linux] Failed to read i2c device PCI device ID
1181  |Info:    Registering I2C interface: /dev/i2c-8 Device 0000:0000 Subsystem: 0000:0000
1181  |Warning: [i2c_smbus_linux] Failed to read i2c device PCI device ID
1181  |Info:    Registering I2C interface: /dev/i2c-6 Device 0000:0000 Subsystem: 0000:0000
1181  |Info:    Registering I2C interface: /dev/i2c-4 Device 1002:73DF Subsystem: 1EAE:6710
1181  |Info:    Registering I2C interface: /dev/i2c-2 Device 1002:73DF Subsystem: 1EAE:6710
1181  |Info:    Registering I2C interface: /dev/i2c-0 Device 1002:73DF Subsystem: 1EAE:6710
1181  |Warning: [i2c_smbus_linux] Failed to read i2c device PCI device ID
1182  |Info:    Registering I2C interface: /dev/i2c-7 Device 0000:0000 Subsystem: 0000:0000
1182  |Info:    Registering I2C interface: /dev/i2c-5 Device 1002:73DF Subsystem: 1EAE:6710
1182  |Info:    ------------------------------------------------------
1182  |Info:    |               Detecting I2C devices                |
1182  |Info:    ------------------------------------------------------
1225  |Info:    ------------------------------------------------------
1225  |Info:    |               Detecting I2C PCI devices            |
1225  |Info:    ------------------------------------------------------
1225  |Info:    ------------------------------------------------------
1225  |Info:    |               Detecting HID devices                |
1225  |Info:    ------------------------------------------------------
1425  |Info:    [B550 GAMING X V2] Registering RGB controller
1452  |Info:    [Glorious Model O / O-] Registering RGB controller
1452  |Info:    ------------------------------------------------------
1452  |Info:    |            Detecting libusb HID devices            |
1452  |Info:    ------------------------------------------------------
1452  |Info:    ------------------------------------------------------
1452  |Info:    |              Detecting other devices               |
1452  |Info:    ------------------------------------------------------
1464  |Info:    ------------------------------------------------------
1464  |Info:    |                Detection completed                 |
1464  |Info:    ------------------------------------------------------
1464  |Info:    Profile loading: Succeeded for B550 GAMING X V2 @ HID: /dev/hidraw1
1464  |Info:    Profile loading: Succeeded for Glorious Model O / O- @ HID: /dev/hidraw6
