    OpenRGB v0.9
    Commit:  from 
    Launched: 20241018_140206
====================================================================================================

3     |Info:    Found file: white.orp attempting to validate header
23    |Info:    Valid v4 profile found for white
1383  |Info:    ------------------------------------------------------
1384  |Info:    |               Start device detection               |
1384  |Info:    ------------------------------------------------------
1384  |Info:    Initializing HID interfaces: Success
1390  |Info:    ------------------------------------------------------
1390  |Info:    |             Detecting I2C interfaces               |
1390  |Info:    ------------------------------------------------------
1390  |Info:    Registering I2C interface: /dev/i2c-3 Device 1002:73DF Subsystem: 1EAE:6710
1390  |Info:    Registering I2C interface: /dev/i2c-1 Device 1002:73DF Subsystem: 1EAE:6710
1390  |Warning: [i2c_smbus_linux] Failed to read i2c device PCI device ID
1390  |Info:    Registering I2C interface: /dev/i2c-8 Device 0000:0000 Subsystem: 0000:0000
1390  |Warning: [i2c_smbus_linux] Failed to read i2c device PCI device ID
1391  |Info:    Registering I2C interface: /dev/i2c-6 Device 0000:0000 Subsystem: 0000:0000
1391  |Info:    Registering I2C interface: /dev/i2c-4 Device 1002:73DF Subsystem: 1EAE:6710
1391  |Info:    Registering I2C interface: /dev/i2c-2 Device 1002:73DF Subsystem: 1EAE:6710
1391  |Info:    Registering I2C interface: /dev/i2c-0 Device 1002:73DF Subsystem: 1EAE:6710
1391  |Warning: [i2c_smbus_linux] Failed to read i2c device PCI device ID
1391  |Info:    Registering I2C interface: /dev/i2c-7 Device 0000:0000 Subsystem: 0000:0000
1391  |Info:    Registering I2C interface: /dev/i2c-5 Device 1002:73DF Subsystem: 1EAE:6710
1391  |Info:    ------------------------------------------------------
1391  |Info:    |               Detecting I2C devices                |
1391  |Info:    ------------------------------------------------------
1431  |Info:    ------------------------------------------------------
1431  |Info:    |               Detecting I2C PCI devices            |
1431  |Info:    ------------------------------------------------------
1431  |Info:    ------------------------------------------------------
1431  |Info:    |               Detecting HID devices                |
1431  |Info:    ------------------------------------------------------
1660  |Info:    [B550 GAMING X V2] Registering RGB controller
1699  |Info:    [Glorious Model O / O-] Registering RGB controller
1699  |Info:    ------------------------------------------------------
1699  |Info:    |            Detecting libusb HID devices            |
1699  |Info:    ------------------------------------------------------
1699  |Info:    ------------------------------------------------------
1699  |Info:    |              Detecting other devices               |
1699  |Info:    ------------------------------------------------------
1729  |Info:    ------------------------------------------------------
1729  |Info:    |                Detection completed                 |
1729  |Info:    ------------------------------------------------------
1729  |Info:    Profile loading: Succeeded for B550 GAMING X V2 @ HID: /dev/hidraw1
1729  |Info:    Profile loading: Succeeded for Glorious Model O / O- @ HID: /dev/hidraw8
