    OpenRGB v0.9
    Commit:  from 
    Launched: 20240724_220846
====================================================================================================

1     |Info:    Found file: white.orp attempting to validate header
2     |Info:    Valid v4 profile found for white
1231  |Info:    ------------------------------------------------------
1231  |Info:    |               Start device detection               |
1231  |Info:    ------------------------------------------------------
1232  |Info:    Initializing HID interfaces: Success
1237  |Info:    ------------------------------------------------------
1237  |Info:    |             Detecting I2C interfaces               |
1237  |Info:    ------------------------------------------------------
1237  |Info:    Registering I2C interface: /dev/i2c-3 Device 1002:73DF Subsystem: 1EAE:6710
1237  |Info:    Registering I2C interface: /dev/i2c-1 Device 1002:73DF Subsystem: 1EAE:6710
1237  |Warning: [i2c_smbus_linux] Failed to read i2c device PCI device ID
1237  |Info:    Registering I2C interface: /dev/i2c-8 Device 0000:0000 Subsystem: 0000:0000
1237  |Warning: [i2c_smbus_linux] Failed to read i2c device PCI device ID
1237  |Info:    Registering I2C interface: /dev/i2c-6 Device 0000:0000 Subsystem: 0000:0000
1237  |Info:    Registering I2C interface: /dev/i2c-4 Device 1002:73DF Subsystem: 1EAE:6710
1237  |Info:    Registering I2C interface: /dev/i2c-2 Device 1002:73DF Subsystem: 1EAE:6710
1238  |Info:    Registering I2C interface: /dev/i2c-0 Device 1002:73DF Subsystem: 1EAE:6710
1238  |Warning: [i2c_smbus_linux] Failed to read i2c device PCI device ID
1238  |Info:    Registering I2C interface: /dev/i2c-7 Device 0000:0000 Subsystem: 0000:0000
1238  |Info:    Registering I2C interface: /dev/i2c-5 Device 1002:73DF Subsystem: 1EAE:6710
1238  |Info:    ------------------------------------------------------
1238  |Info:    |               Detecting I2C devices                |
1238  |Info:    ------------------------------------------------------
1277  |Info:    ------------------------------------------------------
1277  |Info:    |               Detecting I2C PCI devices            |
1277  |Info:    ------------------------------------------------------
1278  |Info:    ------------------------------------------------------
1278  |Info:    |               Detecting HID devices                |
1278  |Info:    ------------------------------------------------------
1454  |Info:    [B550 GAMING X V2] Registering RGB controller
1464  |Info:    [Glorious Model O / O-] Registering RGB controller
1464  |Info:    ------------------------------------------------------
1464  |Info:    |            Detecting libusb HID devices            |
1464  |Info:    ------------------------------------------------------
1464  |Info:    ------------------------------------------------------
1464  |Info:    |              Detecting other devices               |
1464  |Info:    ------------------------------------------------------
1478  |Info:    Profile loading: Succeeded for B550 GAMING X V2 @ HID: /dev/hidraw2
1478  |Info:    Profile loading: Succeeded for Glorious Model O / O- @ HID: /dev/hidraw7
1478  |Info:    ------------------------------------------------------
1478  |Info:    |                Detection completed                 |
1478  |Info:    ------------------------------------------------------
