    OpenRGB v0.91
    Commit:  from 
    Launched: 20241205_112530
====================================================================================================

1003  |Info:    Initializing HID interfaces: Success
1003  |Info:    ------------------------------------------------------
1003  |Info:    |               Start device detection               |
1003  |Info:    ------------------------------------------------------
1009  |Info:    ------------------------------------------------------
1023  |Info:    |             Detecting I2C interfaces               |
1023  |Info:    ------------------------------------------------------
1024  |Info:    Registering I2C interface: /dev/i2c-3 Device 1002:73DF Subsystem: 1EAE:6710
1024  |Info:    Registering I2C interface: /dev/i2c-1 Device 1002:73DF Subsystem: 1EAE:6710
1024  |Warning: [i2c_smbus_linux] Failed to read i2c device PCI device ID
1024  |Info:    Registering I2C interface: /dev/i2c-8 Device 0000:0000 Subsystem: 0000:0000
1024  |Warning: [i2c_smbus_linux] Failed to read i2c device PCI device ID
1024  |Info:    Registering I2C interface: /dev/i2c-6 Device 0000:0000 Subsystem: 0000:0000
1024  |Info:    Registering I2C interface: /dev/i2c-4 Device 1002:73DF Subsystem: 1EAE:6710
1024  |Info:    Registering I2C interface: /dev/i2c-2 Device 1002:73DF Subsystem: 1EAE:6710
1024  |Info:    Registering I2C interface: /dev/i2c-0 Device 1002:73DF Subsystem: 1EAE:6710
1024  |Warning: [i2c_smbus_linux] Failed to read i2c device PCI device ID
1024  |Info:    Registering I2C interface: /dev/i2c-7 Device 0000:0000 Subsystem: 0000:0000
1024  |Info:    Registering I2C interface: /dev/i2c-5 Device 1002:73DF Subsystem: 1EAE:6710
1024  |Info:    ------------------------------------------------------
1024  |Info:    |               Detecting I2C devices                |
1024  |Info:    ------------------------------------------------------
1064  |Info:    ------------------------------------------------------
1064  |Info:    |               Detecting I2C PCI devices            |
1064  |Info:    ------------------------------------------------------
1065  |Info:    ------------------------------------------------------
1065  |Info:    |               Detecting HID devices                |
1065  |Info:    ------------------------------------------------------
1291  |Info:    [B550 GAMING X V2] Registering RGB controller
2366  |Info:    [Corsair Harpoon RGB PRO] Registering RGB controller
2366  |Info:    ------------------------------------------------------
2366  |Info:    |            Detecting libusb HID devices            |
2366  |Info:    ------------------------------------------------------
2366  |Info:    ------------------------------------------------------
2366  |Info:    |              Detecting other devices               |
2366  |Info:    ------------------------------------------------------
2375  |Info:    ------------------------------------------------------
2375  |Info:    |                Detection completed                 |
2375  |Info:    ------------------------------------------------------
