    OpenRGB v0.9
    Commit:  from 
    Launched: 20240830_210633
====================================================================================================

26    |Info:    Found file: white.orp attempting to validate header
28    |Info:    Valid v4 profile found for white
1273  |Info:    ------------------------------------------------------
1273  |Info:    |               Start device detection               |
1273  |Info:    ------------------------------------------------------
1273  |Info:    Initializing HID interfaces: Success
1278  |Info:    ------------------------------------------------------
1294  |Info:    |             Detecting I2C interfaces               |
1294  |Info:    ------------------------------------------------------
1294  |Info:    Registering I2C interface: /dev/i2c-3 Device 1002:73DF Subsystem: 1EAE:6710
1294  |Info:    Registering I2C interface: /dev/i2c-1 Device 1002:73DF Subsystem: 1EAE:6710
1294  |Warning: [i2c_smbus_linux] Failed to read i2c device PCI device ID
1294  |Info:    Registering I2C interface: /dev/i2c-8 Device 0000:0000 Subsystem: 0000:0000
1294  |Warning: [i2c_smbus_linux] Failed to read i2c device PCI device ID
1294  |Info:    Registering I2C interface: /dev/i2c-6 Device 0000:0000 Subsystem: 0000:0000
1294  |Info:    Registering I2C interface: /dev/i2c-4 Device 1002:73DF Subsystem: 1EAE:6710
1294  |Info:    Registering I2C interface: /dev/i2c-2 Device 1002:73DF Subsystem: 1EAE:6710
1295  |Info:    Registering I2C interface: /dev/i2c-0 Device 1002:73DF Subsystem: 1EAE:6710
1295  |Warning: [i2c_smbus_linux] Failed to read i2c device PCI device ID
1295  |Info:    Registering I2C interface: /dev/i2c-7 Device 0000:0000 Subsystem: 0000:0000
1295  |Info:    Registering I2C interface: /dev/i2c-5 Device 1002:73DF Subsystem: 1EAE:6710
1295  |Info:    ------------------------------------------------------
1295  |Info:    |               Detecting I2C devices                |
1295  |Info:    ------------------------------------------------------
1336  |Info:    ------------------------------------------------------
1336  |Info:    |               Detecting I2C PCI devices            |
1336  |Info:    ------------------------------------------------------
1337  |Info:    ------------------------------------------------------
1337  |Info:    |               Detecting HID devices                |
1337  |Info:    ------------------------------------------------------
1511  |Info:    [B550 GAMING X V2] Registering RGB controller
1521  |Info:    [Glorious Model O / O-] Registering RGB controller
1521  |Info:    ------------------------------------------------------
1522  |Info:    |            Detecting libusb HID devices            |
1522  |Info:    ------------------------------------------------------
1522  |Info:    ------------------------------------------------------
1522  |Info:    |              Detecting other devices               |
1522  |Info:    ------------------------------------------------------
1532  |Info:    ------------------------------------------------------
1532  |Info:    |                Detection completed                 |
1532  |Info:    ------------------------------------------------------
1532  |Info:    Profile loading: Succeeded for B550 GAMING X V2 @ HID: /dev/hidraw2
1532  |Info:    Profile loading: Succeeded for Glorious Model O / O- @ HID: /dev/hidraw1
