    OpenRGB v0.9
    Commit:  from 
    Launched: 20240807_145813
====================================================================================================

1     |Info:    Found file: white.orp attempting to validate header
1     |Info:    Valid v4 profile found for white
1230  |Info:    ------------------------------------------------------
1230  |Info:    |               Start device detection               |
1230  |Info:    ------------------------------------------------------
1230  |Info:    Initializing HID interfaces: Success
1235  |Info:    ------------------------------------------------------
1235  |Info:    |             Detecting I2C interfaces               |
1235  |Info:    ------------------------------------------------------
1236  |Info:    Registering I2C interface: /dev/i2c-3 Device 1002:73DF Subsystem: 1EAE:6710
1236  |Info:    Registering I2C interface: /dev/i2c-1 Device 1002:73DF Subsystem: 1EAE:6710
1236  |Warning: [i2c_smbus_linux] Failed to read i2c device PCI device ID
1236  |Info:    Registering I2C interface: /dev/i2c-8 Device 0000:0000 Subsystem: 0000:0000
1236  |Warning: [i2c_smbus_linux] Failed to read i2c device PCI device ID
1236  |Info:    Registering I2C interface: /dev/i2c-6 Device 0000:0000 Subsystem: 0000:0000
1236  |Info:    Registering I2C interface: /dev/i2c-4 Device 1002:73DF Subsystem: 1EAE:6710
1236  |Info:    Registering I2C interface: /dev/i2c-2 Device 1002:73DF Subsystem: 1EAE:6710
1236  |Info:    Registering I2C interface: /dev/i2c-0 Device 1002:73DF Subsystem: 1EAE:6710
1236  |Warning: [i2c_smbus_linux] Failed to read i2c device PCI device ID
1236  |Info:    Registering I2C interface: /dev/i2c-7 Device 0000:0000 Subsystem: 0000:0000
1236  |Info:    Registering I2C interface: /dev/i2c-5 Device 1002:73DF Subsystem: 1EAE:6710
1236  |Info:    ------------------------------------------------------
1236  |Info:    |               Detecting I2C devices                |
1236  |Info:    ------------------------------------------------------
1280  |Info:    ------------------------------------------------------
1280  |Info:    |               Detecting I2C PCI devices            |
1280  |Info:    ------------------------------------------------------
1280  |Info:    ------------------------------------------------------
1280  |Info:    |               Detecting HID devices                |
1280  |Info:    ------------------------------------------------------
1457  |Info:    [B550 GAMING X V2] Registering RGB controller
1469  |Info:    [Glorious Model O / O-] Registering RGB controller
1469  |Info:    ------------------------------------------------------
1469  |Info:    |            Detecting libusb HID devices            |
1469  |Info:    ------------------------------------------------------
1469  |Info:    ------------------------------------------------------
1469  |Info:    |              Detecting other devices               |
1469  |Info:    ------------------------------------------------------
1483  |Info:    ------------------------------------------------------
1483  |Info:    |                Detection completed                 |
1483  |Info:    ------------------------------------------------------
1484  |Info:    Profile loading: Succeeded for B550 GAMING X V2 @ HID: /dev/hidraw2
1484  |Info:    Profile loading: Succeeded for Glorious Model O / O- @ HID: /dev/hidraw7
