    OpenRGB v0.9
    Commit:  from 
    Launched: 20241006_225014
====================================================================================================

2     |Info:    Found file: white.orp attempting to validate header
3     |Info:    Valid v4 profile found for white
1174  |Info:    ------------------------------------------------------
1174  |Info:    |               Start device detection               |
1174  |Info:    ------------------------------------------------------
1174  |Info:    Initializing HID interfaces: Success
1179  |Info:    ------------------------------------------------------
1179  |Info:    |             Detecting I2C interfaces               |
1179  |Info:    ------------------------------------------------------
1179  |Info:    Registering I2C interface: /dev/i2c-3 Device 1002:73DF Subsystem: 1EAE:6710
1179  |Info:    Registering I2C interface: /dev/i2c-1 Device 1002:73DF Subsystem: 1EAE:6710
1179  |Warning: [i2c_smbus_linux] Failed to read i2c device PCI device ID
1179  |Info:    Registering I2C interface: /dev/i2c-8 Device 0000:0000 Subsystem: 0000:0000
1179  |Warning: [i2c_smbus_linux] Failed to read i2c device PCI device ID
1179  |Info:    Registering I2C interface: /dev/i2c-6 Device 0000:0000 Subsystem: 0000:0000
1179  |Info:    Registering I2C interface: /dev/i2c-4 Device 1002:73DF Subsystem: 1EAE:6710
1179  |Info:    Registering I2C interface: /dev/i2c-2 Device 1002:73DF Subsystem: 1EAE:6710
1179  |Info:    Registering I2C interface: /dev/i2c-0 Device 1002:73DF Subsystem: 1EAE:6710
1180  |Warning: [i2c_smbus_linux] Failed to read i2c device PCI device ID
1180  |Info:    Registering I2C interface: /dev/i2c-7 Device 0000:0000 Subsystem: 0000:0000
1180  |Info:    Registering I2C interface: /dev/i2c-5 Device 1002:73DF Subsystem: 1EAE:6710
1180  |Info:    ------------------------------------------------------
1180  |Info:    |               Detecting I2C devices                |
1180  |Info:    ------------------------------------------------------
1219  |Info:    ------------------------------------------------------
1220  |Info:    |               Detecting I2C PCI devices            |
1220  |Info:    ------------------------------------------------------
1220  |Info:    ------------------------------------------------------
1220  |Info:    |               Detecting HID devices                |
1220  |Info:    ------------------------------------------------------
1398  |Info:    [B550 GAMING X V2] Registering RGB controller
1425  |Info:    [Glorious Model O / O-] Registering RGB controller
1425  |Info:    ------------------------------------------------------
1425  |Info:    |            Detecting libusb HID devices            |
1425  |Info:    ------------------------------------------------------
1425  |Info:    ------------------------------------------------------
1425  |Info:    |              Detecting other devices               |
1425  |Info:    ------------------------------------------------------
1440  |Info:    ------------------------------------------------------
1440  |Info:    |                Detection completed                 |
1440  |Info:    ------------------------------------------------------
1440  |Info:    Profile loading: Succeeded for B550 GAMING X V2 @ HID: /dev/hidraw1
1440  |Info:    Profile loading: Succeeded for Glorious Model O / O- @ HID: /dev/hidraw6
