    OpenRGB v0.9
    Commit:  from 
    Launched: 20241004_161000
====================================================================================================

3     |Info:    Found file: white.orp attempting to validate header
4     |Info:    Valid v4 profile found for white
1965  |Info:    ------------------------------------------------------
1965  |Info:    |               Start device detection               |
1965  |Info:    ------------------------------------------------------
1965  |Info:    Initializing HID interfaces: Success
1970  |Info:    ------------------------------------------------------
1970  |Info:    |             Detecting I2C interfaces               |
1970  |Info:    ------------------------------------------------------
1971  |Info:    Registering I2C interface: /dev/i2c-3 Device 1002:73DF Subsystem: 1EAE:6710
1971  |Info:    Registering I2C interface: /dev/i2c-1 Device 1002:73DF Subsystem: 1EAE:6710
1971  |Warning: [i2c_smbus_linux] Failed to read i2c device PCI device ID
1971  |Info:    Registering I2C interface: /dev/i2c-8 Device 0000:0000 Subsystem: 0000:0000
1971  |Warning: [i2c_smbus_linux] Failed to read i2c device PCI device ID
1971  |Info:    Registering I2C interface: /dev/i2c-6 Device 0000:0000 Subsystem: 0000:0000
1971  |Info:    Registering I2C interface: /dev/i2c-4 Device 1002:73DF Subsystem: 1EAE:6710
1971  |Info:    Registering I2C interface: /dev/i2c-2 Device 1002:73DF Subsystem: 1EAE:6710
1971  |Info:    Registering I2C interface: /dev/i2c-0 Device 1002:73DF Subsystem: 1EAE:6710
1971  |Warning: [i2c_smbus_linux] Failed to read i2c device PCI device ID
1971  |Info:    Registering I2C interface: /dev/i2c-7 Device 0000:0000 Subsystem: 0000:0000
1971  |Info:    Registering I2C interface: /dev/i2c-5 Device 1002:73DF Subsystem: 1EAE:6710
1971  |Info:    ------------------------------------------------------
1971  |Info:    |               Detecting I2C devices                |
1971  |Info:    ------------------------------------------------------
2056  |Info:    ------------------------------------------------------
2056  |Info:    |               Detecting I2C PCI devices            |
2056  |Info:    ------------------------------------------------------
2057  |Info:    ------------------------------------------------------
2057  |Info:    |               Detecting HID devices                |
2057  |Info:    ------------------------------------------------------
2238  |Info:    [B550 GAMING X V2] Registering RGB controller
2250  |Info:    [Glorious Model O / O-] Registering RGB controller
2250  |Info:    ------------------------------------------------------
2250  |Info:    |            Detecting libusb HID devices            |
2250  |Info:    ------------------------------------------------------
2250  |Info:    ------------------------------------------------------
2250  |Info:    |              Detecting other devices               |
2250  |Info:    ------------------------------------------------------
2264  |Info:    ------------------------------------------------------
2264  |Info:    |                Detection completed                 |
2264  |Info:    ------------------------------------------------------
2264  |Info:    Profile loading: Succeeded for B550 GAMING X V2 @ HID: /dev/hidraw0
2264  |Info:    Profile loading: Succeeded for Glorious Model O / O- @ HID: /dev/hidraw6
