    OpenRGB v0.91
    Commit:  from 
    Launched: 20241105_145211
====================================================================================================

1002  |Info:    Initializing HID interfaces: Success
1002  |Info:    ------------------------------------------------------
1002  |Info:    |               Start device detection               |
1002  |Info:    ------------------------------------------------------
1009  |Info:    ------------------------------------------------------
1009  |Info:    |             Detecting I2C interfaces               |
1009  |Info:    ------------------------------------------------------
1009  |Info:    Registering I2C interface: /dev/i2c-3 Device 1002:73DF Subsystem: 1EAE:6710
1009  |Info:    Registering I2C interface: /dev/i2c-1 Device 1002:73DF Subsystem: 1EAE:6710
1009  |Warning: [i2c_smbus_linux] Failed to read i2c device PCI device ID
1009  |Info:    Registering I2C interface: /dev/i2c-8 Device 0000:0000 Subsystem: 0000:0000
1009  |Warning: [i2c_smbus_linux] Failed to read i2c device PCI device ID
1009  |Info:    Registering I2C interface: /dev/i2c-6 Device 0000:0000 Subsystem: 0000:0000
1011  |Info:    Registering I2C interface: /dev/i2c-4 Device 1002:73DF Subsystem: 1EAE:6710
1011  |Info:    Registering I2C interface: /dev/i2c-2 Device 1002:73DF Subsystem: 1EAE:6710
1011  |Info:    Registering I2C interface: /dev/i2c-0 Device 1002:73DF Subsystem: 1EAE:6710
1011  |Warning: [i2c_smbus_linux] Failed to read i2c device PCI device ID
1011  |Info:    Registering I2C interface: /dev/i2c-7 Device 0000:0000 Subsystem: 0000:0000
1011  |Info:    Registering I2C interface: /dev/i2c-5 Device 1002:73DF Subsystem: 1EAE:6710
1011  |Info:    ------------------------------------------------------
1011  |Info:    |               Detecting I2C devices                |
1011  |Info:    ------------------------------------------------------
1050  |Info:    ------------------------------------------------------
1050  |Info:    |               Detecting I2C PCI devices            |
1050  |Info:    ------------------------------------------------------
1051  |Info:    ------------------------------------------------------
1051  |Info:    |               Detecting HID devices                |
1051  |Info:    ------------------------------------------------------
1226  |Info:    [B550 GAMING X V2] Registering RGB controller
1253  |Info:    [Glorious Model O / O-] Registering RGB controller
1253  |Info:    ------------------------------------------------------
1253  |Info:    |            Detecting libusb HID devices            |
1253  |Info:    ------------------------------------------------------
1253  |Info:    ------------------------------------------------------
1253  |Info:    |              Detecting other devices               |
1253  |Info:    ------------------------------------------------------
1263  |Info:    ------------------------------------------------------
1263  |Info:    |                Detection completed                 |
1263  |Info:    ------------------------------------------------------
