    OpenRGB v0.9
    Commit:  from 
    Launched: 20240827_200316
====================================================================================================

0     |Info:    Found file: white.orp attempting to validate header
0     |Info:    Valid v4 profile found for white
1053  |Info:    ------------------------------------------------------
1053  |Info:    |               Start device detection               |
1053  |Info:    ------------------------------------------------------
1053  |Info:    Initializing HID interfaces: Success
1059  |Info:    ------------------------------------------------------
1059  |Info:    |             Detecting I2C interfaces               |
1059  |Info:    ------------------------------------------------------
1059  |Info:    Registering I2C interface: /dev/i2c-3 Device 1002:73DF Subsystem: 1EAE:6710
1059  |Info:    Registering I2C interface: /dev/i2c-1 Device 1002:73DF Subsystem: 1EAE:6710
1059  |Warning: [i2c_smbus_linux] Failed to read i2c device PCI device ID
1059  |Info:    Registering I2C interface: /dev/i2c-8 Device 0000:0000 Subsystem: 0000:0000
1059  |Warning: [i2c_smbus_linux] Failed to read i2c device PCI device ID
1060  |Info:    Registering I2C interface: /dev/i2c-6 Device 0000:0000 Subsystem: 0000:0000
1060  |Info:    Registering I2C interface: /dev/i2c-4 Device 1002:73DF Subsystem: 1EAE:6710
1060  |Info:    Registering I2C interface: /dev/i2c-2 Device 1002:73DF Subsystem: 1EAE:6710
1060  |Info:    Registering I2C interface: /dev/i2c-0 Device 1002:73DF Subsystem: 1EAE:6710
1060  |Warning: [i2c_smbus_linux] Failed to read i2c device PCI device ID
1060  |Info:    Registering I2C interface: /dev/i2c-7 Device 0000:0000 Subsystem: 0000:0000
1060  |Info:    Registering I2C interface: /dev/i2c-5 Device 1002:73DF Subsystem: 1EAE:6710
1060  |Info:    ------------------------------------------------------
1060  |Info:    |               Detecting I2C devices                |
1060  |Info:    ------------------------------------------------------
1101  |Info:    ------------------------------------------------------
1101  |Info:    |               Detecting I2C PCI devices            |
1101  |Info:    ------------------------------------------------------
1101  |Info:    ------------------------------------------------------
1101  |Info:    |               Detecting HID devices                |
1101  |Info:    ------------------------------------------------------
1276  |Info:    [B550 GAMING X V2] Registering RGB controller
1286  |Info:    [Glorious Model O / O-] Registering RGB controller
1286  |Info:    ------------------------------------------------------
1286  |Info:    |            Detecting libusb HID devices            |
1286  |Info:    ------------------------------------------------------
1286  |Info:    ------------------------------------------------------
1286  |Info:    |              Detecting other devices               |
1286  |Info:    ------------------------------------------------------
1294  |Info:    ------------------------------------------------------
1305  |Info:    |                Detection completed                 |
1305  |Info:    ------------------------------------------------------
1305  |Info:    Profile loading: Succeeded for B550 GAMING X V2 @ HID: /dev/hidraw2
1305  |Info:    Profile loading: Succeeded for Glorious Model O / O- @ HID: /dev/hidraw1
