    OpenRGB v0.9
    Commit:  from 
    Launched: 20240913_215820
====================================================================================================

0     |Info:    Found file: white.orp attempting to validate header
0     |Info:    Valid v4 profile found for white
1001  |Info:    ------------------------------------------------------
1002  |Info:    |               Start device detection               |
1002  |Info:    ------------------------------------------------------
1002  |Info:    Initializing HID interfaces: Success
1007  |Info:    ------------------------------------------------------
1007  |Info:    |             Detecting I2C interfaces               |
1007  |Info:    ------------------------------------------------------
1007  |Info:    Registering I2C interface: /dev/i2c-3 Device 1002:73DF Subsystem: 1EAE:6710
1007  |Info:    Registering I2C interface: /dev/i2c-1 Device 1002:73DF Subsystem: 1EAE:6710
1007  |Warning: [i2c_smbus_linux] Failed to read i2c device PCI device ID
1007  |Info:    Registering I2C interface: /dev/i2c-8 Device 0000:0000 Subsystem: 0000:0000
1007  |Warning: [i2c_smbus_linux] Failed to read i2c device PCI device ID
1007  |Info:    Registering I2C interface: /dev/i2c-6 Device 0000:0000 Subsystem: 0000:0000
1007  |Info:    Registering I2C interface: /dev/i2c-4 Device 1002:73DF Subsystem: 1EAE:6710
1007  |Info:    Registering I2C interface: /dev/i2c-2 Device 1002:73DF Subsystem: 1EAE:6710
1008  |Info:    Registering I2C interface: /dev/i2c-0 Device 1002:73DF Subsystem: 1EAE:6710
1008  |Warning: [i2c_smbus_linux] Failed to read i2c device PCI device ID
1008  |Info:    Registering I2C interface: /dev/i2c-7 Device 0000:0000 Subsystem: 0000:0000
1008  |Info:    Registering I2C interface: /dev/i2c-5 Device 1002:73DF Subsystem: 1EAE:6710
1008  |Info:    ------------------------------------------------------
1008  |Info:    |               Detecting I2C devices                |
1008  |Info:    ------------------------------------------------------
1046  |Info:    ------------------------------------------------------
1046  |Info:    |               Detecting I2C PCI devices            |
1046  |Info:    ------------------------------------------------------
1047  |Info:    ------------------------------------------------------
1047  |Info:    |               Detecting HID devices                |
1047  |Info:    ------------------------------------------------------
1172  |Info:    [B550 GAMING X V2] Registering RGB controller
1183  |Info:    [Glorious Model O / O-] Registering RGB controller
1183  |Info:    ------------------------------------------------------
1183  |Info:    |            Detecting libusb HID devices            |
1183  |Info:    ------------------------------------------------------
1183  |Info:    ------------------------------------------------------
1183  |Info:    |              Detecting other devices               |
1183  |Info:    ------------------------------------------------------
1194  |Info:    ------------------------------------------------------
1194  |Info:    |                Detection completed                 |
1194  |Info:    ------------------------------------------------------
1194  |Info:    Profile loading: Succeeded for B550 GAMING X V2 @ HID: /dev/hidraw2
1194  |Info:    Profile loading: Succeeded for Glorious Model O / O- @ HID: /dev/hidraw1
