    OpenRGB v0.91
    Commit:  from 
    Launched: 20241202_010416
====================================================================================================

1010  |Info:    Initializing HID interfaces: Success
1032  |Info:    ------------------------------------------------------
1032  |Info:    |               Start device detection               |
1032  |Info:    ------------------------------------------------------
1039  |Info:    ------------------------------------------------------
1039  |Info:    |             Detecting I2C interfaces               |
1039  |Info:    ------------------------------------------------------
1039  |Info:    Registering I2C interface: /dev/i2c-3 Device 1002:73DF Subsystem: 1EAE:6710
1039  |Info:    Registering I2C interface: /dev/i2c-1 Device 1002:73DF Subsystem: 1EAE:6710
1039  |Warning: [i2c_smbus_linux] Failed to read i2c device PCI device ID
1039  |Info:    Registering I2C interface: /dev/i2c-8 Device 0000:0000 Subsystem: 0000:0000
1039  |Warning: [i2c_smbus_linux] Failed to read i2c device PCI device ID
1039  |Info:    Registering I2C interface: /dev/i2c-6 Device 0000:0000 Subsystem: 0000:0000
1039  |Info:    Registering I2C interface: /dev/i2c-4 Device 1002:73DF Subsystem: 1EAE:6710
1039  |Info:    Registering I2C interface: /dev/i2c-2 Device 1002:73DF Subsystem: 1EAE:6710
1039  |Info:    Registering I2C interface: /dev/i2c-0 Device 1002:73DF Subsystem: 1EAE:6710
1040  |Warning: [i2c_smbus_linux] Failed to read i2c device PCI device ID
1040  |Info:    Registering I2C interface: /dev/i2c-7 Device 0000:0000 Subsystem: 0000:0000
1040  |Info:    Registering I2C interface: /dev/i2c-5 Device 1002:73DF Subsystem: 1EAE:6710
1040  |Info:    ------------------------------------------------------
1040  |Info:    |               Detecting I2C devices                |
1040  |Info:    ------------------------------------------------------
1107  |Info:    ------------------------------------------------------
1107  |Info:    |               Detecting I2C PCI devices            |
1107  |Info:    ------------------------------------------------------
1107  |Info:    ------------------------------------------------------
1107  |Info:    |               Detecting HID devices                |
1107  |Info:    ------------------------------------------------------
1279  |Info:    [B550 GAMING X V2] Registering RGB controller
