    OpenRGB v0.9
    Commit:  from 
    Launched: 20241014_180417
====================================================================================================

3     |Info:    Found file: white.orp attempting to validate header
3     |Info:    Valid v4 profile found for white
1039  |Info:    ------------------------------------------------------
1039  |Info:    |               Start device detection               |
1039  |Info:    ------------------------------------------------------
1039  |Info:    Initializing HID interfaces: Success
1044  |Info:    ------------------------------------------------------
1044  |Info:    |             Detecting I2C interfaces               |
1044  |Info:    ------------------------------------------------------
1044  |Info:    Registering I2C interface: /dev/i2c-3 Device 1002:73DF Subsystem: 1EAE:6710
1044  |Info:    Registering I2C interface: /dev/i2c-1 Device 1002:73DF Subsystem: 1EAE:6710
1044  |Warning: [i2c_smbus_linux] Failed to read i2c device PCI device ID
1044  |Info:    Registering I2C interface: /dev/i2c-8 Device 0000:0000 Subsystem: 0000:0000
1044  |Warning: [i2c_smbus_linux] Failed to read i2c device PCI device ID
1044  |Info:    Registering I2C interface: /dev/i2c-6 Device 0000:0000 Subsystem: 0000:0000
1044  |Info:    Registering I2C interface: /dev/i2c-4 Device 1002:73DF Subsystem: 1EAE:6710
1045  |Info:    Registering I2C interface: /dev/i2c-2 Device 1002:73DF Subsystem: 1EAE:6710
1045  |Info:    Registering I2C interface: /dev/i2c-0 Device 1002:73DF Subsystem: 1EAE:6710
1045  |Warning: [i2c_smbus_linux] Failed to read i2c device PCI device ID
1045  |Info:    Registering I2C interface: /dev/i2c-7 Device 0000:0000 Subsystem: 0000:0000
1045  |Info:    Registering I2C interface: /dev/i2c-5 Device 1002:73DF Subsystem: 1EAE:6710
1045  |Info:    ------------------------------------------------------
1045  |Info:    |               Detecting I2C devices                |
1045  |Info:    ------------------------------------------------------
1107  |Info:    ------------------------------------------------------
1107  |Info:    |               Detecting I2C PCI devices            |
1107  |Info:    ------------------------------------------------------
1108  |Info:    ------------------------------------------------------
1108  |Info:    |               Detecting HID devices                |
1108  |Info:    ------------------------------------------------------
1281  |Info:    [B550 GAMING X V2] Registering RGB controller
1308  |Info:    [Glorious Model O / O-] Registering RGB controller
1308  |Info:    ------------------------------------------------------
1308  |Info:    |            Detecting libusb HID devices            |
1308  |Info:    ------------------------------------------------------
1309  |Info:    ------------------------------------------------------
1309  |Info:    |              Detecting other devices               |
1309  |Info:    ------------------------------------------------------
1317  |Info:    ------------------------------------------------------
1317  |Info:    |                Detection completed                 |
1317  |Info:    ------------------------------------------------------
1317  |Info:    Profile loading: Succeeded for B550 GAMING X V2 @ HID: /dev/hidraw1
1317  |Info:    Profile loading: Succeeded for Glorious Model O / O- @ HID: /dev/hidraw6
