    OpenRGB v0.91
    Commit:  from 
    Launched: 20250101_002017
====================================================================================================

1002  |Info:    Initializing HID interfaces: Success
1002  |Info:    ------------------------------------------------------
1002  |Info:    |               Start device detection               |
1002  |Info:    ------------------------------------------------------
1008  |Info:    ------------------------------------------------------
1008  |Info:    |             Detecting I2C interfaces               |
1008  |Info:    ------------------------------------------------------
1008  |Info:    Registering I2C interface: /dev/i2c-3 Device 1002:73DF Subsystem: 1EAE:6710
1008  |Info:    Registering I2C interface: /dev/i2c-1 Device 1002:73DF Subsystem: 1EAE:6710
1008  |Warning: [i2c_smbus_linux] Failed to read i2c device PCI device ID
1008  |Info:    Registering I2C interface: /dev/i2c-8 Device 0000:0000 Subsystem: 0000:0000
1008  |Warning: [i2c_smbus_linux] Failed to read i2c device PCI device ID
1008  |Info:    Registering I2C interface: /dev/i2c-6 Device 0000:0000 Subsystem: 0000:0000
1009  |Info:    Registering I2C interface: /dev/i2c-4 Device 1002:73DF Subsystem: 1EAE:6710
1009  |Info:    Registering I2C interface: /dev/i2c-2 Device 1002:73DF Subsystem: 1EAE:6710
1009  |Info:    Registering I2C interface: /dev/i2c-0 Device 1002:73DF Subsystem: 1EAE:6710
1009  |Warning: [i2c_smbus_linux] Failed to read i2c device PCI device ID
1009  |Info:    Registering I2C interface: /dev/i2c-7 Device 0000:0000 Subsystem: 0000:0000
1009  |Info:    Registering I2C interface: /dev/i2c-5 Device 1002:73DF Subsystem: 1EAE:6710
1009  |Info:    ------------------------------------------------------
1009  |Info:    |               Detecting I2C devices                |
1009  |Info:    ------------------------------------------------------
1048  |Info:    ------------------------------------------------------
1048  |Info:    |               Detecting I2C PCI devices            |
1048  |Info:    ------------------------------------------------------
1048  |Info:    ------------------------------------------------------
1048  |Info:    |               Detecting HID devices                |
1048  |Info:    ------------------------------------------------------
1170  |Info:    [B550 GAMING X V2] Registering RGB controller
2179  |Info:    [Corsair Harpoon RGB PRO] Registering RGB controller
2179  |Info:    ------------------------------------------------------
2179  |Info:    |            Detecting libusb HID devices            |
2179  |Info:    ------------------------------------------------------
2180  |Info:    ------------------------------------------------------
2180  |Info:    |              Detecting other devices               |
2180  |Info:    ------------------------------------------------------
2190  |Info:    ------------------------------------------------------
2190  |Info:    |                Detection completed                 |
2190  |Info:    ------------------------------------------------------
