    OpenRGB v0.9
    Commit:  from 
    Launched: 20240723_192124
====================================================================================================

2     |Info:    Found file: white.orp attempting to validate header
3     |Info:    Valid v4 profile found for white
1086  |Info:    ------------------------------------------------------
1086  |Info:    |               Start device detection               |
1086  |Info:    ------------------------------------------------------
1086  |Info:    Initializing HID interfaces: Success
1092  |Info:    ------------------------------------------------------
1092  |Info:    |             Detecting I2C interfaces               |
1092  |Info:    ------------------------------------------------------
1092  |Info:    Registering I2C interface: /dev/i2c-3 Device 1002:73DF Subsystem: 1EAE:6710
1092  |Info:    Registering I2C interface: /dev/i2c-1 Device 1002:73DF Subsystem: 1EAE:6710
1092  |Warning: [i2c_smbus_linux] Failed to read i2c device PCI device ID
1092  |Info:    Registering I2C interface: /dev/i2c-8 Device 0000:0000 Subsystem: 0000:0000
1092  |Warning: [i2c_smbus_linux] Failed to read i2c device PCI device ID
1092  |Info:    Registering I2C interface: /dev/i2c-6 Device 0000:0000 Subsystem: 0000:0000
1092  |Info:    Registering I2C interface: /dev/i2c-4 Device 1002:73DF Subsystem: 1EAE:6710
1092  |Info:    Registering I2C interface: /dev/i2c-2 Device 1002:73DF Subsystem: 1EAE:6710
1092  |Info:    Registering I2C interface: /dev/i2c-0 Device 1002:73DF Subsystem: 1EAE:6710
1093  |Warning: [i2c_smbus_linux] Failed to read i2c device PCI device ID
1093  |Info:    Registering I2C interface: /dev/i2c-7 Device 0000:0000 Subsystem: 0000:0000
1093  |Info:    Registering I2C interface: /dev/i2c-5 Device 1002:73DF Subsystem: 1EAE:6710
1093  |Info:    ------------------------------------------------------
1093  |Info:    |               Detecting I2C devices                |
1093  |Info:    ------------------------------------------------------
1132  |Info:    ------------------------------------------------------
1132  |Info:    |               Detecting I2C PCI devices            |
1132  |Info:    ------------------------------------------------------
1133  |Info:    ------------------------------------------------------
1133  |Info:    |               Detecting HID devices                |
1133  |Info:    ------------------------------------------------------
1309  |Info:    [B550 GAMING X V2] Registering RGB controller
1319  |Info:    [Glorious Model O / O-] Registering RGB controller
1319  |Info:    ------------------------------------------------------
1319  |Info:    |            Detecting libusb HID devices            |
1319  |Info:    ------------------------------------------------------
1320  |Info:    ------------------------------------------------------
1320  |Info:    |              Detecting other devices               |
1320  |Info:    ------------------------------------------------------
1356  |Info:    ------------------------------------------------------
1356  |Info:    |                Detection completed                 |
1356  |Info:    ------------------------------------------------------
1356  |Info:    Profile loading: Succeeded for B550 GAMING X V2 @ HID: /dev/hidraw2
1356  |Info:    Profile loading: Succeeded for Glorious Model O / O- @ HID: /dev/hidraw1
