    OpenRGB v0.91
    Commit:  from 
    Launched: 20241209_201159
====================================================================================================

1010  |Info:    Initializing HID interfaces: Success
1010  |Info:    ------------------------------------------------------
1010  |Info:    |               Start device detection               |
1010  |Info:    ------------------------------------------------------
1016  |Info:    ------------------------------------------------------
1016  |Info:    |             Detecting I2C interfaces               |
1016  |Info:    ------------------------------------------------------
1017  |Info:    Registering I2C interface: /dev/i2c-3 Device 1002:73DF Subsystem: 1EAE:6710
1017  |Info:    Registering I2C interface: /dev/i2c-1 Device 1002:73DF Subsystem: 1EAE:6710
1017  |Warning: [i2c_smbus_linux] Failed to read i2c device PCI device ID
1017  |Info:    Registering I2C interface: /dev/i2c-8 Device 0000:0000 Subsystem: 0000:0000
1017  |Warning: [i2c_smbus_linux] Failed to read i2c device PCI device ID
1017  |Info:    Registering I2C interface: /dev/i2c-6 Device 0000:0000 Subsystem: 0000:0000
1017  |Info:    Registering I2C interface: /dev/i2c-4 Device 1002:73DF Subsystem: 1EAE:6710
1017  |Info:    Registering I2C interface: /dev/i2c-2 Device 1002:73DF Subsystem: 1EAE:6710
1017  |Info:    Registering I2C interface: /dev/i2c-0 Device 1002:73DF Subsystem: 1EAE:6710
1017  |Warning: [i2c_smbus_linux] Failed to read i2c device PCI device ID
1017  |Info:    Registering I2C interface: /dev/i2c-7 Device 0000:0000 Subsystem: 0000:0000
1017  |Info:    Registering I2C interface: /dev/i2c-5 Device 1002:73DF Subsystem: 1EAE:6710
1017  |Info:    ------------------------------------------------------
1017  |Info:    |               Detecting I2C devices                |
1017  |Info:    ------------------------------------------------------
1057  |Info:    ------------------------------------------------------
1057  |Info:    |               Detecting I2C PCI devices            |
1057  |Info:    ------------------------------------------------------
1058  |Info:    ------------------------------------------------------
1058  |Info:    |               Detecting HID devices                |
1058  |Info:    ------------------------------------------------------
1234  |Info:    [B550 GAMING X V2] Registering RGB controller
2295  |Info:    [Corsair Harpoon RGB PRO] Registering RGB controller
2295  |Info:    ------------------------------------------------------
2295  |Info:    |            Detecting libusb HID devices            |
2295  |Info:    ------------------------------------------------------
2295  |Info:    ------------------------------------------------------
2295  |Info:    |              Detecting other devices               |
2295  |Info:    ------------------------------------------------------
2369  |Info:    ------------------------------------------------------
2369  |Info:    |                Detection completed                 |
2369  |Info:    ------------------------------------------------------
