    OpenRGB v0.9
    Commit:  from 
    Launched: 20240913_174251
====================================================================================================

1     |Info:    Found file: white.orp attempting to validate header
1     |Info:    Valid v4 profile found for white
1318  |Info:    ------------------------------------------------------
1318  |Info:    |               Start device detection               |
1318  |Info:    ------------------------------------------------------
1318  |Info:    Initializing HID interfaces: Success
1323  |Info:    ------------------------------------------------------
1323  |Info:    |             Detecting I2C interfaces               |
1323  |Info:    ------------------------------------------------------
1323  |Info:    Registering I2C interface: /dev/i2c-3 Device 1002:73DF Subsystem: 1EAE:6710
1323  |Info:    Registering I2C interface: /dev/i2c-1 Device 1002:73DF Subsystem: 1EAE:6710
1323  |Warning: [i2c_smbus_linux] Failed to read i2c device PCI device ID
1323  |Info:    Registering I2C interface: /dev/i2c-8 Device 0000:0000 Subsystem: 0000:0000
1323  |Warning: [i2c_smbus_linux] Failed to read i2c device PCI device ID
1323  |Info:    Registering I2C interface: /dev/i2c-6 Device 0000:0000 Subsystem: 0000:0000
1323  |Info:    Registering I2C interface: /dev/i2c-4 Device 1002:73DF Subsystem: 1EAE:6710
1323  |Info:    Registering I2C interface: /dev/i2c-2 Device 1002:73DF Subsystem: 1EAE:6710
1323  |Info:    Registering I2C interface: /dev/i2c-0 Device 1002:73DF Subsystem: 1EAE:6710
1324  |Warning: [i2c_smbus_linux] Failed to read i2c device PCI device ID
1324  |Info:    Registering I2C interface: /dev/i2c-7 Device 0000:0000 Subsystem: 0000:0000
1324  |Info:    Registering I2C interface: /dev/i2c-5 Device 1002:73DF Subsystem: 1EAE:6710
1324  |Info:    ------------------------------------------------------
1324  |Info:    |               Detecting I2C devices                |
1324  |Info:    ------------------------------------------------------
1364  |Info:    ------------------------------------------------------
1364  |Info:    |               Detecting I2C PCI devices            |
1364  |Info:    ------------------------------------------------------
1364  |Info:    ------------------------------------------------------
1364  |Info:    |               Detecting HID devices                |
1364  |Info:    ------------------------------------------------------
1536  |Info:    [B550 GAMING X V2] Registering RGB controller
1547  |Info:    [Glorious Model O / O-] Registering RGB controller
1547  |Info:    ------------------------------------------------------
1547  |Info:    |            Detecting libusb HID devices            |
1547  |Info:    ------------------------------------------------------
1547  |Info:    ------------------------------------------------------
1547  |Info:    |              Detecting other devices               |
1547  |Info:    ------------------------------------------------------
1561  |Info:    ------------------------------------------------------
1561  |Info:    |                Detection completed                 |
1561  |Info:    ------------------------------------------------------
1561  |Info:    Profile loading: Succeeded for B550 GAMING X V2 @ HID: /dev/hidraw2
1561  |Info:    Profile loading: Succeeded for Glorious Model O / O- @ HID: /dev/hidraw1
