    OpenRGB v0.91
    Commit:  from 
    Launched: 20241104_234500
====================================================================================================

0     |Info:    Found file: white.orp attempting to validate header
1     |Info:    Valid v4 profile found for white
1018  |Info:    Saving detector settings
1019  |Info:    Initializing HID interfaces: Success
1022  |Info:    ------------------------------------------------------
1022  |Info:    |               Start device detection               |
1022  |Info:    ------------------------------------------------------
1028  |Info:    ------------------------------------------------------
1028  |Info:    |             Detecting I2C interfaces               |
1028  |Info:    ------------------------------------------------------
1028  |Info:    Registering I2C interface: /dev/i2c-3 Device 1002:73DF Subsystem: 1EAE:6710
1028  |Info:    Registering I2C interface: /dev/i2c-1 Device 1002:73DF Subsystem: 1EAE:6710
1028  |Warning: [i2c_smbus_linux] Failed to read i2c device PCI device ID
1028  |Info:    Registering I2C interface: /dev/i2c-8 Device 0000:0000 Subsystem: 0000:0000
1028  |Warning: [i2c_smbus_linux] Failed to read i2c device PCI device ID
1028  |Info:    Registering I2C interface: /dev/i2c-6 Device 0000:0000 Subsystem: 0000:0000
1028  |Info:    Registering I2C interface: /dev/i2c-4 Device 1002:73DF Subsystem: 1EAE:6710
1028  |Info:    Registering I2C interface: /dev/i2c-2 Device 1002:73DF Subsystem: 1EAE:6710
1029  |Info:    Registering I2C interface: /dev/i2c-0 Device 1002:73DF Subsystem: 1EAE:6710
1029  |Warning: [i2c_smbus_linux] Failed to read i2c device PCI device ID
1029  |Info:    Registering I2C interface: /dev/i2c-7 Device 0000:0000 Subsystem: 0000:0000
1029  |Info:    Registering I2C interface: /dev/i2c-5 Device 1002:73DF Subsystem: 1EAE:6710
1029  |Info:    ------------------------------------------------------
1029  |Info:    |               Detecting I2C devices                |
1029  |Info:    ------------------------------------------------------
1080  |Info:    ------------------------------------------------------
1080  |Info:    |               Detecting I2C PCI devices            |
1080  |Info:    ------------------------------------------------------
1080  |Info:    ------------------------------------------------------
1080  |Info:    |               Detecting HID devices                |
1080  |Info:    ------------------------------------------------------
1258  |Info:    [B550 GAMING X V2] Registering RGB controller
1284  |Info:    [Glorious Model O / O-] Registering RGB controller
1303  |Info:    ------------------------------------------------------
1303  |Info:    |            Detecting libusb HID devices            |
1303  |Info:    ------------------------------------------------------
1303  |Info:    ------------------------------------------------------
1303  |Info:    |              Detecting other devices               |
1303  |Info:    ------------------------------------------------------
1319  |Info:    ------------------------------------------------------
1338  |Info:    |                Detection completed                 |
1338  |Info:    ------------------------------------------------------
