    OpenRGB v0.9
    Commit:  from 
    Launched: 20240825_184911
====================================================================================================

23    |Info:    Found file: white.orp attempting to validate header
25    |Info:    Valid v4 profile found for white
1056  |Info:    ------------------------------------------------------
1056  |Info:    |               Start device detection               |
1056  |Info:    ------------------------------------------------------
1056  |Info:    Initializing HID interfaces: Success
1061  |Info:    ------------------------------------------------------
1061  |Info:    |             Detecting I2C interfaces               |
1061  |Info:    ------------------------------------------------------
1062  |Info:    Registering I2C interface: /dev/i2c-3 Device 1002:73DF Subsystem: 1EAE:6710
1062  |Info:    Registering I2C interface: /dev/i2c-1 Device 1002:73DF Subsystem: 1EAE:6710
1062  |Warning: [i2c_smbus_linux] Failed to read i2c device PCI device ID
1062  |Info:    Registering I2C interface: /dev/i2c-8 Device 0000:0000 Subsystem: 0000:0000
1062  |Warning: [i2c_smbus_linux] Failed to read i2c device PCI device ID
1062  |Info:    Registering I2C interface: /dev/i2c-6 Device 0000:0000 Subsystem: 0000:0000
1062  |Info:    Registering I2C interface: /dev/i2c-4 Device 1002:73DF Subsystem: 1EAE:6710
1062  |Info:    Registering I2C interface: /dev/i2c-2 Device 1002:73DF Subsystem: 1EAE:6710
1062  |Info:    Registering I2C interface: /dev/i2c-0 Device 1002:73DF Subsystem: 1EAE:6710
1062  |Warning: [i2c_smbus_linux] Failed to read i2c device PCI device ID
1062  |Info:    Registering I2C interface: /dev/i2c-7 Device 0000:0000 Subsystem: 0000:0000
1062  |Info:    Registering I2C interface: /dev/i2c-5 Device 1002:73DF Subsystem: 1EAE:6710
1062  |Info:    ------------------------------------------------------
1062  |Info:    |               Detecting I2C devices                |
1062  |Info:    ------------------------------------------------------
1107  |Info:    ------------------------------------------------------
1107  |Info:    |               Detecting I2C PCI devices            |
1107  |Info:    ------------------------------------------------------
1108  |Info:    ------------------------------------------------------
1108  |Info:    |               Detecting HID devices                |
1108  |Info:    ------------------------------------------------------
1283  |Info:    [B550 GAMING X V2] Registering RGB controller
1293  |Info:    [Glorious Model O / O-] Registering RGB controller
1293  |Info:    ------------------------------------------------------
1293  |Info:    |            Detecting libusb HID devices            |
1293  |Info:    ------------------------------------------------------
1294  |Info:    ------------------------------------------------------
1294  |Info:    |              Detecting other devices               |
1294  |Info:    ------------------------------------------------------
1314  |Info:    ------------------------------------------------------
1314  |Info:    |                Detection completed                 |
1314  |Info:    ------------------------------------------------------
1314  |Info:    Profile loading: Succeeded for B550 GAMING X V2 @ HID: /dev/hidraw2
1314  |Info:    Profile loading: Succeeded for Glorious Model O / O- @ HID: /dev/hidraw1
