    OpenRGB v0.9
    Commit:  from 
    Launched: 20241004_171739
====================================================================================================

5     |Info:    Found file: white.orp attempting to validate header
28    |Info:    Valid v4 profile found for white
1240  |Info:    ------------------------------------------------------
1240  |Info:    |               Start device detection               |
1240  |Info:    ------------------------------------------------------
1240  |Info:    Initializing HID interfaces: Success
1245  |Info:    ------------------------------------------------------
1245  |Info:    |             Detecting I2C interfaces               |
1245  |Info:    ------------------------------------------------------
1245  |Info:    Registering I2C interface: /dev/i2c-3 Device 1002:73DF Subsystem: 1EAE:6710
1245  |Info:    Registering I2C interface: /dev/i2c-1 Device 1002:73DF Subsystem: 1EAE:6710
1245  |Warning: [i2c_smbus_linux] Failed to read i2c device PCI device ID
1245  |Info:    Registering I2C interface: /dev/i2c-8 Device 0000:0000 Subsystem: 0000:0000
1245  |Warning: [i2c_smbus_linux] Failed to read i2c device PCI device ID
1245  |Info:    Registering I2C interface: /dev/i2c-6 Device 0000:0000 Subsystem: 0000:0000
1245  |Info:    Registering I2C interface: /dev/i2c-4 Device 1002:73DF Subsystem: 1EAE:6710
1246  |Info:    Registering I2C interface: /dev/i2c-2 Device 1002:73DF Subsystem: 1EAE:6710
1246  |Info:    Registering I2C interface: /dev/i2c-0 Device 1002:73DF Subsystem: 1EAE:6710
1246  |Warning: [i2c_smbus_linux] Failed to read i2c device PCI device ID
1246  |Info:    Registering I2C interface: /dev/i2c-7 Device 0000:0000 Subsystem: 0000:0000
1246  |Info:    Registering I2C interface: /dev/i2c-5 Device 1002:73DF Subsystem: 1EAE:6710
1246  |Info:    ------------------------------------------------------
1246  |Info:    |               Detecting I2C devices                |
1246  |Info:    ------------------------------------------------------
1285  |Info:    ------------------------------------------------------
1291  |Info:    |               Detecting I2C PCI devices            |
1291  |Info:    ------------------------------------------------------
1291  |Info:    ------------------------------------------------------
1291  |Info:    |               Detecting HID devices                |
1291  |Info:    ------------------------------------------------------
1465  |Info:    [B550 GAMING X V2] Registering RGB controller
1476  |Info:    [Glorious Model O / O-] Registering RGB controller
1476  |Info:    ------------------------------------------------------
1476  |Info:    |            Detecting libusb HID devices            |
1476  |Info:    ------------------------------------------------------
1476  |Info:    ------------------------------------------------------
1476  |Info:    |              Detecting other devices               |
1476  |Info:    ------------------------------------------------------
1484  |Info:    ------------------------------------------------------
1484  |Info:    |                Detection completed                 |
1484  |Info:    ------------------------------------------------------
1484  |Info:    Profile loading: Succeeded for B550 GAMING X V2 @ HID: /dev/hidraw0
1484  |Info:    Profile loading: Succeeded for Glorious Model O / O- @ HID: /dev/hidraw6
