    OpenRGB v0.9
    Commit:  from 
    Launched: 20241004_152250
====================================================================================================

2     |Info:    Found file: white.orp attempting to validate header
3     |Info:    Valid v4 profile found for white
1162  |Info:    ------------------------------------------------------
1162  |Info:    |               Start device detection               |
1162  |Info:    ------------------------------------------------------
1162  |Info:    Initializing HID interfaces: Success
1167  |Info:    ------------------------------------------------------
1167  |Info:    |             Detecting I2C interfaces               |
1167  |Info:    ------------------------------------------------------
1167  |Info:    Registering I2C interface: /dev/i2c-3 Device 1002:73DF Subsystem: 1EAE:6710
1167  |Info:    Registering I2C interface: /dev/i2c-1 Device 1002:73DF Subsystem: 1EAE:6710
1167  |Warning: [i2c_smbus_linux] Failed to read i2c device PCI device ID
1167  |Info:    Registering I2C interface: /dev/i2c-8 Device 0000:0000 Subsystem: 0000:0000
1167  |Warning: [i2c_smbus_linux] Failed to read i2c device PCI device ID
1167  |Info:    Registering I2C interface: /dev/i2c-6 Device 0000:0000 Subsystem: 0000:0000
1167  |Info:    Registering I2C interface: /dev/i2c-4 Device 1002:73DF Subsystem: 1EAE:6710
1167  |Info:    Registering I2C interface: /dev/i2c-2 Device 1002:73DF Subsystem: 1EAE:6710
1167  |Info:    Registering I2C interface: /dev/i2c-0 Device 1002:73DF Subsystem: 1EAE:6710
1167  |Warning: [i2c_smbus_linux] Failed to read i2c device PCI device ID
1167  |Info:    Registering I2C interface: /dev/i2c-7 Device 0000:0000 Subsystem: 0000:0000
1168  |Info:    Registering I2C interface: /dev/i2c-5 Device 1002:73DF Subsystem: 1EAE:6710
1168  |Info:    ------------------------------------------------------
1168  |Info:    |               Detecting I2C devices                |
1168  |Info:    ------------------------------------------------------
1207  |Info:    ------------------------------------------------------
1207  |Info:    |               Detecting I2C PCI devices            |
1207  |Info:    ------------------------------------------------------
1208  |Info:    ------------------------------------------------------
1208  |Info:    |               Detecting HID devices                |
1208  |Info:    ------------------------------------------------------
1382  |Info:    [B550 GAMING X V2] Registering RGB controller
1393  |Info:    [Glorious Model O / O-] Registering RGB controller
1393  |Info:    ------------------------------------------------------
1393  |Info:    |            Detecting libusb HID devices            |
1393  |Info:    ------------------------------------------------------
1393  |Info:    ------------------------------------------------------
1393  |Info:    |              Detecting other devices               |
1393  |Info:    ------------------------------------------------------
1405  |Info:    ------------------------------------------------------
1405  |Info:    |                Detection completed                 |
1405  |Info:    ------------------------------------------------------
1405  |Info:    Profile loading: Succeeded for B550 GAMING X V2 @ HID: /dev/hidraw0
1405  |Info:    Profile loading: Succeeded for Glorious Model O / O- @ HID: /dev/hidraw6
