    OpenRGB v0.9
    Commit:  from 
    Launched: 20241005_210954
====================================================================================================

4     |Info:    Found file: white.orp attempting to validate header
4     |Info:    Valid v4 profile found for white
1413  |Info:    ------------------------------------------------------
1413  |Info:    |               Start device detection               |
1413  |Info:    ------------------------------------------------------
1413  |Info:    Initializing HID interfaces: Success
1417  |Info:    ------------------------------------------------------
1417  |Info:    |             Detecting I2C interfaces               |
1417  |Info:    ------------------------------------------------------
1417  |Info:    Registering I2C interface: /dev/i2c-3 Device 1002:73DF Subsystem: 1EAE:6710
1418  |Info:    Registering I2C interface: /dev/i2c-1 Device 1002:73DF Subsystem: 1EAE:6710
1418  |Warning: [i2c_smbus_linux] Failed to read i2c device PCI device ID
1418  |Info:    Registering I2C interface: /dev/i2c-8 Device 0000:0000 Subsystem: 0000:0000
1418  |Warning: [i2c_smbus_linux] Failed to read i2c device PCI device ID
1418  |Info:    Registering I2C interface: /dev/i2c-6 Device 0000:0000 Subsystem: 0000:0000
1418  |Info:    Registering I2C interface: /dev/i2c-4 Device 1002:73DF Subsystem: 1EAE:6710
1418  |Info:    Registering I2C interface: /dev/i2c-2 Device 1002:73DF Subsystem: 1EAE:6710
1418  |Info:    Registering I2C interface: /dev/i2c-0 Device 1002:73DF Subsystem: 1EAE:6710
1418  |Warning: [i2c_smbus_linux] Failed to read i2c device PCI device ID
1418  |Info:    Registering I2C interface: /dev/i2c-7 Device 0000:0000 Subsystem: 0000:0000
1418  |Info:    Registering I2C interface: /dev/i2c-5 Device 1002:73DF Subsystem: 1EAE:6710
1418  |Info:    ------------------------------------------------------
1418  |Info:    |               Detecting I2C devices                |
1418  |Info:    ------------------------------------------------------
1490  |Info:    ------------------------------------------------------
1490  |Info:    |               Detecting I2C PCI devices            |
1490  |Info:    ------------------------------------------------------
1490  |Info:    ------------------------------------------------------
1490  |Info:    |               Detecting HID devices                |
1490  |Info:    ------------------------------------------------------
1680  |Info:    [B550 GAMING X V2] Registering RGB controller
1707  |Info:    [Glorious Model O / O-] Registering RGB controller
1707  |Info:    ------------------------------------------------------
1707  |Info:    |            Detecting libusb HID devices            |
1707  |Info:    ------------------------------------------------------
1707  |Info:    ------------------------------------------------------
1707  |Info:    |              Detecting other devices               |
1707  |Info:    ------------------------------------------------------
1741  |Info:    ------------------------------------------------------
1741  |Info:    |                Detection completed                 |
1741  |Info:    ------------------------------------------------------
1741  |Info:    Profile loading: Succeeded for B550 GAMING X V2 @ HID: /dev/hidraw1
1741  |Info:    Profile loading: Succeeded for Glorious Model O / O- @ HID: /dev/hidraw3
