    OpenRGB v0.91
    Commit:  from 
    Launched: 20250101_170459
====================================================================================================

1078  |Info:    Initializing HID interfaces: Success
1078  |Info:    ------------------------------------------------------
1078  |Info:    |               Start device detection               |
1078  |Info:    ------------------------------------------------------
1085  |Info:    ------------------------------------------------------
1085  |Info:    |             Detecting I2C interfaces               |
1085  |Info:    ------------------------------------------------------
1085  |Info:    Registering I2C interface: /dev/i2c-3 Device 1002:73DF Subsystem: 1EAE:6710
1085  |Info:    Registering I2C interface: /dev/i2c-1 Device 1002:73DF Subsystem: 1EAE:6710
1085  |Warning: [i2c_smbus_linux] Failed to read i2c device PCI device ID
1085  |Info:    Registering I2C interface: /dev/i2c-8 Device 0000:0000 Subsystem: 0000:0000
1085  |Warning: [i2c_smbus_linux] Failed to read i2c device PCI device ID
1085  |Info:    Registering I2C interface: /dev/i2c-6 Device 0000:0000 Subsystem: 0000:0000
1085  |Info:    Registering I2C interface: /dev/i2c-4 Device 1002:73DF Subsystem: 1EAE:6710
1085  |Info:    Registering I2C interface: /dev/i2c-2 Device 1002:73DF Subsystem: 1EAE:6710
1085  |Info:    Registering I2C interface: /dev/i2c-0 Device 1002:73DF Subsystem: 1EAE:6710
1085  |Warning: [i2c_smbus_linux] Failed to read i2c device PCI device ID
1086  |Info:    Registering I2C interface: /dev/i2c-7 Device 0000:0000 Subsystem: 0000:0000
1086  |Info:    Registering I2C interface: /dev/i2c-5 Device 1002:73DF Subsystem: 1EAE:6710
1086  |Info:    ------------------------------------------------------
1086  |Info:    |               Detecting I2C devices                |
1086  |Info:    ------------------------------------------------------
1125  |Info:    ------------------------------------------------------
1125  |Info:    |               Detecting I2C PCI devices            |
1125  |Info:    ------------------------------------------------------
1127  |Info:    ------------------------------------------------------
1127  |Info:    |               Detecting HID devices                |
1127  |Info:    ------------------------------------------------------
1301  |Info:    [B550 GAMING X V2] Registering RGB controller
2361  |Info:    [Corsair Harpoon RGB PRO] Registering RGB controller
2361  |Info:    ------------------------------------------------------
2361  |Info:    |            Detecting libusb HID devices            |
2361  |Info:    ------------------------------------------------------
2361  |Info:    ------------------------------------------------------
2361  |Info:    |              Detecting other devices               |
2361  |Info:    ------------------------------------------------------
2369  |Info:    ------------------------------------------------------
2369  |Info:    |                Detection completed                 |
2369  |Info:    ------------------------------------------------------
