    OpenRGB v0.9
    Commit:  from 
    Launched: 20240925_212732
====================================================================================================

0     |Info:    Found file: white.orp attempting to validate header
0     |Info:    Valid v4 profile found for white
1108  |Info:    ------------------------------------------------------
1108  |Info:    |               Start device detection               |
1108  |Info:    ------------------------------------------------------
1108  |Info:    Initializing HID interfaces: Success
1113  |Info:    ------------------------------------------------------
1113  |Info:    |             Detecting I2C interfaces               |
1113  |Info:    ------------------------------------------------------
1114  |Info:    Registering I2C interface: /dev/i2c-3 Device 1002:73DF Subsystem: 1EAE:6710
1114  |Info:    Registering I2C interface: /dev/i2c-1 Device 1002:73DF Subsystem: 1EAE:6710
1114  |Warning: [i2c_smbus_linux] Failed to read i2c device PCI device ID
1114  |Info:    Registering I2C interface: /dev/i2c-8 Device 0000:0000 Subsystem: 0000:0000
1114  |Warning: [i2c_smbus_linux] Failed to read i2c device PCI device ID
1114  |Info:    Registering I2C interface: /dev/i2c-6 Device 0000:0000 Subsystem: 0000:0000
1114  |Info:    Registering I2C interface: /dev/i2c-4 Device 1002:73DF Subsystem: 1EAE:6710
1114  |Info:    Registering I2C interface: /dev/i2c-2 Device 1002:73DF Subsystem: 1EAE:6710
1114  |Info:    Registering I2C interface: /dev/i2c-0 Device 1002:73DF Subsystem: 1EAE:6710
1114  |Warning: [i2c_smbus_linux] Failed to read i2c device PCI device ID
1114  |Info:    Registering I2C interface: /dev/i2c-7 Device 0000:0000 Subsystem: 0000:0000
1114  |Info:    Registering I2C interface: /dev/i2c-5 Device 1002:73DF Subsystem: 1EAE:6710
1114  |Info:    ------------------------------------------------------
1114  |Info:    |               Detecting I2C devices                |
1114  |Info:    ------------------------------------------------------
1155  |Info:    ------------------------------------------------------
1174  |Info:    |               Detecting I2C PCI devices            |
1174  |Info:    ------------------------------------------------------
1175  |Info:    ------------------------------------------------------
1175  |Info:    |               Detecting HID devices                |
1175  |Info:    ------------------------------------------------------
1357  |Info:    [B550 GAMING X V2] Registering RGB controller
1367  |Info:    [Glorious Model O / O-] Registering RGB controller
1367  |Info:    ------------------------------------------------------
1367  |Info:    |            Detecting libusb HID devices            |
1367  |Info:    ------------------------------------------------------
1367  |Info:    ------------------------------------------------------
1367  |Info:    |              Detecting other devices               |
1367  |Info:    ------------------------------------------------------
1376  |Info:    ------------------------------------------------------
1376  |Info:    |                Detection completed                 |
1376  |Info:    ------------------------------------------------------
1376  |Info:    Profile loading: Succeeded for B550 GAMING X V2 @ HID: /dev/hidraw2
1376  |Info:    Profile loading: Succeeded for Glorious Model O / O- @ HID: /dev/hidraw1
