    OpenRGB v0.91
    Commit:  from 
    Launched: 20241114_124410
====================================================================================================

1036  |Info:    Initializing HID interfaces: Success
1036  |Info:    ------------------------------------------------------
1036  |Info:    |               Start device detection               |
1036  |Info:    ------------------------------------------------------
1041  |Info:    ------------------------------------------------------
1041  |Info:    |             Detecting I2C interfaces               |
1041  |Info:    ------------------------------------------------------
1041  |Info:    Registering I2C interface: /dev/i2c-3 Device 1002:73DF Subsystem: 1EAE:6710
1041  |Info:    Registering I2C interface: /dev/i2c-1 Device 1002:73DF Subsystem: 1EAE:6710
1042  |Warning: [i2c_smbus_linux] Failed to read i2c device PCI device ID
1042  |Info:    Registering I2C interface: /dev/i2c-8 Device 0000:0000 Subsystem: 0000:0000
1042  |Warning: [i2c_smbus_linux] Failed to read i2c device PCI device ID
1042  |Info:    Registering I2C interface: /dev/i2c-6 Device 0000:0000 Subsystem: 0000:0000
1042  |Info:    Registering I2C interface: /dev/i2c-4 Device 1002:73DF Subsystem: 1EAE:6710
1042  |Info:    Registering I2C interface: /dev/i2c-2 Device 1002:73DF Subsystem: 1EAE:6710
1042  |Info:    Registering I2C interface: /dev/i2c-0 Device 1002:73DF Subsystem: 1EAE:6710
1042  |Warning: [i2c_smbus_linux] Failed to read i2c device PCI device ID
1042  |Info:    Registering I2C interface: /dev/i2c-7 Device 0000:0000 Subsystem: 0000:0000
1042  |Info:    Registering I2C interface: /dev/i2c-5 Device 1002:73DF Subsystem: 1EAE:6710
1042  |Info:    ------------------------------------------------------
1042  |Info:    |               Detecting I2C devices                |
1042  |Info:    ------------------------------------------------------
1081  |Info:    ------------------------------------------------------
1081  |Info:    |               Detecting I2C PCI devices            |
1081  |Info:    ------------------------------------------------------
1081  |Info:    ------------------------------------------------------
1081  |Info:    |               Detecting HID devices                |
1081  |Info:    ------------------------------------------------------
1256  |Info:    [B550 GAMING X V2] Registering RGB controller
1256  |Info:    ------------------------------------------------------
1256  |Info:    |            Detecting libusb HID devices            |
1256  |Info:    ------------------------------------------------------
1256  |Info:    ------------------------------------------------------
1256  |Info:    |              Detecting other devices               |
1256  |Info:    ------------------------------------------------------
1264  |Info:    ------------------------------------------------------
1264  |Info:    |                Detection completed                 |
1264  |Info:    ------------------------------------------------------
