    OpenRGB v0.91
    Commit:  from 
    Launched: 20241202_010418
====================================================================================================

1002  |Info:    Initializing HID interfaces: Success
1010  |Info:    ------------------------------------------------------
1010  |Info:    |               Start device detection               |
1010  |Info:    ------------------------------------------------------
1017  |Info:    ------------------------------------------------------
1032  |Info:    |             Detecting I2C interfaces               |
1032  |Info:    ------------------------------------------------------
1032  |Info:    Registering I2C interface: /dev/i2c-3 Device 1002:73DF Subsystem: 1EAE:6710
1032  |Info:    Registering I2C interface: /dev/i2c-1 Device 1002:73DF Subsystem: 1EAE:6710
1032  |Warning: [i2c_smbus_linux] Failed to read i2c device PCI device ID
1032  |Info:    Registering I2C interface: /dev/i2c-8 Device 0000:0000 Subsystem: 0000:0000
1033  |Warning: [i2c_smbus_linux] Failed to read i2c device PCI device ID
1033  |Info:    Registering I2C interface: /dev/i2c-6 Device 0000:0000 Subsystem: 0000:0000
1033  |Info:    Registering I2C interface: /dev/i2c-4 Device 1002:73DF Subsystem: 1EAE:6710
1033  |Info:    Registering I2C interface: /dev/i2c-2 Device 1002:73DF Subsystem: 1EAE:6710
1033  |Info:    Registering I2C interface: /dev/i2c-0 Device 1002:73DF Subsystem: 1EAE:6710
1033  |Warning: [i2c_smbus_linux] Failed to read i2c device PCI device ID
1033  |Info:    Registering I2C interface: /dev/i2c-7 Device 0000:0000 Subsystem: 0000:0000
1033  |Info:    Registering I2C interface: /dev/i2c-5 Device 1002:73DF Subsystem: 1EAE:6710
1033  |Info:    ------------------------------------------------------
1033  |Info:    |               Detecting I2C devices                |
1033  |Info:    ------------------------------------------------------
1072  |Info:    ------------------------------------------------------
1072  |Info:    |               Detecting I2C PCI devices            |
1072  |Info:    ------------------------------------------------------
1073  |Info:    ------------------------------------------------------
1073  |Info:    |               Detecting HID devices                |
1073  |Info:    ------------------------------------------------------
1246  |Info:    [B550 GAMING X V2] Registering RGB controller
2307  |Info:    [Corsair Harpoon RGB PRO] Registering RGB controller
2307  |Info:    ------------------------------------------------------
2307  |Info:    |            Detecting libusb HID devices            |
2307  |Info:    ------------------------------------------------------
2307  |Info:    ------------------------------------------------------
2307  |Info:    |              Detecting other devices               |
2307  |Info:    ------------------------------------------------------
2335  |Info:    ------------------------------------------------------
2355  |Info:    |                Detection completed                 |
2355  |Info:    ------------------------------------------------------
