    OpenRGB v0.9
    Commit:  from 
    Launched: 20240808_211505
====================================================================================================

3     |Info:    Found file: white.orp attempting to validate header
5     |Info:    Valid v4 profile found for white
1257  |Info:    ------------------------------------------------------
1257  |Info:    |               Start device detection               |
1257  |Info:    ------------------------------------------------------
1257  |Info:    Initializing HID interfaces: Success
1262  |Info:    ------------------------------------------------------
1262  |Info:    |             Detecting I2C interfaces               |
1262  |Info:    ------------------------------------------------------
1263  |Info:    Registering I2C interface: /dev/i2c-3 Device 1002:73DF Subsystem: 1EAE:6710
1263  |Info:    Registering I2C interface: /dev/i2c-1 Device 1002:73DF Subsystem: 1EAE:6710
1263  |Warning: [i2c_smbus_linux] Failed to read i2c device PCI device ID
1263  |Info:    Registering I2C interface: /dev/i2c-8 Device 0000:0000 Subsystem: 0000:0000
1263  |Warning: [i2c_smbus_linux] Failed to read i2c device PCI device ID
1263  |Info:    Registering I2C interface: /dev/i2c-6 Device 0000:0000 Subsystem: 0000:0000
1263  |Info:    Registering I2C interface: /dev/i2c-4 Device 1002:73DF Subsystem: 1EAE:6710
1263  |Info:    Registering I2C interface: /dev/i2c-2 Device 1002:73DF Subsystem: 1EAE:6710
1263  |Info:    Registering I2C interface: /dev/i2c-0 Device 1002:73DF Subsystem: 1EAE:6710
1263  |Warning: [i2c_smbus_linux] Failed to read i2c device PCI device ID
1263  |Info:    Registering I2C interface: /dev/i2c-7 Device 0000:0000 Subsystem: 0000:0000
1263  |Info:    Registering I2C interface: /dev/i2c-5 Device 1002:73DF Subsystem: 1EAE:6710
1263  |Info:    ------------------------------------------------------
1263  |Info:    |               Detecting I2C devices                |
1263  |Info:    ------------------------------------------------------
1304  |Info:    ------------------------------------------------------
1304  |Info:    |               Detecting I2C PCI devices            |
1304  |Info:    ------------------------------------------------------
1304  |Info:    ------------------------------------------------------
1304  |Info:    |               Detecting HID devices                |
1304  |Info:    ------------------------------------------------------
1479  |Info:    [B550 GAMING X V2] Registering RGB controller
1489  |Info:    [Glorious Model O / O-] Registering RGB controller
1489  |Info:    ------------------------------------------------------
1489  |Info:    |            Detecting libusb HID devices            |
1489  |Info:    ------------------------------------------------------
1489  |Info:    ------------------------------------------------------
1489  |Info:    |              Detecting other devices               |
1489  |Info:    ------------------------------------------------------
1501  |Info:    ------------------------------------------------------
1501  |Info:    |                Detection completed                 |
1501  |Info:    ------------------------------------------------------
1502  |Info:    Profile loading: Succeeded for B550 GAMING X V2 @ HID: /dev/hidraw2
1502  |Info:    Profile loading: Succeeded for Glorious Model O / O- @ HID: /dev/hidraw7
