    OpenRGB v0.9
    Commit:  from 
    Launched: 20241016_232034
====================================================================================================

3     |Info:    Found file: white.orp attempting to validate header
3     |Info:    Valid v4 profile found for white
1252  |Info:    ------------------------------------------------------
1252  |Info:    |               Start device detection               |
1252  |Info:    ------------------------------------------------------
1252  |Info:    Initializing HID interfaces: Success
1258  |Info:    ------------------------------------------------------
1258  |Info:    |             Detecting I2C interfaces               |
1258  |Info:    ------------------------------------------------------
1258  |Info:    Registering I2C interface: /dev/i2c-3 Device 1002:73DF Subsystem: 1EAE:6710
1259  |Info:    Registering I2C interface: /dev/i2c-1 Device 1002:73DF Subsystem: 1EAE:6710
1259  |Warning: [i2c_smbus_linux] Failed to read i2c device PCI device ID
1259  |Info:    Registering I2C interface: /dev/i2c-8 Device 0000:0000 Subsystem: 0000:0000
1259  |Warning: [i2c_smbus_linux] Failed to read i2c device PCI device ID
1259  |Info:    Registering I2C interface: /dev/i2c-6 Device 0000:0000 Subsystem: 0000:0000
1259  |Info:    Registering I2C interface: /dev/i2c-4 Device 1002:73DF Subsystem: 1EAE:6710
1259  |Info:    Registering I2C interface: /dev/i2c-2 Device 1002:73DF Subsystem: 1EAE:6710
1259  |Info:    Registering I2C interface: /dev/i2c-0 Device 1002:73DF Subsystem: 1EAE:6710
1259  |Warning: [i2c_smbus_linux] Failed to read i2c device PCI device ID
1259  |Info:    Registering I2C interface: /dev/i2c-7 Device 0000:0000 Subsystem: 0000:0000
1259  |Info:    Registering I2C interface: /dev/i2c-5 Device 1002:73DF Subsystem: 1EAE:6710
1259  |Info:    ------------------------------------------------------
1259  |Info:    |               Detecting I2C devices                |
1259  |Info:    ------------------------------------------------------
1299  |Info:    ------------------------------------------------------
1299  |Info:    |               Detecting I2C PCI devices            |
1299  |Info:    ------------------------------------------------------
1300  |Info:    ------------------------------------------------------
1300  |Info:    |               Detecting HID devices                |
1300  |Info:    ------------------------------------------------------
1476  |Info:    [B550 GAMING X V2] Registering RGB controller
1503  |Info:    [Glorious Model O / O-] Registering RGB controller
1503  |Info:    ------------------------------------------------------
1503  |Info:    |            Detecting libusb HID devices            |
1503  |Info:    ------------------------------------------------------
1503  |Info:    ------------------------------------------------------
1503  |Info:    |              Detecting other devices               |
1503  |Info:    ------------------------------------------------------
1512  |Info:    ------------------------------------------------------
1512  |Info:    |                Detection completed                 |
1512  |Info:    ------------------------------------------------------
1512  |Info:    Profile loading: Succeeded for B550 GAMING X V2 @ HID: /dev/hidraw1
1512  |Info:    Profile loading: Succeeded for Glorious Model O / O- @ HID: /dev/hidraw8
