    OpenRGB v0.91
    Commit:  from 
    Launched: 20241105_140848
====================================================================================================

1     |Info:    Found file: white.orp attempting to validate header
2     |Info:    Valid v4 profile found for white
1127  |Info:    Initializing HID interfaces: Success
1152  |Info:    ------------------------------------------------------
1152  |Info:    |               Start device detection               |
1152  |Info:    ------------------------------------------------------
1158  |Info:    ------------------------------------------------------
1158  |Info:    |             Detecting I2C interfaces               |
1158  |Info:    ------------------------------------------------------
1158  |Info:    Registering I2C interface: /dev/i2c-3 Device 1002:73DF Subsystem: 1EAE:6710
1158  |Info:    Registering I2C interface: /dev/i2c-1 Device 1002:73DF Subsystem: 1EAE:6710
1158  |Warning: [i2c_smbus_linux] Failed to read i2c device PCI device ID
1158  |Info:    Registering I2C interface: /dev/i2c-8 Device 0000:0000 Subsystem: 0000:0000
1159  |Warning: [i2c_smbus_linux] Failed to read i2c device PCI device ID
1159  |Info:    Registering I2C interface: /dev/i2c-6 Device 0000:0000 Subsystem: 0000:0000
1159  |Info:    Registering I2C interface: /dev/i2c-4 Device 1002:73DF Subsystem: 1EAE:6710
1159  |Info:    Registering I2C interface: /dev/i2c-2 Device 1002:73DF Subsystem: 1EAE:6710
1159  |Info:    Registering I2C interface: /dev/i2c-0 Device 1002:73DF Subsystem: 1EAE:6710
1159  |Warning: [i2c_smbus_linux] Failed to read i2c device PCI device ID
1159  |Info:    Registering I2C interface: /dev/i2c-7 Device 0000:0000 Subsystem: 0000:0000
1159  |Info:    Registering I2C interface: /dev/i2c-5 Device 1002:73DF Subsystem: 1EAE:6710
1159  |Info:    ------------------------------------------------------
1159  |Info:    |               Detecting I2C devices                |
1159  |Info:    ------------------------------------------------------
1221  |Info:    ------------------------------------------------------
1221  |Info:    |               Detecting I2C PCI devices            |
1221  |Info:    ------------------------------------------------------
1221  |Info:    ------------------------------------------------------
1221  |Info:    |               Detecting HID devices                |
1221  |Info:    ------------------------------------------------------
1396  |Info:    [B550 GAMING X V2] Registering RGB controller
1423  |Info:    [Glorious Model O / O-] Registering RGB controller
1423  |Info:    ------------------------------------------------------
1423  |Info:    |            Detecting libusb HID devices            |
1423  |Info:    ------------------------------------------------------
1423  |Info:    ------------------------------------------------------
1423  |Info:    |              Detecting other devices               |
1423  |Info:    ------------------------------------------------------
1461  |Info:    ------------------------------------------------------
1480  |Info:    |                Detection completed                 |
1480  |Info:    ------------------------------------------------------
