    OpenRGB v0.9
    Commit:  from 
    Launched: 20240826_223110
====================================================================================================

5     |Info:    Found file: white.orp attempting to validate header
6     |Info:    Valid v4 profile found for white
1091  |Info:    ------------------------------------------------------
1091  |Info:    |               Start device detection               |
1091  |Info:    ------------------------------------------------------
1091  |Info:    Initializing HID interfaces: Success
1099  |Info:    ------------------------------------------------------
1099  |Info:    |             Detecting I2C interfaces               |
1099  |Info:    ------------------------------------------------------
1099  |Info:    Registering I2C interface: /dev/i2c-3 Device 1002:73DF Subsystem: 1EAE:6710
1099  |Info:    Registering I2C interface: /dev/i2c-1 Device 1002:73DF Subsystem: 1EAE:6710
1099  |Warning: [i2c_smbus_linux] Failed to read i2c device PCI device ID
1099  |Info:    Registering I2C interface: /dev/i2c-8 Device 0000:0000 Subsystem: 0000:0000
1100  |Warning: [i2c_smbus_linux] Failed to read i2c device PCI device ID
1100  |Info:    Registering I2C interface: /dev/i2c-6 Device 0000:0000 Subsystem: 0000:0000
1100  |Info:    Registering I2C interface: /dev/i2c-4 Device 1002:73DF Subsystem: 1EAE:6710
1100  |Info:    Registering I2C interface: /dev/i2c-2 Device 1002:73DF Subsystem: 1EAE:6710
1100  |Info:    Registering I2C interface: /dev/i2c-0 Device 1002:73DF Subsystem: 1EAE:6710
1100  |Warning: [i2c_smbus_linux] Failed to read i2c device PCI device ID
1100  |Info:    Registering I2C interface: /dev/i2c-7 Device 0000:0000 Subsystem: 0000:0000
1100  |Info:    Registering I2C interface: /dev/i2c-5 Device 1002:73DF Subsystem: 1EAE:6710
1100  |Info:    ------------------------------------------------------
1100  |Info:    |               Detecting I2C devices                |
1100  |Info:    ------------------------------------------------------
1147  |Info:    ------------------------------------------------------
1147  |Info:    |               Detecting I2C PCI devices            |
1147  |Info:    ------------------------------------------------------
1148  |Info:    ------------------------------------------------------
1148  |Info:    |               Detecting HID devices                |
1148  |Info:    ------------------------------------------------------
1325  |Info:    [B550 GAMING X V2] Registering RGB controller
1336  |Info:    [Glorious Model O / O-] Registering RGB controller
1336  |Info:    ------------------------------------------------------
1336  |Info:    |            Detecting libusb HID devices            |
1336  |Info:    ------------------------------------------------------
1336  |Info:    ------------------------------------------------------
1336  |Info:    |              Detecting other devices               |
1336  |Info:    ------------------------------------------------------
1410  |Info:    ------------------------------------------------------
1410  |Info:    |                Detection completed                 |
1410  |Info:    ------------------------------------------------------
1410  |Info:    Profile loading: Succeeded for B550 GAMING X V2 @ HID: /dev/hidraw2
1410  |Info:    Profile loading: Succeeded for Glorious Model O / O- @ HID: /dev/hidraw1
