    OpenRGB v0.9
    Commit:  from 
    Launched: 20241015_012924
====================================================================================================

1     |Info:    Found file: white.orp attempting to validate header
2     |Info:    Valid v4 profile found for white
1171  |Info:    ------------------------------------------------------
1171  |Info:    |               Start device detection               |
1171  |Info:    ------------------------------------------------------
1171  |Info:    Initializing HID interfaces: Success
1176  |Info:    ------------------------------------------------------
1176  |Info:    |             Detecting I2C interfaces               |
1176  |Info:    ------------------------------------------------------
1176  |Info:    Registering I2C interface: /dev/i2c-3 Device 1002:73DF Subsystem: 1EAE:6710
1176  |Info:    Registering I2C interface: /dev/i2c-1 Device 1002:73DF Subsystem: 1EAE:6710
1176  |Warning: [i2c_smbus_linux] Failed to read i2c device PCI device ID
1176  |Info:    Registering I2C interface: /dev/i2c-8 Device 0000:0000 Subsystem: 0000:0000
1176  |Warning: [i2c_smbus_linux] Failed to read i2c device PCI device ID
1176  |Info:    Registering I2C interface: /dev/i2c-6 Device 0000:0000 Subsystem: 0000:0000
1176  |Info:    Registering I2C interface: /dev/i2c-4 Device 1002:73DF Subsystem: 1EAE:6710
1177  |Info:    Registering I2C interface: /dev/i2c-2 Device 1002:73DF Subsystem: 1EAE:6710
1177  |Info:    Registering I2C interface: /dev/i2c-0 Device 1002:73DF Subsystem: 1EAE:6710
1177  |Warning: [i2c_smbus_linux] Failed to read i2c device PCI device ID
1177  |Info:    Registering I2C interface: /dev/i2c-7 Device 0000:0000 Subsystem: 0000:0000
1177  |Info:    Registering I2C interface: /dev/i2c-5 Device 1002:73DF Subsystem: 1EAE:6710
1177  |Info:    ------------------------------------------------------
1177  |Info:    |               Detecting I2C devices                |
1177  |Info:    ------------------------------------------------------
1219  |Info:    ------------------------------------------------------
1219  |Info:    |               Detecting I2C PCI devices            |
1219  |Info:    ------------------------------------------------------
1219  |Info:    ------------------------------------------------------
1219  |Info:    |               Detecting HID devices                |
1219  |Info:    ------------------------------------------------------
1399  |Info:    [B550 GAMING X V2] Registering RGB controller
1426  |Info:    [Glorious Model O / O-] Registering RGB controller
1426  |Info:    ------------------------------------------------------
1426  |Info:    |            Detecting libusb HID devices            |
1426  |Info:    ------------------------------------------------------
1426  |Info:    ------------------------------------------------------
1426  |Info:    |              Detecting other devices               |
1426  |Info:    ------------------------------------------------------
1438  |Info:    ------------------------------------------------------
1438  |Info:    |                Detection completed                 |
1438  |Info:    ------------------------------------------------------
1438  |Info:    Profile loading: Succeeded for B550 GAMING X V2 @ HID: /dev/hidraw1
1438  |Info:    Profile loading: Succeeded for Glorious Model O / O- @ HID: /dev/hidraw6
