    OpenRGB v0.9
    Commit:  from 
    Launched: 20240810_174232
====================================================================================================

2     |Info:    Found file: white.orp attempting to validate header
4     |Info:    Valid v4 profile found for white
1157  |Info:    ------------------------------------------------------
1157  |Info:    |               Start device detection               |
1157  |Info:    ------------------------------------------------------
1157  |Info:    Initializing HID interfaces: Success
1162  |Info:    ------------------------------------------------------
1162  |Info:    |             Detecting I2C interfaces               |
1162  |Info:    ------------------------------------------------------
1163  |Info:    Registering I2C interface: /dev/i2c-3 Device 1002:73DF Subsystem: 1EAE:6710
1163  |Info:    Registering I2C interface: /dev/i2c-1 Device 1002:73DF Subsystem: 1EAE:6710
1163  |Warning: [i2c_smbus_linux] Failed to read i2c device PCI device ID
1163  |Info:    Registering I2C interface: /dev/i2c-8 Device 0000:0000 Subsystem: 0000:0000
1163  |Warning: [i2c_smbus_linux] Failed to read i2c device PCI device ID
1163  |Info:    Registering I2C interface: /dev/i2c-6 Device 0000:0000 Subsystem: 0000:0000
1163  |Info:    Registering I2C interface: /dev/i2c-4 Device 1002:73DF Subsystem: 1EAE:6710
1163  |Info:    Registering I2C interface: /dev/i2c-2 Device 1002:73DF Subsystem: 1EAE:6710
1163  |Info:    Registering I2C interface: /dev/i2c-0 Device 1002:73DF Subsystem: 1EAE:6710
1163  |Warning: [i2c_smbus_linux] Failed to read i2c device PCI device ID
1163  |Info:    Registering I2C interface: /dev/i2c-7 Device 0000:0000 Subsystem: 0000:0000
1163  |Info:    Registering I2C interface: /dev/i2c-5 Device 1002:73DF Subsystem: 1EAE:6710
1163  |Info:    ------------------------------------------------------
1163  |Info:    |               Detecting I2C devices                |
1163  |Info:    ------------------------------------------------------
1204  |Info:    ------------------------------------------------------
1204  |Info:    |               Detecting I2C PCI devices            |
1204  |Info:    ------------------------------------------------------
1204  |Info:    ------------------------------------------------------
1204  |Info:    |               Detecting HID devices                |
1204  |Info:    ------------------------------------------------------
1381  |Info:    [B550 GAMING X V2] Registering RGB controller
1392  |Info:    [Glorious Model O / O-] Registering RGB controller
1392  |Info:    ------------------------------------------------------
1392  |Info:    |            Detecting libusb HID devices            |
1392  |Info:    ------------------------------------------------------
1392  |Info:    ------------------------------------------------------
1392  |Info:    |              Detecting other devices               |
1392  |Info:    ------------------------------------------------------
1405  |Info:    ------------------------------------------------------
1405  |Info:    |                Detection completed                 |
1405  |Info:    ------------------------------------------------------
1405  |Info:    Profile loading: Succeeded for B550 GAMING X V2 @ HID: /dev/hidraw2
1405  |Info:    Profile loading: Succeeded for Glorious Model O / O- @ HID: /dev/hidraw7
