    OpenRGB v0.9
    Commit:  from 
    Launched: 20241021_084817
====================================================================================================

25    |Info:    Found file: white.orp attempting to validate header
27    |Info:    Valid v4 profile found for white
1170  |Info:    ------------------------------------------------------
1189  |Info:    |               Start device detection               |
1189  |Info:    ------------------------------------------------------
1189  |Info:    Initializing HID interfaces: Success
1195  |Info:    ------------------------------------------------------
1195  |Info:    |             Detecting I2C interfaces               |
1195  |Info:    ------------------------------------------------------
1196  |Info:    Registering I2C interface: /dev/i2c-3 Device 1002:73DF Subsystem: 1EAE:6710
1196  |Info:    Registering I2C interface: /dev/i2c-1 Device 1002:73DF Subsystem: 1EAE:6710
1196  |Warning: [i2c_smbus_linux] Failed to read i2c device PCI device ID
1196  |Info:    Registering I2C interface: /dev/i2c-8 Device 0000:0000 Subsystem: 0000:0000
1196  |Warning: [i2c_smbus_linux] Failed to read i2c device PCI device ID
1196  |Info:    Registering I2C interface: /dev/i2c-6 Device 0000:0000 Subsystem: 0000:0000
1196  |Info:    Registering I2C interface: /dev/i2c-4 Device 1002:73DF Subsystem: 1EAE:6710
1196  |Info:    Registering I2C interface: /dev/i2c-2 Device 1002:73DF Subsystem: 1EAE:6710
1196  |Info:    Registering I2C interface: /dev/i2c-0 Device 1002:73DF Subsystem: 1EAE:6710
1196  |Warning: [i2c_smbus_linux] Failed to read i2c device PCI device ID
1196  |Info:    Registering I2C interface: /dev/i2c-7 Device 0000:0000 Subsystem: 0000:0000
1197  |Info:    Registering I2C interface: /dev/i2c-5 Device 1002:73DF Subsystem: 1EAE:6710
1197  |Info:    ------------------------------------------------------
1197  |Info:    |               Detecting I2C devices                |
1197  |Info:    ------------------------------------------------------
1267  |Info:    ------------------------------------------------------
1267  |Info:    |               Detecting I2C PCI devices            |
1267  |Info:    ------------------------------------------------------
1267  |Info:    ------------------------------------------------------
1267  |Info:    |               Detecting HID devices                |
1267  |Info:    ------------------------------------------------------
1464  |Info:    [B550 GAMING X V2] Registering RGB controller
1491  |Info:    [Glorious Model O / O-] Registering RGB controller
1491  |Info:    ------------------------------------------------------
1491  |Info:    |            Detecting libusb HID devices            |
1491  |Info:    ------------------------------------------------------
1491  |Info:    ------------------------------------------------------
1491  |Info:    |              Detecting other devices               |
1491  |Info:    ------------------------------------------------------
1548  |Info:    ------------------------------------------------------
1548  |Info:    |                Detection completed                 |
1548  |Info:    ------------------------------------------------------
1548  |Info:    Profile loading: Succeeded for B550 GAMING X V2 @ HID: /dev/hidraw1
1548  |Info:    Profile loading: Succeeded for Glorious Model O / O- @ HID: /dev/hidraw8
