    OpenRGB v0.9
    Commit:  from 
    Launched: 20240911_120921
====================================================================================================

1     |Info:    Found file: white.orp attempting to validate header
1     |Info:    Valid v4 profile found for white
1098  |Info:    ------------------------------------------------------
1098  |Info:    |               Start device detection               |
1098  |Info:    ------------------------------------------------------
1098  |Info:    Initializing HID interfaces: Success
1104  |Info:    ------------------------------------------------------
1104  |Info:    |             Detecting I2C interfaces               |
1104  |Info:    ------------------------------------------------------
1105  |Info:    Registering I2C interface: /dev/i2c-3 Device 1002:73DF Subsystem: 1EAE:6710
1105  |Info:    Registering I2C interface: /dev/i2c-1 Device 1002:73DF Subsystem: 1EAE:6710
1105  |Warning: [i2c_smbus_linux] Failed to read i2c device PCI device ID
1105  |Info:    Registering I2C interface: /dev/i2c-8 Device 0000:0000 Subsystem: 0000:0000
1105  |Warning: [i2c_smbus_linux] Failed to read i2c device PCI device ID
1105  |Info:    Registering I2C interface: /dev/i2c-6 Device 0000:0000 Subsystem: 0000:0000
1105  |Info:    Registering I2C interface: /dev/i2c-4 Device 1002:73DF Subsystem: 1EAE:6710
1105  |Info:    Registering I2C interface: /dev/i2c-2 Device 1002:73DF Subsystem: 1EAE:6710
1105  |Info:    Registering I2C interface: /dev/i2c-0 Device 1002:73DF Subsystem: 1EAE:6710
1105  |Warning: [i2c_smbus_linux] Failed to read i2c device PCI device ID
1105  |Info:    Registering I2C interface: /dev/i2c-7 Device 0000:0000 Subsystem: 0000:0000
1106  |Info:    Registering I2C interface: /dev/i2c-5 Device 1002:73DF Subsystem: 1EAE:6710
1106  |Info:    ------------------------------------------------------
1106  |Info:    |               Detecting I2C devices                |
1106  |Info:    ------------------------------------------------------
1182  |Info:    ------------------------------------------------------
1182  |Info:    |               Detecting I2C PCI devices            |
1182  |Info:    ------------------------------------------------------
1182  |Info:    ------------------------------------------------------
1182  |Info:    |               Detecting HID devices                |
1182  |Info:    ------------------------------------------------------
1358  |Info:    [B550 GAMING X V2] Registering RGB controller
1369  |Info:    [Glorious Model O / O-] Registering RGB controller
1369  |Info:    ------------------------------------------------------
1369  |Info:    |            Detecting libusb HID devices            |
1369  |Info:    ------------------------------------------------------
1369  |Info:    ------------------------------------------------------
1369  |Info:    |              Detecting other devices               |
1369  |Info:    ------------------------------------------------------
1380  |Info:    ------------------------------------------------------
1380  |Info:    |                Detection completed                 |
1380  |Info:    ------------------------------------------------------
1381  |Info:    Profile loading: Succeeded for B550 GAMING X V2 @ HID: /dev/hidraw2
1381  |Info:    Profile loading: Succeeded for Glorious Model O / O- @ HID: /dev/hidraw1
