    OpenRGB v0.9
    Commit:  from 
    Launched: 20241009_115431
====================================================================================================

1     |Info:    Found file: white.orp attempting to validate header
2     |Info:    Valid v4 profile found for white
1028  |Info:    ------------------------------------------------------
1028  |Info:    |               Start device detection               |
1028  |Info:    ------------------------------------------------------
1028  |Info:    Initializing HID interfaces: Success
1033  |Info:    ------------------------------------------------------
1033  |Info:    |             Detecting I2C interfaces               |
1033  |Info:    ------------------------------------------------------
1033  |Info:    Registering I2C interface: /dev/i2c-3 Device 1002:73DF Subsystem: 1EAE:6710
1033  |Info:    Registering I2C interface: /dev/i2c-1 Device 1002:73DF Subsystem: 1EAE:6710
1033  |Warning: [i2c_smbus_linux] Failed to read i2c device PCI device ID
1033  |Info:    Registering I2C interface: /dev/i2c-8 Device 0000:0000 Subsystem: 0000:0000
1033  |Warning: [i2c_smbus_linux] Failed to read i2c device PCI device ID
1033  |Info:    Registering I2C interface: /dev/i2c-6 Device 0000:0000 Subsystem: 0000:0000
1033  |Info:    Registering I2C interface: /dev/i2c-4 Device 1002:73DF Subsystem: 1EAE:6710
1034  |Info:    Registering I2C interface: /dev/i2c-2 Device 1002:73DF Subsystem: 1EAE:6710
1034  |Info:    Registering I2C interface: /dev/i2c-0 Device 1002:73DF Subsystem: 1EAE:6710
1034  |Warning: [i2c_smbus_linux] Failed to read i2c device PCI device ID
1034  |Info:    Registering I2C interface: /dev/i2c-7 Device 0000:0000 Subsystem: 0000:0000
1034  |Info:    Registering I2C interface: /dev/i2c-5 Device 1002:73DF Subsystem: 1EAE:6710
1034  |Info:    ------------------------------------------------------
1034  |Info:    |               Detecting I2C devices                |
1034  |Info:    ------------------------------------------------------
1076  |Info:    ------------------------------------------------------
1076  |Info:    |               Detecting I2C PCI devices            |
1076  |Info:    ------------------------------------------------------
1077  |Info:    ------------------------------------------------------
1077  |Info:    |               Detecting HID devices                |
1077  |Info:    ------------------------------------------------------
1253  |Info:    [B550 GAMING X V2] Registering RGB controller
1280  |Info:    [Glorious Model O / O-] Registering RGB controller
1280  |Info:    ------------------------------------------------------
1280  |Info:    |            Detecting libusb HID devices            |
1280  |Info:    ------------------------------------------------------
1280  |Info:    ------------------------------------------------------
1280  |Info:    |              Detecting other devices               |
1280  |Info:    ------------------------------------------------------
1290  |Info:    ------------------------------------------------------
1290  |Info:    |                Detection completed                 |
1290  |Info:    ------------------------------------------------------
1290  |Info:    Profile loading: Succeeded for B550 GAMING X V2 @ HID: /dev/hidraw1
1290  |Info:    Profile loading: Succeeded for Glorious Model O / O- @ HID: /dev/hidraw6
