    OpenRGB v0.9
    Commit:  from 
    Launched: 20240807_145913
====================================================================================================

3     |Info:    Found file: white.orp attempting to validate header
5     |Info:    Valid v4 profile found for white
1041  |Info:    ------------------------------------------------------
1041  |Info:    |               Start device detection               |
1041  |Info:    ------------------------------------------------------
1042  |Info:    Initializing HID interfaces: Success
1047  |Info:    ------------------------------------------------------
1047  |Info:    |             Detecting I2C interfaces               |
1047  |Info:    ------------------------------------------------------
1047  |Info:    Registering I2C interface: /dev/i2c-3 Device 1002:73DF Subsystem: 1EAE:6710
1047  |Info:    Registering I2C interface: /dev/i2c-1 Device 1002:73DF Subsystem: 1EAE:6710
1047  |Warning: [i2c_smbus_linux] Failed to read i2c device PCI device ID
1048  |Info:    Registering I2C interface: /dev/i2c-8 Device 0000:0000 Subsystem: 0000:0000
1048  |Warning: [i2c_smbus_linux] Failed to read i2c device PCI device ID
1048  |Info:    Registering I2C interface: /dev/i2c-6 Device 0000:0000 Subsystem: 0000:0000
1048  |Info:    Registering I2C interface: /dev/i2c-4 Device 1002:73DF Subsystem: 1EAE:6710
1048  |Info:    Registering I2C interface: /dev/i2c-2 Device 1002:73DF Subsystem: 1EAE:6710
1048  |Info:    Registering I2C interface: /dev/i2c-0 Device 1002:73DF Subsystem: 1EAE:6710
1048  |Warning: [i2c_smbus_linux] Failed to read i2c device PCI device ID
1048  |Info:    Registering I2C interface: /dev/i2c-7 Device 0000:0000 Subsystem: 0000:0000
1048  |Info:    Registering I2C interface: /dev/i2c-5 Device 1002:73DF Subsystem: 1EAE:6710
1048  |Info:    ------------------------------------------------------
1048  |Info:    |               Detecting I2C devices                |
1048  |Info:    ------------------------------------------------------
1106  |Info:    ------------------------------------------------------
1106  |Info:    |               Detecting I2C PCI devices            |
1106  |Info:    ------------------------------------------------------
1106  |Info:    ------------------------------------------------------
1106  |Info:    |               Detecting HID devices                |
1106  |Info:    ------------------------------------------------------
1283  |Info:    [B550 GAMING X V2] Registering RGB controller
1294  |Info:    [Glorious Model O / O-] Registering RGB controller
1294  |Info:    ------------------------------------------------------
1294  |Info:    |            Detecting libusb HID devices            |
1294  |Info:    ------------------------------------------------------
1294  |Info:    ------------------------------------------------------
1294  |Info:    |              Detecting other devices               |
1294  |Info:    ------------------------------------------------------
1309  |Info:    ------------------------------------------------------
1309  |Info:    |                Detection completed                 |
1309  |Info:    ------------------------------------------------------
1309  |Info:    Profile loading: Succeeded for B550 GAMING X V2 @ HID: /dev/hidraw2
1309  |Info:    Profile loading: Succeeded for Glorious Model O / O- @ HID: /dev/hidraw7
