    OpenRGB v0.9
    Commit:  from 
    Launched: 20240817_212410
====================================================================================================

3     |Info:    Found file: white.orp attempting to validate header
4     |Info:    Valid v4 profile found for white
1160  |Info:    ------------------------------------------------------
1160  |Info:    |               Start device detection               |
1160  |Info:    ------------------------------------------------------
1160  |Info:    Initializing HID interfaces: Success
1165  |Info:    ------------------------------------------------------
1165  |Info:    |             Detecting I2C interfaces               |
1165  |Info:    ------------------------------------------------------
1165  |Info:    Registering I2C interface: /dev/i2c-3 Device 1002:73DF Subsystem: 1EAE:6710
1165  |Info:    Registering I2C interface: /dev/i2c-1 Device 1002:73DF Subsystem: 1EAE:6710
1166  |Warning: [i2c_smbus_linux] Failed to read i2c device PCI device ID
1166  |Info:    Registering I2C interface: /dev/i2c-8 Device 0000:0000 Subsystem: 0000:0000
1166  |Warning: [i2c_smbus_linux] Failed to read i2c device PCI device ID
1166  |Info:    Registering I2C interface: /dev/i2c-6 Device 0000:0000 Subsystem: 0000:0000
1166  |Info:    Registering I2C interface: /dev/i2c-4 Device 1002:73DF Subsystem: 1EAE:6710
1166  |Info:    Registering I2C interface: /dev/i2c-2 Device 1002:73DF Subsystem: 1EAE:6710
1166  |Info:    Registering I2C interface: /dev/i2c-0 Device 1002:73DF Subsystem: 1EAE:6710
1166  |Warning: [i2c_smbus_linux] Failed to read i2c device PCI device ID
1166  |Info:    Registering I2C interface: /dev/i2c-7 Device 0000:0000 Subsystem: 0000:0000
1166  |Info:    Registering I2C interface: /dev/i2c-5 Device 1002:73DF Subsystem: 1EAE:6710
1166  |Info:    ------------------------------------------------------
1166  |Info:    |               Detecting I2C devices                |
1166  |Info:    ------------------------------------------------------
1237  |Info:    ------------------------------------------------------
1237  |Info:    |               Detecting I2C PCI devices            |
1237  |Info:    ------------------------------------------------------
1238  |Info:    ------------------------------------------------------
1238  |Info:    |               Detecting HID devices                |
1238  |Info:    ------------------------------------------------------
1418  |Info:    [B550 GAMING X V2] Registering RGB controller
1428  |Info:    [Glorious Model O / O-] Registering RGB controller
1428  |Info:    ------------------------------------------------------
1428  |Info:    |            Detecting libusb HID devices            |
1428  |Info:    ------------------------------------------------------
1429  |Info:    ------------------------------------------------------
1429  |Info:    |              Detecting other devices               |
1429  |Info:    ------------------------------------------------------
1440  |Info:    ------------------------------------------------------
1457  |Info:    |                Detection completed                 |
1457  |Info:    ------------------------------------------------------
1457  |Info:    Profile loading: Succeeded for B550 GAMING X V2 @ HID: /dev/hidraw2
1457  |Info:    Profile loading: Succeeded for Glorious Model O / O- @ HID: /dev/hidraw7
