    OpenRGB v0.91
    Commit:  from 
    Launched: 20250118_193224
====================================================================================================

1003  |Info:    Initializing HID interfaces: Success
1003  |Info:    ------------------------------------------------------
1003  |Info:    |               Start device detection               |
1003  |Info:    ------------------------------------------------------
1010  |Info:    ------------------------------------------------------
1010  |Info:    |             Detecting I2C interfaces               |
1010  |Info:    ------------------------------------------------------
1010  |Info:    Registering I2C interface: /dev/i2c-3 Device 1002:73DF Subsystem: 1EAE:6710
1010  |Info:    Registering I2C interface: /dev/i2c-1 Device 1002:73DF Subsystem: 1EAE:6710
1010  |Warning: [i2c_smbus_linux] Failed to read i2c device PCI device ID
1010  |Info:    Registering I2C interface: /dev/i2c-8 Device 0000:0000 Subsystem: 0000:0000
1010  |Warning: [i2c_smbus_linux] Failed to read i2c device PCI device ID
1010  |Info:    Registering I2C interface: /dev/i2c-6 Device 0000:0000 Subsystem: 0000:0000
1010  |Info:    Registering I2C interface: /dev/i2c-4 Device 1002:73DF Subsystem: 1EAE:6710
1010  |Info:    Registering I2C interface: /dev/i2c-2 Device 1002:73DF Subsystem: 1EAE:6710
1010  |Info:    Registering I2C interface: /dev/i2c-0 Device 1002:73DF Subsystem: 1EAE:6710
1010  |Warning: [i2c_smbus_linux] Failed to read i2c device PCI device ID
1011  |Info:    Registering I2C interface: /dev/i2c-7 Device 0000:0000 Subsystem: 0000:0000
1011  |Info:    Registering I2C interface: /dev/i2c-5 Device 1002:73DF Subsystem: 1EAE:6710
1011  |Info:    ------------------------------------------------------
1011  |Info:    |               Detecting I2C devices                |
1011  |Info:    ------------------------------------------------------
1052  |Info:    ------------------------------------------------------
1052  |Info:    |               Detecting I2C PCI devices            |
1052  |Info:    ------------------------------------------------------
1053  |Info:    ------------------------------------------------------
1053  |Info:    |               Detecting HID devices                |
1053  |Info:    ------------------------------------------------------
1230  |Info:    [B550 GAMING X V2] Registering RGB controller
2290  |Info:    [Corsair Harpoon RGB PRO] Registering RGB controller
2290  |Info:    ------------------------------------------------------
2290  |Info:    |            Detecting libusb HID devices            |
2290  |Info:    ------------------------------------------------------
2290  |Info:    ------------------------------------------------------
2290  |Info:    |              Detecting other devices               |
2290  |Info:    ------------------------------------------------------
2298  |Info:    ------------------------------------------------------
2298  |Info:    |                Detection completed                 |
2298  |Info:    ------------------------------------------------------
