    OpenRGB v0.9
    Commit:  from 
    Launched: 20240904_213943
====================================================================================================

2     |Info:    Found file: white.orp attempting to validate header
3     |Info:    Valid v4 profile found for white
1206  |Info:    ------------------------------------------------------
1206  |Info:    |               Start device detection               |
1206  |Info:    ------------------------------------------------------
1207  |Info:    Initializing HID interfaces: Success
1212  |Info:    ------------------------------------------------------
1212  |Info:    |             Detecting I2C interfaces               |
1212  |Info:    ------------------------------------------------------
1212  |Info:    Registering I2C interface: /dev/i2c-3 Device 1002:73DF Subsystem: 1EAE:6710
1212  |Info:    Registering I2C interface: /dev/i2c-1 Device 1002:73DF Subsystem: 1EAE:6710
1212  |Warning: [i2c_smbus_linux] Failed to read i2c device PCI device ID
1212  |Info:    Registering I2C interface: /dev/i2c-8 Device 0000:0000 Subsystem: 0000:0000
1212  |Warning: [i2c_smbus_linux] Failed to read i2c device PCI device ID
1212  |Info:    Registering I2C interface: /dev/i2c-6 Device 0000:0000 Subsystem: 0000:0000
1212  |Info:    Registering I2C interface: /dev/i2c-4 Device 1002:73DF Subsystem: 1EAE:6710
1212  |Info:    Registering I2C interface: /dev/i2c-2 Device 1002:73DF Subsystem: 1EAE:6710
1212  |Info:    Registering I2C interface: /dev/i2c-0 Device 1002:73DF Subsystem: 1EAE:6710
1212  |Warning: [i2c_smbus_linux] Failed to read i2c device PCI device ID
1212  |Info:    Registering I2C interface: /dev/i2c-7 Device 0000:0000 Subsystem: 0000:0000
1212  |Info:    Registering I2C interface: /dev/i2c-5 Device 1002:73DF Subsystem: 1EAE:6710
1212  |Info:    ------------------------------------------------------
1212  |Info:    |               Detecting I2C devices                |
1212  |Info:    ------------------------------------------------------
1252  |Info:    ------------------------------------------------------
1252  |Info:    |               Detecting I2C PCI devices            |
1252  |Info:    ------------------------------------------------------
1253  |Info:    ------------------------------------------------------
1253  |Info:    |               Detecting HID devices                |
1253  |Info:    ------------------------------------------------------
1423  |Info:    [B550 GAMING X V2] Registering RGB controller
1434  |Info:    [Glorious Model O / O-] Registering RGB controller
1434  |Info:    ------------------------------------------------------
1434  |Info:    |            Detecting libusb HID devices            |
1434  |Info:    ------------------------------------------------------
1434  |Info:    ------------------------------------------------------
1434  |Info:    |              Detecting other devices               |
1434  |Info:    ------------------------------------------------------
1447  |Info:    ------------------------------------------------------
1447  |Info:    |                Detection completed                 |
1447  |Info:    ------------------------------------------------------
1447  |Info:    Profile loading: Succeeded for B550 GAMING X V2 @ HID: /dev/hidraw2
1447  |Info:    Profile loading: Succeeded for Glorious Model O / O- @ HID: /dev/hidraw1
