    OpenRGB v0.9
    Commit:  from 
    Launched: 20241007_101845
====================================================================================================

2     |Info:    Found file: white.orp attempting to validate header
3     |Info:    Valid v4 profile found for white
1149  |Info:    ------------------------------------------------------
1149  |Info:    |               Start device detection               |
1149  |Info:    ------------------------------------------------------
1149  |Info:    Initializing HID interfaces: Success
1154  |Info:    ------------------------------------------------------
1154  |Info:    |             Detecting I2C interfaces               |
1154  |Info:    ------------------------------------------------------
1154  |Info:    Registering I2C interface: /dev/i2c-3 Device 1002:73DF Subsystem: 1EAE:6710
1154  |Info:    Registering I2C interface: /dev/i2c-1 Device 1002:73DF Subsystem: 1EAE:6710
1154  |Warning: [i2c_smbus_linux] Failed to read i2c device PCI device ID
1154  |Info:    Registering I2C interface: /dev/i2c-8 Device 0000:0000 Subsystem: 0000:0000
1154  |Warning: [i2c_smbus_linux] Failed to read i2c device PCI device ID
1154  |Info:    Registering I2C interface: /dev/i2c-6 Device 0000:0000 Subsystem: 0000:0000
1154  |Info:    Registering I2C interface: /dev/i2c-4 Device 1002:73DF Subsystem: 1EAE:6710
1154  |Info:    Registering I2C interface: /dev/i2c-2 Device 1002:73DF Subsystem: 1EAE:6710
1154  |Info:    Registering I2C interface: /dev/i2c-0 Device 1002:73DF Subsystem: 1EAE:6710
1154  |Warning: [i2c_smbus_linux] Failed to read i2c device PCI device ID
1154  |Info:    Registering I2C interface: /dev/i2c-7 Device 0000:0000 Subsystem: 0000:0000
1154  |Info:    Registering I2C interface: /dev/i2c-5 Device 1002:73DF Subsystem: 1EAE:6710
1154  |Info:    ------------------------------------------------------
1154  |Info:    |               Detecting I2C devices                |
1154  |Info:    ------------------------------------------------------
1196  |Info:    ------------------------------------------------------
1196  |Info:    |               Detecting I2C PCI devices            |
1196  |Info:    ------------------------------------------------------
1196  |Info:    ------------------------------------------------------
1196  |Info:    |               Detecting HID devices                |
1196  |Info:    ------------------------------------------------------
1390  |Info:    [B550 GAMING X V2] Registering RGB controller
1417  |Info:    [Glorious Model O / O-] Registering RGB controller
1417  |Info:    ------------------------------------------------------
1417  |Info:    |            Detecting libusb HID devices            |
1417  |Info:    ------------------------------------------------------
1417  |Info:    ------------------------------------------------------
1417  |Info:    |              Detecting other devices               |
1417  |Info:    ------------------------------------------------------
1429  |Info:    ------------------------------------------------------
1429  |Info:    |                Detection completed                 |
1429  |Info:    ------------------------------------------------------
1429  |Info:    Profile loading: Succeeded for B550 GAMING X V2 @ HID: /dev/hidraw1
1429  |Info:    Profile loading: Succeeded for Glorious Model O / O- @ HID: /dev/hidraw6
