    OpenRGB v0.91
    Commit:  from 
    Launched: 20250101_181121
====================================================================================================

1005  |Info:    Initializing HID interfaces: Success
1005  |Info:    ------------------------------------------------------
1005  |Info:    |               Start device detection               |
1005  |Info:    ------------------------------------------------------
1011  |Info:    ------------------------------------------------------
1011  |Info:    |             Detecting I2C interfaces               |
1011  |Info:    ------------------------------------------------------
1011  |Info:    Registering I2C interface: /dev/i2c-3 Device 1002:73DF Subsystem: 1EAE:6710
1011  |Info:    Registering I2C interface: /dev/i2c-1 Device 1002:73DF Subsystem: 1EAE:6710
1012  |Warning: [i2c_smbus_linux] Failed to read i2c device PCI device ID
1012  |Info:    Registering I2C interface: /dev/i2c-8 Device 0000:0000 Subsystem: 0000:0000
1012  |Warning: [i2c_smbus_linux] Failed to read i2c device PCI device ID
1012  |Info:    Registering I2C interface: /dev/i2c-6 Device 0000:0000 Subsystem: 0000:0000
1012  |Info:    Registering I2C interface: /dev/i2c-4 Device 1002:73DF Subsystem: 1EAE:6710
1012  |Info:    Registering I2C interface: /dev/i2c-2 Device 1002:73DF Subsystem: 1EAE:6710
1012  |Info:    Registering I2C interface: /dev/i2c-0 Device 1002:73DF Subsystem: 1EAE:6710
1012  |Warning: [i2c_smbus_linux] Failed to read i2c device PCI device ID
1012  |Info:    Registering I2C interface: /dev/i2c-7 Device 0000:0000 Subsystem: 0000:0000
1012  |Info:    Registering I2C interface: /dev/i2c-5 Device 1002:73DF Subsystem: 1EAE:6710
1012  |Info:    ------------------------------------------------------
1012  |Info:    |               Detecting I2C devices                |
1012  |Info:    ------------------------------------------------------
1051  |Info:    ------------------------------------------------------
1051  |Info:    |               Detecting I2C PCI devices            |
1051  |Info:    ------------------------------------------------------
1051  |Info:    ------------------------------------------------------
1051  |Info:    |               Detecting HID devices                |
1051  |Info:    ------------------------------------------------------
1224  |Info:    [B550 GAMING X V2] Registering RGB controller
2284  |Info:    [Corsair Harpoon RGB PRO] Registering RGB controller
2284  |Info:    ------------------------------------------------------
2284  |Info:    |            Detecting libusb HID devices            |
2284  |Info:    ------------------------------------------------------
2284  |Info:    ------------------------------------------------------
2284  |Info:    |              Detecting other devices               |
2284  |Info:    ------------------------------------------------------
2292  |Info:    ------------------------------------------------------
2292  |Info:    |                Detection completed                 |
2292  |Info:    ------------------------------------------------------
