    OpenRGB v0.9
    Commit:  from 
    Launched: 20240911_115936
====================================================================================================

1     |Info:    Found file: white.orp attempting to validate header
1     |Info:    Valid v4 profile found for white
1169  |Info:    ------------------------------------------------------
1169  |Info:    |               Start device detection               |
1169  |Info:    ------------------------------------------------------
1170  |Info:    Initializing HID interfaces: Success
1175  |Info:    ------------------------------------------------------
1175  |Info:    |             Detecting I2C interfaces               |
1175  |Info:    ------------------------------------------------------
1175  |Info:    Registering I2C interface: /dev/i2c-3 Device 1002:73DF Subsystem: 1EAE:6710
1176  |Info:    Registering I2C interface: /dev/i2c-1 Device 1002:73DF Subsystem: 1EAE:6710
1176  |Warning: [i2c_smbus_linux] Failed to read i2c device PCI device ID
1176  |Info:    Registering I2C interface: /dev/i2c-8 Device 0000:0000 Subsystem: 0000:0000
1176  |Warning: [i2c_smbus_linux] Failed to read i2c device PCI device ID
1176  |Info:    Registering I2C interface: /dev/i2c-6 Device 0000:0000 Subsystem: 0000:0000
1176  |Info:    Registering I2C interface: /dev/i2c-4 Device 1002:73DF Subsystem: 1EAE:6710
1176  |Info:    Registering I2C interface: /dev/i2c-2 Device 1002:73DF Subsystem: 1EAE:6710
1176  |Info:    Registering I2C interface: /dev/i2c-0 Device 1002:73DF Subsystem: 1EAE:6710
1176  |Warning: [i2c_smbus_linux] Failed to read i2c device PCI device ID
1176  |Info:    Registering I2C interface: /dev/i2c-7 Device 0000:0000 Subsystem: 0000:0000
1176  |Info:    Registering I2C interface: /dev/i2c-5 Device 1002:73DF Subsystem: 1EAE:6710
1176  |Info:    ------------------------------------------------------
1176  |Info:    |               Detecting I2C devices                |
1176  |Info:    ------------------------------------------------------
1216  |Info:    ------------------------------------------------------
1216  |Info:    |               Detecting I2C PCI devices            |
1216  |Info:    ------------------------------------------------------
1217  |Info:    ------------------------------------------------------
1217  |Info:    |               Detecting HID devices                |
1217  |Info:    ------------------------------------------------------
1395  |Info:    [B550 GAMING X V2] Registering RGB controller
1405  |Info:    [Glorious Model O / O-] Registering RGB controller
1405  |Info:    ------------------------------------------------------
1405  |Info:    |            Detecting libusb HID devices            |
1405  |Info:    ------------------------------------------------------
1405  |Info:    ------------------------------------------------------
1405  |Info:    |              Detecting other devices               |
1405  |Info:    ------------------------------------------------------
1416  |Info:    ------------------------------------------------------
1416  |Info:    |                Detection completed                 |
1416  |Info:    ------------------------------------------------------
1416  |Info:    Profile loading: Succeeded for B550 GAMING X V2 @ HID: /dev/hidraw2
1416  |Info:    Profile loading: Succeeded for Glorious Model O / O- @ HID: /dev/hidraw1
