    OpenRGB v0.91
    Commit:  from 
    Launched: 20250116_160609
====================================================================================================

1049  |Info:    Initializing HID interfaces: Success
1049  |Info:    ------------------------------------------------------
1049  |Info:    |               Start device detection               |
1049  |Info:    ------------------------------------------------------
1055  |Info:    ------------------------------------------------------
1055  |Info:    |             Detecting I2C interfaces               |
1055  |Info:    ------------------------------------------------------
1055  |Info:    Registering I2C interface: /dev/i2c-3 Device 1002:73DF Subsystem: 1EAE:6710
1055  |Info:    Registering I2C interface: /dev/i2c-1 Device 1002:73DF Subsystem: 1EAE:6710
1055  |Warning: [i2c_smbus_linux] Failed to read i2c device PCI device ID
1055  |Info:    Registering I2C interface: /dev/i2c-8 Device 0000:0000 Subsystem: 0000:0000
1055  |Warning: [i2c_smbus_linux] Failed to read i2c device PCI device ID
1055  |Info:    Registering I2C interface: /dev/i2c-6 Device 0000:0000 Subsystem: 0000:0000
1055  |Info:    Registering I2C interface: /dev/i2c-4 Device 1002:73DF Subsystem: 1EAE:6710
1055  |Info:    Registering I2C interface: /dev/i2c-2 Device 1002:73DF Subsystem: 1EAE:6710
1055  |Info:    Registering I2C interface: /dev/i2c-0 Device 1002:73DF Subsystem: 1EAE:6710
1056  |Warning: [i2c_smbus_linux] Failed to read i2c device PCI device ID
1056  |Info:    Registering I2C interface: /dev/i2c-7 Device 0000:0000 Subsystem: 0000:0000
1056  |Info:    Registering I2C interface: /dev/i2c-5 Device 1002:73DF Subsystem: 1EAE:6710
1056  |Info:    ------------------------------------------------------
1056  |Info:    |               Detecting I2C devices                |
1056  |Info:    ------------------------------------------------------
1094  |Info:    ------------------------------------------------------
1094  |Info:    |               Detecting I2C PCI devices            |
1094  |Info:    ------------------------------------------------------
1095  |Info:    ------------------------------------------------------
1095  |Info:    |               Detecting HID devices                |
1095  |Info:    ------------------------------------------------------
1270  |Info:    [B550 GAMING X V2] Registering RGB controller
2329  |Info:    [Corsair Harpoon RGB PRO] Registering RGB controller
2329  |Info:    ------------------------------------------------------
2329  |Info:    |            Detecting libusb HID devices            |
2329  |Info:    ------------------------------------------------------
2329  |Info:    ------------------------------------------------------
2329  |Info:    |              Detecting other devices               |
2329  |Info:    ------------------------------------------------------
2337  |Info:    ------------------------------------------------------
2337  |Info:    |                Detection completed                 |
2337  |Info:    ------------------------------------------------------
