    OpenRGB v0.9
    Commit:  from 
    Launched: 20241004_170348
====================================================================================================

3     |Info:    Found file: white.orp attempting to validate header
4     |Info:    Valid v4 profile found for white
1026  |Info:    ------------------------------------------------------
1026  |Info:    |               Start device detection               |
1026  |Info:    ------------------------------------------------------
1026  |Info:    Initializing HID interfaces: Success
1031  |Info:    ------------------------------------------------------
1031  |Info:    |             Detecting I2C interfaces               |
1031  |Info:    ------------------------------------------------------
1031  |Info:    Registering I2C interface: /dev/i2c-3 Device 1002:73DF Subsystem: 1EAE:6710
1031  |Info:    Registering I2C interface: /dev/i2c-1 Device 1002:73DF Subsystem: 1EAE:6710
1031  |Warning: [i2c_smbus_linux] Failed to read i2c device PCI device ID
1031  |Info:    Registering I2C interface: /dev/i2c-8 Device 0000:0000 Subsystem: 0000:0000
1031  |Warning: [i2c_smbus_linux] Failed to read i2c device PCI device ID
1031  |Info:    Registering I2C interface: /dev/i2c-6 Device 0000:0000 Subsystem: 0000:0000
1031  |Info:    Registering I2C interface: /dev/i2c-4 Device 1002:73DF Subsystem: 1EAE:6710
1031  |Info:    Registering I2C interface: /dev/i2c-2 Device 1002:73DF Subsystem: 1EAE:6710
1031  |Info:    Registering I2C interface: /dev/i2c-0 Device 1002:73DF Subsystem: 1EAE:6710
1031  |Warning: [i2c_smbus_linux] Failed to read i2c device PCI device ID
1031  |Info:    Registering I2C interface: /dev/i2c-7 Device 0000:0000 Subsystem: 0000:0000
1032  |Info:    Registering I2C interface: /dev/i2c-5 Device 1002:73DF Subsystem: 1EAE:6710
1032  |Info:    ------------------------------------------------------
1032  |Info:    |               Detecting I2C devices                |
1032  |Info:    ------------------------------------------------------
1071  |Info:    ------------------------------------------------------
1071  |Info:    |               Detecting I2C PCI devices            |
1071  |Info:    ------------------------------------------------------
1072  |Info:    ------------------------------------------------------
1072  |Info:    |               Detecting HID devices                |
1072  |Info:    ------------------------------------------------------
1246  |Info:    [B550 GAMING X V2] Registering RGB controller
1257  |Info:    [Glorious Model O / O-] Registering RGB controller
1257  |Info:    ------------------------------------------------------
1257  |Info:    |            Detecting libusb HID devices            |
1257  |Info:    ------------------------------------------------------
1257  |Info:    ------------------------------------------------------
1257  |Info:    |              Detecting other devices               |
1257  |Info:    ------------------------------------------------------
1269  |Info:    ------------------------------------------------------
1269  |Info:    |                Detection completed                 |
1269  |Info:    ------------------------------------------------------
1269  |Info:    Profile loading: Succeeded for B550 GAMING X V2 @ HID: /dev/hidraw0
1269  |Info:    Profile loading: Succeeded for Glorious Model O / O- @ HID: /dev/hidraw6
