    OpenRGB v0.9
    Commit:  from 
    Launched: 20240712_010625
====================================================================================================

1     |Info:    Found file: white.orp attempting to validate header
1     |Info:    Valid v4 profile found for white
1068  |Info:    ------------------------------------------------------
1068  |Info:    |               Start device detection               |
1068  |Info:    ------------------------------------------------------
1069  |Info:    Initializing HID interfaces: Success
1074  |Info:    ------------------------------------------------------
1074  |Info:    |             Detecting I2C interfaces               |
1074  |Info:    ------------------------------------------------------
1074  |Info:    Registering I2C interface: /dev/i2c-3 Device 1002:73DF Subsystem: 1EAE:6710
1074  |Info:    Registering I2C interface: /dev/i2c-1 Device 1002:73DF Subsystem: 1EAE:6710
1074  |Warning: [i2c_smbus_linux] Failed to read i2c device PCI device ID
1074  |Info:    Registering I2C interface: /dev/i2c-8 Device 0000:0000 Subsystem: 0000:0000
1074  |Warning: [i2c_smbus_linux] Failed to read i2c device PCI device ID
1074  |Info:    Registering I2C interface: /dev/i2c-6 Device 0000:0000 Subsystem: 0000:0000
1074  |Info:    Registering I2C interface: /dev/i2c-4 Device 1002:73DF Subsystem: 1EAE:6710
1074  |Info:    Registering I2C interface: /dev/i2c-2 Device 1002:73DF Subsystem: 1EAE:6710
1074  |Info:    Registering I2C interface: /dev/i2c-0 Device 1002:73DF Subsystem: 1EAE:6710
1075  |Warning: [i2c_smbus_linux] Failed to read i2c device PCI device ID
1075  |Info:    Registering I2C interface: /dev/i2c-7 Device 0000:0000 Subsystem: 0000:0000
1075  |Info:    Registering I2C interface: /dev/i2c-5 Device 1002:73DF Subsystem: 1EAE:6710
1075  |Info:    ------------------------------------------------------
1075  |Info:    |               Detecting I2C devices                |
1075  |Info:    ------------------------------------------------------
1127  |Info:    ------------------------------------------------------
1127  |Info:    |               Detecting I2C PCI devices            |
1127  |Info:    ------------------------------------------------------
1128  |Info:    ------------------------------------------------------
1128  |Info:    |               Detecting HID devices                |
1128  |Info:    ------------------------------------------------------
1303  |Info:    [B550 GAMING X V2] Registering RGB controller
1314  |Info:    [Glorious Model O / O-] Registering RGB controller
1314  |Info:    ------------------------------------------------------
1314  |Info:    |            Detecting libusb HID devices            |
1314  |Info:    ------------------------------------------------------
1314  |Info:    ------------------------------------------------------
1314  |Info:    |              Detecting other devices               |
1314  |Info:    ------------------------------------------------------
1325  |Info:    ------------------------------------------------------
1325  |Info:    |                Detection completed                 |
1325  |Info:    ------------------------------------------------------
1325  |Info:    Profile loading: Succeeded for B550 GAMING X V2 @ HID: /dev/hidraw2
1325  |Info:    Profile loading: Succeeded for Glorious Model O / O- @ HID: /dev/hidraw1
