    OpenRGB v0.91
    Commit:  from 
    Launched: 20250101_002039
====================================================================================================

1004  |Info:    Initializing HID interfaces: Success
1004  |Info:    ------------------------------------------------------
1004  |Info:    |               Start device detection               |
1004  |Info:    ------------------------------------------------------
1010  |Info:    ------------------------------------------------------
1010  |Info:    |             Detecting I2C interfaces               |
1010  |Info:    ------------------------------------------------------
1010  |Info:    Registering I2C interface: /dev/i2c-3 Device 1002:73DF Subsystem: 1EAE:6710
1010  |Info:    Registering I2C interface: /dev/i2c-1 Device 1002:73DF Subsystem: 1EAE:6710
1010  |Warning: [i2c_smbus_linux] Failed to read i2c device PCI device ID
1010  |Info:    Registering I2C interface: /dev/i2c-8 Device 0000:0000 Subsystem: 0000:0000
1010  |Warning: [i2c_smbus_linux] Failed to read i2c device PCI device ID
1010  |Info:    Registering I2C interface: /dev/i2c-6 Device 0000:0000 Subsystem: 0000:0000
1011  |Info:    Registering I2C interface: /dev/i2c-4 Device 1002:73DF Subsystem: 1EAE:6710
1011  |Info:    Registering I2C interface: /dev/i2c-2 Device 1002:73DF Subsystem: 1EAE:6710
1011  |Info:    Registering I2C interface: /dev/i2c-0 Device 1002:73DF Subsystem: 1EAE:6710
1011  |Warning: [i2c_smbus_linux] Failed to read i2c device PCI device ID
1011  |Info:    Registering I2C interface: /dev/i2c-7 Device 0000:0000 Subsystem: 0000:0000
1011  |Info:    Registering I2C interface: /dev/i2c-5 Device 1002:73DF Subsystem: 1EAE:6710
1011  |Info:    ------------------------------------------------------
1011  |Info:    |               Detecting I2C devices                |
1011  |Info:    ------------------------------------------------------
1050  |Info:    ------------------------------------------------------
1050  |Info:    |               Detecting I2C PCI devices            |
1050  |Info:    ------------------------------------------------------
1050  |Info:    ------------------------------------------------------
1050  |Info:    |               Detecting HID devices                |
1050  |Info:    ------------------------------------------------------
1172  |Info:    [B550 GAMING X V2] Registering RGB controller
2182  |Info:    [Corsair Harpoon RGB PRO] Registering RGB controller
2182  |Info:    ------------------------------------------------------
2182  |Info:    |            Detecting libusb HID devices            |
2182  |Info:    ------------------------------------------------------
2182  |Info:    ------------------------------------------------------
2182  |Info:    |              Detecting other devices               |
2182  |Info:    ------------------------------------------------------
2190  |Info:    ------------------------------------------------------
2190  |Info:    |                Detection completed                 |
2190  |Info:    ------------------------------------------------------
