    OpenRGB v0.9
    Commit:  from 
    Launched: 20240906_120730
====================================================================================================

1     |Info:    Found file: white.orp attempting to validate header
1     |Info:    Valid v4 profile found for white
1322  |Info:    ------------------------------------------------------
1322  |Info:    |               Start device detection               |
1322  |Info:    ------------------------------------------------------
1322  |Info:    Initializing HID interfaces: Success
1327  |Info:    ------------------------------------------------------
1327  |Info:    |             Detecting I2C interfaces               |
1327  |Info:    ------------------------------------------------------
1328  |Info:    Registering I2C interface: /dev/i2c-3 Device 1002:73DF Subsystem: 1EAE:6710
1328  |Info:    Registering I2C interface: /dev/i2c-1 Device 1002:73DF Subsystem: 1EAE:6710
1328  |Warning: [i2c_smbus_linux] Failed to read i2c device PCI device ID
1328  |Info:    Registering I2C interface: /dev/i2c-8 Device 0000:0000 Subsystem: 0000:0000
1328  |Warning: [i2c_smbus_linux] Failed to read i2c device PCI device ID
1328  |Info:    Registering I2C interface: /dev/i2c-6 Device 0000:0000 Subsystem: 0000:0000
1328  |Info:    Registering I2C interface: /dev/i2c-4 Device 1002:73DF Subsystem: 1EAE:6710
1328  |Info:    Registering I2C interface: /dev/i2c-2 Device 1002:73DF Subsystem: 1EAE:6710
1328  |Info:    Registering I2C interface: /dev/i2c-0 Device 1002:73DF Subsystem: 1EAE:6710
1328  |Warning: [i2c_smbus_linux] Failed to read i2c device PCI device ID
1328  |Info:    Registering I2C interface: /dev/i2c-7 Device 0000:0000 Subsystem: 0000:0000
1328  |Info:    Registering I2C interface: /dev/i2c-5 Device 1002:73DF Subsystem: 1EAE:6710
1328  |Info:    ------------------------------------------------------
1328  |Info:    |               Detecting I2C devices                |
1328  |Info:    ------------------------------------------------------
1368  |Info:    ------------------------------------------------------
1368  |Info:    |               Detecting I2C PCI devices            |
1368  |Info:    ------------------------------------------------------
1368  |Info:    ------------------------------------------------------
1368  |Info:    |               Detecting HID devices                |
1368  |Info:    ------------------------------------------------------
1562  |Info:    [B550 GAMING X V2] Registering RGB controller
1573  |Info:    [Glorious Model O / O-] Registering RGB controller
1573  |Info:    ------------------------------------------------------
1573  |Info:    |            Detecting libusb HID devices            |
1573  |Info:    ------------------------------------------------------
1573  |Info:    ------------------------------------------------------
1573  |Info:    |              Detecting other devices               |
1573  |Info:    ------------------------------------------------------
1584  |Info:    ------------------------------------------------------
1584  |Info:    |                Detection completed                 |
1584  |Info:    ------------------------------------------------------
1585  |Info:    Profile loading: Succeeded for B550 GAMING X V2 @ HID: /dev/hidraw2
1585  |Info:    Profile loading: Succeeded for Glorious Model O / O- @ HID: /dev/hidraw1
