    OpenRGB v0.91
    Commit:  from 
    Launched: 20241117_160042
====================================================================================================

1073  |Info:    Initializing HID interfaces: Success
1073  |Info:    ------------------------------------------------------
1073  |Info:    |               Start device detection               |
1073  |Info:    ------------------------------------------------------
1079  |Info:    ------------------------------------------------------
1079  |Info:    |             Detecting I2C interfaces               |
1079  |Info:    ------------------------------------------------------
1079  |Info:    Registering I2C interface: /dev/i2c-3 Device 1002:73DF Subsystem: 1EAE:6710
1079  |Info:    Registering I2C interface: /dev/i2c-1 Device 1002:73DF Subsystem: 1EAE:6710
1079  |Warning: [i2c_smbus_linux] Failed to read i2c device PCI device ID
1079  |Info:    Registering I2C interface: /dev/i2c-8 Device 0000:0000 Subsystem: 0000:0000
1079  |Warning: [i2c_smbus_linux] Failed to read i2c device PCI device ID
1079  |Info:    Registering I2C interface: /dev/i2c-6 Device 0000:0000 Subsystem: 0000:0000
1080  |Info:    Registering I2C interface: /dev/i2c-4 Device 1002:73DF Subsystem: 1EAE:6710
1080  |Info:    Registering I2C interface: /dev/i2c-2 Device 1002:73DF Subsystem: 1EAE:6710
1080  |Info:    Registering I2C interface: /dev/i2c-0 Device 1002:73DF Subsystem: 1EAE:6710
1080  |Warning: [i2c_smbus_linux] Failed to read i2c device PCI device ID
1080  |Info:    Registering I2C interface: /dev/i2c-7 Device 0000:0000 Subsystem: 0000:0000
1080  |Info:    Registering I2C interface: /dev/i2c-5 Device 1002:73DF Subsystem: 1EAE:6710
1080  |Info:    ------------------------------------------------------
1080  |Info:    |               Detecting I2C devices                |
1080  |Info:    ------------------------------------------------------
1119  |Info:    ------------------------------------------------------
1119  |Info:    |               Detecting I2C PCI devices            |
1119  |Info:    ------------------------------------------------------
1119  |Info:    ------------------------------------------------------
1119  |Info:    |               Detecting HID devices                |
1119  |Info:    ------------------------------------------------------
1296  |Info:    [B550 GAMING X V2] Registering RGB controller
2356  |Info:    [Corsair Harpoon RGB PRO] Registering RGB controller
2357  |Info:    ------------------------------------------------------
2357  |Info:    |            Detecting libusb HID devices            |
2357  |Info:    ------------------------------------------------------
2357  |Info:    ------------------------------------------------------
2357  |Info:    |              Detecting other devices               |
2357  |Info:    ------------------------------------------------------
2365  |Info:    ------------------------------------------------------
2365  |Info:    |                Detection completed                 |
2365  |Info:    ------------------------------------------------------
