    OpenRGB v0.9
    Commit:  from 
    Launched: 20240908_185730
====================================================================================================

2     |Info:    Found file: white.orp attempting to validate header
3     |Info:    Valid v4 profile found for white
1214  |Info:    ------------------------------------------------------
1214  |Info:    |               Start device detection               |
1214  |Info:    ------------------------------------------------------
1214  |Info:    Initializing HID interfaces: Success
1220  |Info:    ------------------------------------------------------
1220  |Info:    |             Detecting I2C interfaces               |
1220  |Info:    ------------------------------------------------------
1220  |Info:    Registering I2C interface: /dev/i2c-3 Device 1002:73DF Subsystem: 1EAE:6710
1220  |Info:    Registering I2C interface: /dev/i2c-1 Device 1002:73DF Subsystem: 1EAE:6710
1220  |Warning: [i2c_smbus_linux] Failed to read i2c device PCI device ID
1220  |Info:    Registering I2C interface: /dev/i2c-8 Device 0000:0000 Subsystem: 0000:0000
1220  |Warning: [i2c_smbus_linux] Failed to read i2c device PCI device ID
1220  |Info:    Registering I2C interface: /dev/i2c-6 Device 0000:0000 Subsystem: 0000:0000
1220  |Info:    Registering I2C interface: /dev/i2c-4 Device 1002:73DF Subsystem: 1EAE:6710
1220  |Info:    Registering I2C interface: /dev/i2c-2 Device 1002:73DF Subsystem: 1EAE:6710
1220  |Info:    Registering I2C interface: /dev/i2c-0 Device 1002:73DF Subsystem: 1EAE:6710
1220  |Warning: [i2c_smbus_linux] Failed to read i2c device PCI device ID
1220  |Info:    Registering I2C interface: /dev/i2c-7 Device 0000:0000 Subsystem: 0000:0000
1221  |Info:    Registering I2C interface: /dev/i2c-5 Device 1002:73DF Subsystem: 1EAE:6710
1221  |Info:    ------------------------------------------------------
1221  |Info:    |               Detecting I2C devices                |
1221  |Info:    ------------------------------------------------------
1260  |Info:    ------------------------------------------------------
1260  |Info:    |               Detecting I2C PCI devices            |
1260  |Info:    ------------------------------------------------------
1261  |Info:    ------------------------------------------------------
1261  |Info:    |               Detecting HID devices                |
1261  |Info:    ------------------------------------------------------
1433  |Info:    [B550 GAMING X V2] Registering RGB controller
1444  |Info:    [Glorious Model O / O-] Registering RGB controller
1444  |Info:    ------------------------------------------------------
1444  |Info:    |            Detecting libusb HID devices            |
1444  |Info:    ------------------------------------------------------
1444  |Info:    ------------------------------------------------------
1444  |Info:    |              Detecting other devices               |
1444  |Info:    ------------------------------------------------------
1452  |Info:    ------------------------------------------------------
1452  |Info:    |                Detection completed                 |
1452  |Info:    ------------------------------------------------------
1453  |Info:    Profile loading: Succeeded for B550 GAMING X V2 @ HID: /dev/hidraw2
1453  |Info:    Profile loading: Succeeded for Glorious Model O / O- @ HID: /dev/hidraw1
