    OpenRGB v0.91
    Commit:  from 
    Launched: 20241105_144802
====================================================================================================

1043  |Info:    Initializing HID interfaces: Success
1045  |Info:    ------------------------------------------------------
1045  |Info:    |               Start device detection               |
1045  |Info:    ------------------------------------------------------
1052  |Info:    ------------------------------------------------------
1052  |Info:    |             Detecting I2C interfaces               |
1052  |Info:    ------------------------------------------------------
1052  |Info:    Registering I2C interface: /dev/i2c-3 Device 1002:73DF Subsystem: 1EAE:6710
1052  |Info:    Registering I2C interface: /dev/i2c-1 Device 1002:73DF Subsystem: 1EAE:6710
1052  |Warning: [i2c_smbus_linux] Failed to read i2c device PCI device ID
1052  |Info:    Registering I2C interface: /dev/i2c-8 Device 0000:0000 Subsystem: 0000:0000
1052  |Warning: [i2c_smbus_linux] Failed to read i2c device PCI device ID
1052  |Info:    Registering I2C interface: /dev/i2c-6 Device 0000:0000 Subsystem: 0000:0000
1053  |Info:    Registering I2C interface: /dev/i2c-4 Device 1002:73DF Subsystem: 1EAE:6710
1053  |Info:    Registering I2C interface: /dev/i2c-2 Device 1002:73DF Subsystem: 1EAE:6710
1053  |Info:    Registering I2C interface: /dev/i2c-0 Device 1002:73DF Subsystem: 1EAE:6710
1053  |Warning: [i2c_smbus_linux] Failed to read i2c device PCI device ID
1053  |Info:    Registering I2C interface: /dev/i2c-7 Device 0000:0000 Subsystem: 0000:0000
1053  |Info:    Registering I2C interface: /dev/i2c-5 Device 1002:73DF Subsystem: 1EAE:6710
1053  |Info:    ------------------------------------------------------
1053  |Info:    |               Detecting I2C devices                |
1053  |Info:    ------------------------------------------------------
1120  |Info:    ------------------------------------------------------
1120  |Info:    |               Detecting I2C PCI devices            |
1120  |Info:    ------------------------------------------------------
1121  |Info:    ------------------------------------------------------
1121  |Info:    |               Detecting HID devices                |
1121  |Info:    ------------------------------------------------------
1306  |Info:    [B550 GAMING X V2] Registering RGB controller
1336  |Info:    [Glorious Model O / O-] Registering RGB controller
1336  |Info:    ------------------------------------------------------
1336  |Info:    |            Detecting libusb HID devices            |
1336  |Info:    ------------------------------------------------------
1336  |Info:    ------------------------------------------------------
1336  |Info:    |              Detecting other devices               |
1336  |Info:    ------------------------------------------------------
1361  |Info:    ------------------------------------------------------
1361  |Info:    |                Detection completed                 |
1361  |Info:    ------------------------------------------------------
