    OpenRGB v0.9
    Commit:  from 
    Launched: 20240706_144510
====================================================================================================

22    |Info:    Found file: white.orp attempting to validate header
23    |Info:    Valid v4 profile found for white
1300  |Info:    ------------------------------------------------------
1300  |Info:    |               Start device detection               |
1300  |Info:    ------------------------------------------------------
1300  |Info:    Initializing HID interfaces: Success
1306  |Info:    ------------------------------------------------------
1306  |Info:    |             Detecting I2C interfaces               |
1306  |Info:    ------------------------------------------------------
1306  |Info:    Registering I2C interface: /dev/i2c-3 Device 1002:73DF Subsystem: 1EAE:6710
1306  |Warning: [i2c_smbus_linux] Failed to read i2c device PCI device ID
1307  |Info:    Registering I2C interface: /dev/i2c-8 Device 0000:0000 Subsystem: 0000:0000
1307  |Info:    Registering I2C interface: /dev/i2c-4 Device 1002:73DF Subsystem: 1EAE:6710
1307  |Info:    Registering I2C interface: /dev/i2c-0 Device 1002:73DF Subsystem: 1EAE:6710
1307  |Info:    Registering I2C interface: /dev/i2c-5 Device 1002:73DF Subsystem: 1EAE:6710
1307  |Info:    ------------------------------------------------------
1307  |Info:    |               Detecting I2C devices                |
1307  |Info:    ------------------------------------------------------
1324  |Info:    ------------------------------------------------------
1324  |Info:    |               Detecting I2C PCI devices            |
1324  |Info:    ------------------------------------------------------
1325  |Info:    ------------------------------------------------------
1325  |Info:    |               Detecting HID devices                |
1325  |Info:    ------------------------------------------------------
1508  |Info:    [B550 GAMING X V2] Registering RGB controller
1519  |Info:    [Glorious Model O / O-] Registering RGB controller
1519  |Info:    ------------------------------------------------------
1519  |Info:    |            Detecting libusb HID devices            |
1519  |Info:    ------------------------------------------------------
1519  |Info:    ------------------------------------------------------
1519  |Info:    |              Detecting other devices               |
1519  |Info:    ------------------------------------------------------
1537  |Info:    ------------------------------------------------------
1537  |Info:    |                Detection completed                 |
1537  |Info:    ------------------------------------------------------
1537  |Dialog:  <h2>WARNING:</h2><p>One or more I2C/SMBus interfaces failed to initialize.</p><p>RGB DRAM modules and some motherboards' onboard RGB lighting will not be available without I2C/SMBus.</p><p>On Linux, this is usually because the i2c-dev module is not loaded.  You must load the i2c-dev module along with the correct i2c driver for your motherboard.  This is usually i2c-piix4 for AMD systems and i2c-i801 for Intel systems.</p><p>See <a href='https://help.openrgb.org/'>help.openrgb.org</a> for additional troubleshooting steps if you keep seeing this message.<br></p>
1537  |Info:    Profile loading: Succeeded for B550 GAMING X V2 @ HID: /dev/hidraw2
1537  |Info:    Profile loading: Succeeded for Glorious Model O / O- @ HID: /dev/hidraw1
