    OpenRGB v0.9
    Commit:  from 
    Launched: 20240813_014318
====================================================================================================

105   |Info:    Found file: white.orp attempting to validate header
117   |Info:    Valid v4 profile found for white
1721  |Info:    ------------------------------------------------------
1721  |Info:    |               Start device detection               |
1721  |Info:    ------------------------------------------------------
1721  |Info:    Initializing HID interfaces: Success
1727  |Info:    ------------------------------------------------------
1727  |Info:    |             Detecting I2C interfaces               |
1727  |Info:    ------------------------------------------------------
1727  |Info:    Registering I2C interface: /dev/i2c-3 Device 1002:73DF Subsystem: 1EAE:6710
1727  |Info:    Registering I2C interface: /dev/i2c-1 Device 1002:73DF Subsystem: 1EAE:6710
1727  |Warning: [i2c_smbus_linux] Failed to read i2c device PCI device ID
1727  |Info:    Registering I2C interface: /dev/i2c-8 Device 0000:0000 Subsystem: 0000:0000
1727  |Warning: [i2c_smbus_linux] Failed to read i2c device PCI device ID
1727  |Info:    Registering I2C interface: /dev/i2c-6 Device 0000:0000 Subsystem: 0000:0000
1727  |Info:    Registering I2C interface: /dev/i2c-4 Device 1002:73DF Subsystem: 1EAE:6710
1727  |Info:    Registering I2C interface: /dev/i2c-2 Device 1002:73DF Subsystem: 1EAE:6710
1727  |Info:    Registering I2C interface: /dev/i2c-0 Device 1002:73DF Subsystem: 1EAE:6710
1727  |Warning: [i2c_smbus_linux] Failed to read i2c device PCI device ID
1727  |Info:    Registering I2C interface: /dev/i2c-7 Device 0000:0000 Subsystem: 0000:0000
1727  |Info:    Registering I2C interface: /dev/i2c-5 Device 1002:73DF Subsystem: 1EAE:6710
1727  |Info:    ------------------------------------------------------
1727  |Info:    |               Detecting I2C devices                |
1727  |Info:    ------------------------------------------------------
1785  |Info:    ------------------------------------------------------
1785  |Info:    |               Detecting I2C PCI devices            |
1785  |Info:    ------------------------------------------------------
1786  |Info:    ------------------------------------------------------
1786  |Info:    |               Detecting HID devices                |
1786  |Info:    ------------------------------------------------------
1987  |Info:    [B550 GAMING X V2] Registering RGB controller
1998  |Info:    [Glorious Model O / O-] Registering RGB controller
1998  |Info:    ------------------------------------------------------
1998  |Info:    |            Detecting libusb HID devices            |
1998  |Info:    ------------------------------------------------------
1998  |Info:    ------------------------------------------------------
1998  |Info:    |              Detecting other devices               |
1998  |Info:    ------------------------------------------------------
2010  |Info:    ------------------------------------------------------
2026  |Info:    |                Detection completed                 |
2026  |Info:    ------------------------------------------------------
2026  |Info:    Profile loading: Succeeded for B550 GAMING X V2 @ HID: /dev/hidraw2
2026  |Info:    Profile loading: Succeeded for Glorious Model O / O- @ HID: /dev/hidraw7
